melonDS 1.1
https://melonds.kuribo64.net
Opened "D:/Stuff/DevFolder/Smash64DS_Port/emulators/melonds\melonDS.toml" with FileMode 0x1 (effective mode "rb")
Opened "D:/Stuff/DevFolder/Smash64DS_Port/emulators/melonds\melonDS.toml" with FileMode 0x20 (effective mode "ab")
Opened "D:/Stuff/DevFolder/Smash64DS_Port/emulators/melonds\melonDS.toml" with FileMode 0x1 (effective mode "rb")
MP comm init OK
Audio output frequency: 48000 Hz
Audio output buffer size: 512 samples
Opened "D:\Stuff\DevFolder\Smash64DS_Port\smash64ds-battle-mariofox-gcrunall-loop-ftmanager.nds" with FileMode 0x1 (effective mode "rb")
Failed to open "D:\Stuff\DevFolder\Smash64DS_Port/smash64ds-battle-mariofox-gcrunall-loop-ftmanager.sav" with FileMode 0x1 (effective mode "rb")
Failed to open "D:\Stuff\DevFolder\Smash64DS_Port/smash64ds-battle-mariofox-gcrunall-loop-ftmanager.sav" with FileMode 0x1 (effective mode "rb")
Failed to open "D:\Stuff\DevFolder\Smash64DS_Port/smash64ds-battle-mariofox-gcrunall-loop-ftmanager.sav" with FileMode 0x1 (effective mode "rb")
ROM entry not found for gamecode 589505315
!! bad ROM size 3650560 (expected 4194304) rounded to 4194304
Failed to open "D:/Stuff/DevFolder/Smash64DS_Port/emulators/melonds\wfcsettings.bin" with FileMode 0x1 (effective mode "rb")
[GDB] initializing GDB stub for core 9 on port 3333
[GDB] initializing GDB stub for core 7 on port 3334
Resetting JIT block cache...
done resetting jit mem
done resetting jit mem
MAC: 00:09:BF:11:22:33
FW: WIFI CRC16 = GOOD
FW: AP1 CRC16 = GOOD
FW: AP2 CRC16 = GOOD
FW: AP3 CRC16 = GOOD
FW: USER0 CRC16 = GOOD
FW: USER1 CRC16 = GOOD
Opened "D:/Stuff/DevFolder/Smash64DS_Port/emulators/melonds\rtc.bin" with FileMode 0x1 (effective mode "rb")
No need to re-encrypt cart secure area
Inserted cart with game code: ####
Inserted cart with ID: 400003C2
ROM entry: 00400000 00000000
Ejected GBA cart
Failed to open "D:\Stuff\DevFolder\Smash64DS_Port/smash64ds-battle-mariofox-gcrunall-loop-ftmanager.mch" with FileMode 0x11 (effective mode "r")
Resetting JIT block cache...
done resetting jit mem
done resetting jit mem
MAC: 00:09:BF:11:22:33
FW: WIFI CRC16 = GOOD
FW: AP1 CRC16 = GOOD
FW: AP2 CRC16 = GOOD
FW: AP3 CRC16 = GOOD
FW: USER0 CRC16 = GOOD
FW: USER1 CRC16 = GOOD
remapping SWRAM
NDSCart: Initialized Key1_KeyBuf to zero
NDSCart: Initialized Key1_KeyBuf to zero
Secure area decryption failed
remapping DTCM 0 1000 ffffffff ffffffff
PU: region 0 = 04000033 : enabled, start: 04000000 size: 19
PU: region 0 = 04000033 : enabled, start: 04000000 size: 19
PU: region 1 = 0200002B : enabled, start: 02000000 size: 15
PU: region 1 = 0200002B : enabled, start: 02000000 size: 15
PU: region 2 = 00000000 : disabled, start: 00000000 size: 00
PU: region 2 = 00000000 : disabled, start: 00000000 size: 00
PU: region 3 = 08000035 : enabled, start: 08000000 size: 1A
PU: region 3 = 08000035 : enabled, start: 08000000 size: 1A
PU: region 4 = 0300001B : enabled, start: 03000000 size: 0D
PU: region 4 = 0300001B : enabled, start: 03000000 size: 0D
PU: region 5 = 00000000 : disabled, start: 00000000 size: 00
PU: region 5 = 00000000 : disabled, start: 00000000 size: 00
PU: region 6 = FFFF001D : enabled, start: FFFF0000 size: 0E
PU: region 6 = FFFF001D : enabled, start: FFFF0000 size: 0E
PU: region 7 = 027FF017 : enabled, start: 027FF000 size: 0B
PU: region 7 = 027FF017 : enabled, start: 027FF000 size: 0B
remapping DTCM 3000000 3004000 0 fffff000
Game is now booting
Opened "D:/Stuff/DevFolder/Smash64DS_Port/emulators/melonds\melonDS.toml" with FileMode 0x1 (effective mode "rb")
remapping DTCM ffffffff ffffffff 3000000 2ffc000
remapping DTCM 2ff0000 2ff4000 ffffffff ffffffff
Opened "D:/Stuff/DevFolder/Smash64DS_Port/emulators/melonds\melonDS.toml" with FileMode 0x20 (effective mode "ab")
PU: region 0 = 04000033 : enabled, start: 04000000 size: 19
Failed to open "D:\Stuff\DevFolder\Smash64DS_Port/smash64ds-battle-mariofox-gcrunall-loop-ftmanager.ml1" with FileMode 0x1 (effective mode "rb")
Failed to open "D:\Stuff\DevFolder\Smash64DS_Port/smash64ds-battle-mariofox-gcrunall-loop-ftmanager.ml2" with FileMode 0x1 (effective mode "rb")
Failed to open "D:\Stuff\DevFolder\Smash64DS_Port/smash64ds-battle-mariofox-gcrunall-loop-ftmanager.ml3" with FileMode 0x1 (effective mode "rb")
Failed to open "D:\Stuff\DevFolder\Smash64DS_Port/smash64ds-battle-mariofox-gcrunall-loop-ftmanager.ml4" with FileMode 0x1 (effective mode "rb")
PU: region 1 = 0200002B : enabled, start: 02000000 size: 15
Failed to open "D:\Stuff\DevFolder\Smash64DS_Port/smash64ds-battle-mariofox-gcrunall-loop-ftmanager.ml5" with FileMode 0x1 (effective mode "rb")
Failed to open "D:\Stuff\DevFolder\Smash64DS_Port/smash64ds-battle-mariofox-gcrunall-loop-ftmanager.ml6" with FileMode 0x1 (effective mode "rb")
Failed to open "D:\Stuff\DevFolder\Smash64DS_Port/smash64ds-battle-mariofox-gcrunall-loop-ftmanager.ml7" with FileMode 0x1 (effective mode "rb")
Failed to open "D:\Stuff\DevFolder\Smash64DS_Port/smash64ds-battle-mariofox-gcrunall-loop-ftmanager.ml8" with FileMode 0x1 (effective mode "rb")
PU: region 2 = 00000000 : disabled, start: 00000000 size: 00
PU: region 3 = 00000000 : disabled, start: 00000000 size: 00
PU: region 4 = 02FF001F : enabled, start: 02FF0000 size: 0F
PU: region 5 = 01FF801D : enabled, start: 01FF8000 size: 0E
PU: region 6 = FFFF001D : enabled, start: FFFF0000 size: 0E
PU: region 7 = 00000017 : enabled, start: 00000000 size: 0B
PU region 0: 04000000-07FFFFFF, user=03 priv=03, 06330033/66600060
PU region 1: 02000000-023FFFFF, user=77 priv=77, 06330033/66600060
PU region 4: 02FF0000-02FFFFFF, user=03 priv=03, 06330033/66600060
PU region 5: 01FF8000-01FFFFFF, user=07 priv=07, 06330033/66600060
PU region 6: FFFF0000-FFFF7FFF, user=55 priv=55, 06330033/66600060
PU region 7: 00000000-00000FFF, user=04 priv=04, 06330033/66600060
unknown ARM9 IO write32 04001060 00000000 02068BFC
unknown ARM9 IO write32 04001064 00000000 02068BFC
unknown ARM9 IO write32 04001068 00000000 02068BFC
[GDB] send ack
[GDB] found pkt, checksumGot: ec vs ec
[GDB] command in: 'qSupported:multiprocess+;swbreak+;hwbreak+;qRelocInsn+;fork-events+;vfork-events+;exec-events+;vContSupported+;QThreadEvents+;no-resumed+;memory-tagging+'
[GDB] send ack
[GDB] send resp: '$PacketSize=47F;qXfer:features:read+;swbreak-;hwbreak+;QStartNoAckMode+#73'
[GDB] got ack: '+'
[GDB] found pkt, checksumGot: 49 vs 49
[GDB] command in: 'vCont?'
[GDB] send ack
[GDB] send resp: '$vCont;c;s;t#05'
[GDB] got ack: '+'
[GDB] found pkt, checksumGot: 3a vs 3a
[GDB] command in: 'vMustReplyEmpty'
[GDB] send ack
must reply empty
[GDB] send resp: '$#00'
[GDB] got ack: '+'
[GDB] found pkt, checksumGot: b0 vs b0
[GDB] command in: 'QStartNoAckMode'
[GDB] send ack
[GDB] send resp: '$OK#9a'
[GDB] found pkt, checksumGot: df vs df
[GDB] command in: 'Hg0'
[GDB] send resp: '$OK#9a'
[GDB] found pkt, checksumGot: 17 vs 17
[GDB] command in: 'qXfer:features:read:target.xml:0,47a'
[GDB] CPU type = 9
[GDB qresp] query='0,47a'
[GDB qresp] qaddr=0 qlen=1146 left=2138 outlen=1146
[GDB] send resp: '$m<target version="1.0"><architecture>armv5te</architecture><osabi>none</osabi><feature name="org.gnu.gdb.arm.core"><reg name="r0" bitsize="32" type="uint32"/><reg name="r1" bitsize="32" type="uint32"/><reg name="r2" bitsize="32" type="uint32"/><reg name="r3" bitsize="32" type="uint32"/><reg name="r4" bitsize="32" type="uint32"/><reg name="r5" bitsize="32" type="uint32"/><reg name="r6" bitsize="32" type="uint32"/><reg name="r7" bitsize="32" type="uint32"/><reg name="r8" bitsize="32" type="uint32"/><reg name="r9" bitsize="32" type="uint32"/><reg name="r10" bitsize="32" type="uint32"/><reg name="r11" bitsize="32" type="uint32"/><reg name="r12" bitsize="32" type="uint32"/><reg name="sp" bitsize="32" type="data_ptr"/><reg name="lr" bitsize="32" type="code_ptr"/><reg name="pc" bitsize="32" type="code_ptr"/><reg name="cpsr" bitsize="32" regnum="25"/><reg name="sp_usr" bitsize="32" regnum="26" type="data_ptr"/><reg name="lr_usr" bitsize="32" regnum="27" type="code_ptr"/><reg name="r8_fiq" bitsize="32" type="uint32" regnum="28"/><reg name="r9_fiq" bitsize="32" type="uint32" regnum="29"/><reg name="r10_fiq" bitsize="32" type="uint32" regnu#58'
[GDB] found pkt, checks