melonDS 1.1
https://melonds.kuribo64.net
Opened "D:/Stuff/DevFolder/Smash64DS_Port/emulators/melonds\melonDS.toml" with FileMode 0x1 (effective mode "rb")
Opened "D:/Stuff/DevFolder/Smash64DS_Port/emulators/melonds\melonDS.toml" with FileMode 0x20 (effective mode "ab")
Opened "D:/Stuff/DevFolder/Smash64DS_Port/emulators/melonds\melonDS.toml" with FileMode 0x1 (effective mode "rb")
MP comm init OK
Audio output frequency: 48000 Hz
Audio output buffer size: 512 samples
Opened "D:\Stuff\DevFolder\Smash64DS_Port\smash64ds-battle-mariofox-gcrunall-loop-ftmanager.nds" with FileMode 0x1 (effective mode "rb")
Failed to open "D:\Stuff\DevFolder\Smash64DS_Port/smash64ds-battle-mariofox-gcrunall-loop-ftmanager.sav" with FileMode 0x1 (effective mode "rb")
Failed to open "D:\Stuff\DevFolder\Smash64DS_Port/smash64ds-battle-mariofox-gcrunall-loop-ftmanager.sav" with FileMode 0x1 (effective mode "rb")
Failed to open "D:\Stuff\DevFolder\Smash64DS_Port/smash64ds-battle-mariofox-gcrunall-loop-ftmanager.sav" with FileMode 0x1 (effective mode "rb")
ROM entry not found for gamecode 589505315
!! bad ROM size 3650560 (expected 4194304) rounded to 4194304
Failed to open "D:/Stuff/DevFolder/Smash64DS_Port/emulators/melonds\wfcsettings.bin" with FileMode 0x1 (effective mode "rb")
[GDB] initializing GDB stub for core 9 on port 3333
[GDB] initializing GDB stub for core 7 on port 3334
Resetting JIT block cache...
done resetting jit mem
done resetting jit mem
MAC: 00:09:BF:11:22:33
FW: WIFI CRC16 = GOOD
FW: AP1 CRC16 = GOOD
FW: AP2 CRC16 = GOOD
FW: AP3 CRC16 = GOOD
FW: USER0 CRC16 = GOOD
FW: USER1 CRC16 = GOOD
Opened "D:/Stuff/DevFolder/Smash64DS_Port/emulators/melonds\rtc.bin" with FileMode 0x1 (effective mode "rb")
No need to re-encrypt cart secure area
Inserted cart with game code: ####
Inserted cart with ID: 400003C2
ROM entry: 00400000 00000000
Ejected GBA cart
Failed to open "D:\Stuff\DevFolder\Smash64DS_Port/smash64ds-battle-mariofox-gcrunall-loop-ftmanager.mch" with FileMode 0x11 (effective mode "r")
Resetting JIT block cache...
done resetting jit mem
done resetting jit mem
MAC: 00:09:BF:11:22:33
FW: WIFI CRC16 = GOOD
FW: AP1 CRC16 = GOOD
FW: AP2 CRC16 = GOOD
FW: AP3 CRC16 = GOOD
FW: USER0 CRC16 = GOOD
FW: USER1 CRC16 = GOOD
remapping SWRAM
NDSCart: Initialized Key1_KeyBuf to zero
NDSCart: Initialized Key1_KeyBuf to zero
Secure area decryption failed
remapping DTCM 0 1000 ffffffff ffffffff
PU: region 0 = 04000033 : enabled, start: 04000000 size: 19
PU: region 0 = 04000033 : enabled, start: 04000000 size: 19
PU: region 1 = 0200002B : enabled, start: 02000000 size: 15
PU: region 1 = 0200002B : enabled, start: 02000000 size: 15
PU: region 2 = 00000000 : disabled, start: 00000000 size: 00
PU: region 2 = 00000000 : disabled, start: 00000000 size: 00
PU: region 3 = 08000035 : enabled, start: 08000000 size: 1A
PU: region 3 = 08000035 : enabled, start: 08000000 size: 1A
PU: region 4 = 0300001B : enabled, start: 03000000 size: 0D
PU: region 4 = 0300001B : enabled, start: 03000000 size: 0D
PU: region 5 = 00000000 : disabled, start: 00000000 size: 00
PU: region 5 = 00000000 : disabled, start: 00000000 size: 00
PU: region 6 = FFFF001D : enabled, start: FFFF0000 size: 0E
PU: region 6 = FFFF001D : enabled, start: FFFF0000 size: 0E
PU: region 7 = 027FF017 : enabled, start: 027FF000 size: 0B
PU: region 7 = 027FF017 : enabled, start: 027FF000 size: 0B
remapping DTCM 3000000 3004000 0 fffff000
Game is now booting
Opened "D:/Stuff/DevFolder/Smash64DS_Port/emulators/melonds\melonDS.toml" with FileMode 0x1 (effective mode "rb")
remapping DTCM ffffffff ffffffff 3000000 2ffc000
remapping DTCM 2ff0000 2ff4000 ffffffff ffffffff
Opened "D:/Stuff/DevFolder/Smash64DS_Port/emulators/melonds\melonDS.toml" with FileMode 0x20 (effective mode "ab")
PU: region 0 = 04000033 : enabled, start: 04000000 size: 19
Failed to open "D:\Stuff\DevFolder\Smash64DS_Port/smash64ds-battle-mariofox-gcrunall-loop-ftmanager.ml1" with FileMode 0x1 (effective mode "rb")
Failed to open "D:\Stuff\DevFolder\Smash64DS_Port/smash64ds-battle-mariofox-gcrunall-loop-ftmanager.ml2" with FileMode 0x1 (effective mode "rb")
PU: region 1 = 0200002B : enabled, start: 02000000 size: 15
Failed to open "D:\Stuff\DevFolder\Smash64DS_Port/smash64ds-battle-mariofox-gcrunall-loop-ftmanager.ml3" with FileMode 0x1 (effective mode "rb")
Failed to open "D:\Stuff\DevFolder\Smash64DS_Port/smash64ds-battle-mariofox-gcrunall-loop-ftmanager.ml4" with FileMode 0x1 (effective mode "rb")
Failed to open "D:\Stuff\DevFolder\Smash64DS_Port/smash64ds-battle-mariofox-gcrunall-loop-ftmanager.ml5" with FileMode 0x1 (effective mode "rb")
Failed to open "D:\Stuff\DevFolder\Smash64DS_Port/smash64ds-battle-mariofox-gcrunall-loop-ftmanager.ml6" with FileMode 0x1 (effective mode "rb")
Failed to open "D:\Stuff\DevFolder\Smash64DS_Port/smash64ds-battle-mariofox-gcrunall-loop-ftmanager.ml7" with FileMode 0x1 (effective mode "rb")
Failed to open "D:\Stuff\DevFolder\Smash64DS_Port/smash64ds-battle-mariofox-gcrunall-loop-ftmanager.ml8" with FileMode 0x1 (effective mode "rb")
PU: region 2 = 00000000 : disabled, start: 00000000 size: 00
PU: region 3 = 00000000 : disabled, start: 00000000 size: 00
PU: region 4 = 02FF001F : enabled, start: 02FF0000 size: 0F
PU: region 5 = 01FF801D : enabled, start: 01FF8000 size: 0E
PU: region 6 = FFFF001D : enabled, start: FFFF0000 size: 0E
PU: region 7 = 00000017 : enabled, start: 00000000 size: 0B
PU region 0: 04000000-07FFFFFF, user=03 priv=03, 06330033/66600060
PU region 1: 02000000-023FFFFF, user=77 priv=77, 06330033/66600060
PU region 4: 02FF0000-02FFFFFF, user=03 priv=03, 06330033/66600060
PU region 5: 01FF8000-01FFFFFF, user=07 priv=07, 06330033/66600060
PU region 6: FFFF0000-FFFF7FFF, user=55 priv=55, 06330033/66600060
PU region 7: 00000000-00000FFF, user=04 priv=04, 06330033/66600060
unknown ARM9 IO write32 04001060 00000000 02068BBC
unknown ARM9 IO write32 04001064 00000000 02068BBC
unknown ARM9 IO write32 04001068 00000000 02068BBC
[GDB] send ack
[GDB] found pkt, checksumGot: ec vs ec
[GDB] command in: 'qSupported:multiprocess+;swbreak+;hwbreak+;qRelocInsn+;fork-events+;vfork-events+;exec-events+;vContSupported+;QThreadEvents+;no-resumed+;memory-tagging+'
[GDB] send ack
[GDB] send resp: '$PacketSize=47F;qXfer:features:read+;swbreak-;hwbreak+;QStartNoAckMode+#73'
[GDB] got ack: '+'
[GDB] found pkt, checksumGot: 49 vs 49
[GDB] command in: 'vCont?'
[GDB] send ack
[GDB] send resp: '$vCont;c;s;t#05'
[GDB] got ack: '+'
[GDB] found pkt, checksumGot: 3a vs 3a
[GDB] command in: 'vMustReplyEmpty'
[GDB] send ack
must reply empty
[GDB] send resp: '$#00'
[GDB] got ack: '+'
[GDB] found pkt, checksumGot: b0 vs b0
[GDB] command in: 'QStartNoAckMode'
[GDB] send ack
[GDB] send resp: '$OK#9a'
[GDB] found pkt, checksumGot: df vs df
[GDB] command in: 'Hg0'
[GDB] send resp: '$OK#9a'
[GDB] found pkt, checksumGot: 17 vs 17
[GDB] command in: 'qXfer:features:read:target.xml:0,47a'
[GDB] CPU type = 9
[GDB qresp] query='0,47a'
[GDB qresp] qaddr=0 qlen=1146 left=2138 outlen=1146
[GDB] send resp: '$m<target version="1.0"><architecture>armv5te</architecture><osabi>none</osabi><feature name="org.gnu.gdb.arm.core"><reg name="r0" bitsize="32" type="uint32"/><reg name="r1" bitsize="32" type="uint32"/><reg name="r2" bitsize="32" type="uint32"/><reg name="r3" bitsize="32" type="uint32"/><reg name="r4" bitsize="32" type="uint32"/><reg name="r5" bitsize="32" type="uint32"/><reg name="r6" bitsize="32" type="uint32"/><reg name="r7" bitsize="32" type="uint32"/><reg name="r8" bitsize="32" type="uint32"/><reg name="r9" bitsize="32" type="uint32"/><reg name="r10" bitsize="32" type="uint32"/><reg name="r11" bitsize="32" type="uint32"/><reg name="r12" bitsize="32" type="uint32"/><reg name="sp" bitsize="32" type="data_ptr"/><reg name="lr" bitsize="32" type="code_ptr"/><reg name="pc" bitsize="32" type="code_ptr"/><reg name="cpsr" bitsize="32" regnum="25"/><reg name="sp_usr" bitsize="32" regnum="26" type="data_ptr"/><reg name="lr_usr" bitsize="32" regnum="27" type="code_ptr"/><reg name="r8_fiq" bitsize="32" type="uint32" regnum="28"/><reg name="r9_fiq" bitsize="32" type="uint32" regnum="29"/><reg name="r10_fiq" bitsize="32" type="uint32" regnu#58'
[GDB] found pkt, checksumGot: b3 vs b3
[GDB] command in: 'qXfer:features:read:target.xml:47a,47a'
[GDB] CPU type = 9
[GDB qresp] query='47a,47a'
[GDB qresp] qaddr=1146 qlen=1146 left=992 outlen=992
[GDB] send resp: '$mm="30"/><reg name="r11_fiq" bitsize="32" type="uint32" regnum="31"/><reg name="r12_fiq" bitsize="32" type="uint32" regnum="32"/><reg name="sp_fiq" bitsize="32" regnum="33" type="data_ptr"/><reg name="lr_fiq" bitsize="32" regnum="34" type="code_ptr"/><reg name="sp_irq" bitsize="32" regnum="35" type="data_ptr"/><reg name="lr_irq" bitsize="32" regnum="36" type="code_ptr"/><reg name="sp_svc" bitsize="32" regnum="37" type="data_ptr"/><reg name="lr_svc" bitsize="32" regnum="38" type="code_ptr"/><reg name="sp_abt" bitsize="32" regnum="39" type="data_ptr"/><reg name="lr_abt" bitsize="32" regnum="40" type="code_ptr"/><reg name="sp_und" bitsize="32" regnum="41" type="data_ptr"/><reg name="lr_und" bitsize="32" regnum="42" type="code_ptr"/><reg name="spsr_fiq" bitsize="32" regnum="43"/><reg name="spsr_irq" bitsize="32" regnum="44"/><reg name="spsr_svc" bitsize="32" regnum="45"/><reg name="spsr_abt" bitsize="32" regnum="46"/><reg name="spsr_und" bitsize="32" regnum="47"/></feature></target>#dc'
[GDB] found pkt, checksumGot: b5 vs b5
[GDB] command in: 'qXfer:features:read:target.xml:85a,47a'
[GDB] CPU type = 9
[GDB qresp] query='85a,47a'
[GDB] send resp: '$l#6c'
[GDB] found pkt, checksumGot: 49 vs 49
[GDB] command in: 'qTStatus'
[GDB] unknown subcommand 'TStatus'!
[GDB] send resp: '$#00'
[GDB] found pkt, checksumGot: 3f vs 3f
[GDB] command in: '?'
[GDB] send resp: '$S02#b5'
[GDB] found pkt, checksumGot: bb vs bb
[GDB] command in: 'qfThreadInfo'
[GDB] send resp: '$m1#9e'
[GDB] found pkt, checksumGot: c8 vs c8
[GDB] command in: 'qsThreadInfo'
[GDB] send resp: '$l#6c'
[GDB] found pkt, checksumGot: 8f vs 8f
[GDB] command in: 'qAttached'
[GDB] send resp: '$1#31'
[GDB] found pkt, checksumGot: 09 vs 09
[GDB] command in: 'Hc-1'
[GDB] send resp: '$E01#a6'
[GDB] found pkt, checksumGot: b4 vs b4
[GDB] command in: 'qC'
[GDB] send resp: '$QC1#c5'
[GDB] found pkt, checksumGot: 4b vs 4b
[GDB] command in: 'qOffsets'
[GDB] unknown subcommand 'Offsets'!
[GDB] send resp: '$#00'
[GDB] found pkt, checksumGot: 67 vs 67
[GDB] command in: 'g'
[GDB] send resp: '$00000080000000001f000000fec4320218d1320200000080a89a09027471090218d132021f0000007471090200000000000000008c0d250254aa060208aa06021f0000808c0d250254aa060200000000000000000000000000000000000000000000000000000000803fff02086e0502c03fff021085ff0100000000000000000000000000000000100000003f000020df0000201000000010000000#6a'
[GDB] found pkt, checksumGot: bb vs bb
[GDB] command in: 'qfThreadInfo'
[GDB] send resp: '$m1#9e'
[GDB] found pkt, checksumGot: c8 vs c8
[GDB] command in: 'qsThreadInfo'
[GDB] send resp: '$l#6c'
[GDB] found pkt, checksumGot: 8f vs 8f
[GDB] command in: 'm206aa08,4'
[GDB] send resp: '$e0ffffeb#f4'
[GDB] found pkt, checksumGot: 5b vs 5b
[GDB] command in: 'qSymbol::'
[GDB] unknown subcommand 'Symbol::'!
[GDB] send resp: '$#00'
[GDB] found pkt, checksumGot: 66 vs 66
[GDB] command in: 'm2221d68,4'
[GDB] send resp: '$18000000#89'
[GDB] found pkt, checksumGot: 92 vs 92
[GDB] command in: 'm2250d80,40'
[GDB] send resp: '$00000000f56e03020100000000000080000000001f000000fec4320254aa06022d730502df6d05021000000010c30702ccc4320274c307020000704104000000#08'
[GDB] found pkt, checksumGot: 66 vs 66
[GDB] command in: 'm2221d68,4'
[GDB] send resp: '$18000000#89'
[GDB] found pkt, checksumGot: 5f vs 5f
[GDB] command in: 'm2221d70,4'
[GDB] send resp: '$a6000000#b7'
[GDB] found pkt, checksumGot: 67 vs 67
[GDB] command in: 'm2221d78,4'
[GDB] send resp: '$00b82a02#ef'
[GDB] found pkt, checksumGot: 92 vs 92
[GDB] command in: 'm2221d7c,4'
[GDB] send resp: '$d0030000#b7'
[GDB] found pkt, checksumGot: 65 vs 65
[GDB] command in: 'm2221e96,1'
[GDB] send resp: '$00#60'
[GDB] found pkt, checksumGot: 63 vs 63
[GDB] command in: 'm2221e94,1'
[GDB] send resp: '$01#61'
[GDB] found pkt, checksumGot: 64 vs 64
[GDB] command in: 'm2221e95,1'
[GDB] send resp: '$01#61'
[GDB] found pkt, checksumGot: 66 vs 66
[GDB] command in: 'm2221d68,4'
[GDB] send resp: '$18000000#89'
[GDB] found pkt, checksumGot: 6a vs 6a
[GDB] command in: 'm2221e98,4'
[GDB] send resp: '$52000000#87'
[GDB] found pkt, checksumGot: 8a vs 8a
[GDB] command in: 'm2221ea0,4'
[GDB] send resp: '$d0bb2a02#4d'
[GDB] found pkt, checksumGot: 8e vs 8e
[GDB] command in: 'm2221ea4,4'
[GDB] send resp: '$e0520200#be'
[GDB] found pkt, checksumGot: be vs be
[GDB] command in: 'm2221fbe,1'
[GDB] send resp: '$00#60'
[GDB] found pkt, checksumGot: bc vs bc
[GDB] command in: 'm2221fbc,1'
[GDB] send resp: '$01#61'
[GDB] found pkt, checksumGot: bd vs bd
[GDB] command in: 'm2221fbd,1'
[GDB] send resp: '$01#61'
[GDB] found pkt, checksumGot: 66 vs 66
[GDB] command in: 'm2221d68,4'
[GDB] send resp: '$18000000#89'
[GDB] found pkt, checksumGot: 8d vs 8d
[GDB] command in: 'm2221fc0,4'
[GDB] send resp: '$a4000000#b5'
[GDB] found pkt, checksumGot: 95 vs 95
[GDB] command in: 'm2221fc8,4'
[GDB] send resp: '$b00e2d02#1f'
[GDB] found pkt, checksumGot: c0 vs c0
[GDB] command in: 'm2221fcc,4'
[GDB] send resp: '$20160000#89'
[GDB] found pkt, checksumGot: 5d vs 5d
[GDB] command in: 'm22220e6,1'
[GDB] send resp: '$00#60'
[GDB] found pkt, checksumGot: 5b vs 5b
[GDB] command in: 'm22220e4,1'
[GDB] send resp: '$01#61'
[GDB] found pkt, checksumGot: 5c vs 5c
[GDB] command in: 'm22220e5,1'
[GDB] send resp: '$01#61'
[GDB] found pkt, checksumGot: 66 vs 66
[GDB] command in: 'm2221d68,4'
[GDB] send resp: '$18000000#89'
[GDB] found pkt, checksumGot: 62 vs 62
[GDB] command in: 'm22220e8,4'
[GDB] send resp: '$a5000000#b6'
[GDB] found pkt, checksumGot: 5b vs 5b
[GDB] command in: 'm22220f0,4'
[GDB] send resp: '$d0242d02#f2'
[GDB] found pkt, checksumGot: 5f vs 5f
[GDB] command in: 'm22220f4,4'
[GDB] send resp: '$80120000#8b'
[GDB] found pkt, checksumGot: 59 vs 59
[GDB] command in: 'm222220e,1'
[GDB] send resp: '$00#60'
[GDB] found pkt, checksumGot: 57 vs 57
[GDB] command in: 'm222220c,1'
[GDB] send resp: '$01#61'
[GDB] found pkt, checksumGot: 58 vs 58
[GDB] command in: 'm222220d,1'
[GDB] send resp: '$01#61'
[GDB] found pkt, checksumGot: 66 vs 66
[GDB] command in: 'm2221d68,4'
[GDB] send resp: '$18000000#89'
[GDB] found pkt, checksumGot: 28 vs 28
[GDB] command in: 'm2222210,4'
[GDB] send resp: '$24000000#86'
[GDB] found pkt, checksumGot: 30 vs 30
[GDB] command in: 'm2222218,4'
[GDB] send resp: '$50372d02#c7'
[GDB] found pkt, checksumGot: 5b vs 5b
[GDB] command in: 'm222221c,4'
[GDB] send resp: '$20090000#8b'
[GDB] found pkt, checksumGot: 2e vs 2e
[GDB] command in: 'm2222336,1'
[GDB] send resp: '$00#60'
[GDB] found pkt, checksumGot: 2c vs 2c
[GDB] command in: 'm2222334,1'
[GDB] send resp: '$01#61'
[GDB] found pkt, checksumGot: 2d vs 2d
[GDB] command in: 'm2222335,1'
[GDB] send resp: '$01#61'
[GDB] found pkt, checksumGot: 66 vs 66
[GDB] command in: 'm2221d68,4'
[GDB] send resp: '$18000000#89'
[GDB] found pkt, checksumGot: 33 vs 33
[GDB] command in: 'm2222338,4'
[GDB] send resp: '$c5000000#b8'
[GDB] found pkt, checksumGot: 2c vs 2c
[GDB] command in: 'm2222340,4'
[GDB] send resp: '$70402d02#c3'
[GDB] found pkt, checksumGot: 30 vs 30
[GDB] command in: 'm2222344,4'
[GDB] send resp: '$10190000#8b'
[GDB] found pkt, checksumGot: 60 vs 60
[GDB] command in: 'm222245e,1'
[GDB] send resp: '$00#60'
[GDB] found pkt, checksumGot: 5e vs 5e
[GDB] command in: 'm222245c,1'
[GDB] send resp: '$01#61'
[GDB] found pkt, checksumGot: 5f vs 5f
[GDB] command in: 'm222245d,1'
[GDB] send resp: '$01#61'
[GDB] found pkt, checksumGot: 66 vs 66
[GDB] command in: 'm2221d68,4'
[GDB] send resp: '$18000000#89'
[GDB] found pkt, checksumGot: 2f vs 2f
[GDB] command in: 'm2222460,4'
[GDB] send resp: '$26000000#88'
[GDB] found pkt, checksumGot: 37 vs 37
[GDB] command in: 'm2222468,4'
[GDB] send resp: '$80592d02#ce'
[GDB] found pkt, checksumGot: 62 vs 62
[GDB] command in: 'm222246c,4'
[GDB] send resp: '$000f0000#b6'
[GDB] found pkt, checksumGot: 35 vs 35
[GDB] command in: 'm2222586,1'
[GDB] send resp: '$00#60'
[GDB] found pkt, checksumGot: 33 vs 33
[GDB] command in: 'm2222584,1'
[GDB] send resp: '$01#61'
[GDB] found pkt, checksumGot: 34 vs 34
[GDB] command in: 'm2222585,1'
[GDB] send resp: '$01#61'
[GDB] found pkt, checksumGot: 66 vs 66
[GDB] command in: 'm2221d68,4'
[GDB] send resp: '$18000000#89'
[GDB] found pkt, checksumGot: 3a vs 3a
[GDB] command in: 'm2222588,4'
[GDB] send resp: '$25000000#87'
[GDB] found pkt, checksumGot: 33 vs 33
[GDB] command in: 'm2222590,4'
[GDB] send resp: '$80682d02#ce'
[GDB] found pkt, checksumGot: 37 vs 37
[GDB] command in: 'm2222594,4'
[GDB] send resp: '$a07e0000#ed'
[GDB] found pkt, checksumGot: 8e vs 8e
[GDB] command in: 'm22226ae,1'
[GDB] send resp: '$00#60'
[GDB] found pkt, checksumGot: 8c vs 8c
[GDB] command in: 'm22226ac,1'
[GDB] send resp: '$01#61'
[GDB] found pkt, checksumGot: 8d vs 8d
[GDB] command in: 'm22226ad,1'
[GDB] send resp: '$01#61'
[GDB] found pkt, checksumGot: 66 vs 66
[GDB] command in: 'm2221d68,4'
[GDB] send resp: '$18000000#89'
[GDB] found pkt, checksumGot: 5d vs 5d
[GDB] command in: 'm22226b0,4'
[GDB] send resp: '$ff000000#ec'
[GDB] found pkt, checksumGot: 65 vs 65
[GDB] command in: 'm22226b8,4'
[GDB] send resp: '$40e82d02#f9'
[GDB] found pkt, checksumGot: 90 vs 90
[GDB] command in: 'm22226bc,4'
[GDB] send resp: '$c0000000#b3'
[GDB] found pkt, checksumGot: 63 vs 63
[GDB] command in: 'm22227d6,1'
[GDB] send resp: '$00#60'
[GDB] found pkt, checksumGot: 61 vs 61
[GDB] command in: 'm22227d4,1'
[GDB] send resp: '$01#61'
[GDB] found pkt, checksumGot: 62 vs 62
[GDB] command in: 'm22227d5,1'
[GDB] send resp: '$01#61'
[GDB] found pkt, checksumGot: 66 vs 66
[GDB] command in: 'm2221d68,4'
[GDB] send resp: '$18000000#89'
[GDB] found pkt, checksumGot: 68 vs 68
[GDB] command in: 'm22227d8,4'
[GDB] send resp: '$68000000#8e'
[GDB] found pkt, checksumGot: 61 vs 61
[GDB] command in: 'm22227e0,4'
[GDB] send resp: '$00e92d02#f6'
[GDB] found pkt, checksumGot: 65 vs 65
[GDB] command in: 'm22227e4,4'
[GDB] send resp: '$f0430000#bd'
[GDB] found pkt, checksumGot: 95 vs 95
[GDB] command in: 'm22228fe,1'
[GDB] send resp: '$00#60'
[GDB] found pkt, checksumGot: 93 vs 93
[GDB] command in: 'm22228fc,1'
[GDB] send resp: '$01#61'
[GDB] found pkt, checksumGot: 94 vs 94
[GDB] command in: 'm22228fd,1'
[GDB] send resp: '$01#61'
[GDB] found pkt, checksumGot: 66 vs 66
[GDB] command in: 'm2221d68,4'
[GDB] send resp: '$18000000#89'
[GDB] found pkt, checksumGot: 2e vs 2e
[GDB] command in: 'm2222900,4'
[GDB] send resp: '$67000000#8d'
[GDB] found pkt, checksumGot: 36 vs 36
[GDB] command in: 'm2222908,4'
[GDB] send resp: '$f02c2e02#24'
[GDB] found pkt, checksumGot: 61 vs 61
[GDB] command in: 'm222290c,4'
[GDB] send resp: '$c02f0000#eb'
[GDB] found pkt, checksumGot: 5b vs 5b
[GDB] command in: 'm2222a26,1'
[GDB] send resp: '$00#60'
[GDB] found pkt, checksumGot: 59 vs 59
[GDB] command in: 'm2222a24,1'
[GDB] send resp: '$01#61'
[GDB] found pkt, checksumGot: 5a vs 5a
[GDB] command in: 'm2222a25,1'
[GDB] send resp: '$01#61'
[GDB] found pkt, checksumGot: 66 vs 66
[GDB] command in: 'm2221d68,4'
[GDB] send resp: '$18000000#89'
[GDB] found pkt, checksumGot: 60 vs 60
[GDB] command in: 'm2222a28,4'
[GDB] send resp: '$58000100#8e'
[GDB] found pkt, checksumGot: 59 vs 59
[GDB] command in: 'm2222a30,4'
[GDB] send resp: '$b05c2e02#23'
[GDB] found pkt, checksumGot: 5d vs 5d
[GDB] command in: 'm2222a34,4'
[GDB] send resp: '$d06c0200#ef'
[GDB] found pkt, checksumGot: 8d vs 8d
[GDB] command in: 'm2222b4e,1'
[GDB] send resp: '$00#60'
[GDB] found pkt, checksumGot: 8b vs 8b
[GDB] command in: 'm2222b4c,1'
[GDB] send resp: '$01#61'
[GDB] found pkt, checksumGot: 8c vs 8c
[GDB] command in: 'm2222b4d,1'
[GDB] send resp: '$01#61'
[GDB] found pkt, checksumGot: 66 vs 66
[GDB] command in: 'm2221d68,4'
[GDB] send resp: '$18000000#89'
[GDB] found pkt, checksumGot: 5c vs 5c
[GDB] command in: 'm2222b50,4'
[GDB] send resp: '$98000000#91'
[GDB] found pkt, checksumGot: 64 vs 64
[GDB] command in: 'm2222b58,4'
[GDB] send resp: '$80c93002#c9'
[GDB] found pkt, checksumGot: 8f vs 8f
[GDB] command in: 'm2222b5c,4'
[GDB] send resp: '$00370000#8a'
[GDB] found pkt, checksumGot: 62 vs 62
[GDB] command in: 'm2222c76,1'
[GDB] send resp: '$00#60'
[GDB] found pkt, checksumGot: 60 vs 60
[GDB] command in: 'm2222c74,1'
[GDB] send resp: '$01#61'
[GDB] found pkt, checksumGot: 61 vs 61
[GDB] command in: 'm2222c75,1'
[GDB] send resp: '$01#61'
[GDB] found pkt, checksumGot: 66 vs 66
[GDB] command in: 'm2221d68,4'
[GDB] send resp: '$18000000#89'
[GDB] found pkt, checksumGot: 67 vs 67
[GDB] command in: 'm2222c78,4'
[GDB] send resp: '$a3000000#b4'
[GDB] found pkt, checksumGot: 60 vs 60
[GDB] command in: 'm2222c80,4'
[GDB] send resp: '$60ec3102#f4'
[GDB] found pkt, checksumGot: 64 vs 64
[GDB] command in: 'm2222c84,4'
[GDB] send resp: '$90030000#8c'
[GDB] found pkt, checksumGot: 94 vs 94
[GDB] command in: 'm2222d9e,1'
[GDB] send resp: '$00#60'
[GDB] found pkt, checksumGot: 92 vs 92
[GDB] command in: 'm2222d9c,1'
[GDB] send resp: '$01#61'
[GDB] found pkt, checksumGot: 93 vs 93
[GDB] command in: 'm2222d9d,1'
[GDB] send resp: '$01#61'
[GDB] found pkt, checksumGot: 66 vs 66
[GDB] command in: 'm2221d68,4'
[GDB] send resp: '$18000000#89'
[GDB] found pkt, checksumGot: 8a vs 8a
[GDB] command in: 'm2222da0,4'
[GDB] send resp: '$c9000000#bc'
[GDB] found pkt, checksumGot: 92 vs 92
[GDB] command in: 'm2222da8,4'
[GDB] send resp: '$f0ef3102#27'
[GDB] found pkt, checksumGot: bd vs bd
[GDB] command in: 'm2222dac,4'
[GDB] send resp: '$30080000#8b'
[GDB] found pkt, checksumGot: 90 vs 90
[GDB] command in: 'm2222ec6,1'
[GDB] send resp: '$00#60'
[GDB] found pkt, checksumGot: 8e vs 8e
[GDB] command in: 'm2222ec4,1'
[GDB] send resp: '$01#61'
[GDB] found pkt, checksumGot: 8f vs 8f
[GDB] command in: 'm2222ec5,1'
[GDB] send resp: '$01#61'
[GDB] found pkt, checksumGot: 66 vs 66
[GDB] command in: 'm2221d68,4'
[GDB] send resp: '$18000000#89'
[GDB] found pkt, checksumGot: 95 vs 95
[GDB] command in: 'm2222ec8,4'
[GDB] send resp: '$cb000000#e5'
[GDB] found pkt, checksumGot: 8e vs 8e
[GDB] command in: 'm2222ed0,4'
[GDB] send resp: '$20f83102#c6'
[GDB] found pkt, checksumGot: 92 vs 92
[GDB] command in: 'm2222ed4,4'
[GDB] send resp: '$70070000#8e'
[GDB] found pkt, checksumGot: c2 vs c2
[GDB] command in: 'm2222fee,1'
[GDB] send resp: '$00#60'
[GDB] found pkt, checksumGot: c0 vs c0
[GDB] command in: 'm2222fec,1'
[GDB] send resp: '$01#61'
[GDB] found pkt, checksumGot: c1 vs c1
[GDB] command in: 'm2222fed,1'
[GDB] send resp: '$01#61'
[GDB] found pkt, checksumGot: 66 vs 66
[GDB] command in: 'm2221d68,4'
[GDB] send resp: '$18000000#89'
[GDB] found pkt, checksumGot: 91 vs 91
[GDB] command in: 'm2222ff0,4'
[GDB] send resp: '$ca000000#e4'
[GDB] found pkt, checksumGot: 99 vs 99
[GDB] command in: 'm2222ff8,4'
[GDB] send resp: '$90ff3102#fb'
[GDB] found pkt, checksumGot: c4 vs c4
[GDB] command in: 'm2222ffc,4'
[GDB] send resp: '$a0190000#bb'
[GDB] found pkt, checksumGot: 2b vs 2b
[GDB] command in: 'm2223116,1'
[GDB] send resp: '$00#60'
[GDB] found pkt, checksumGot: 29 vs 29
[GDB] command in: 'm2223114,1'
[GDB] send resp: '$01#61'
[GDB] found pkt, checksumGot: 2a vs 2a
[GDB] command in: 'm2223115,1'
[GDB] send resp: '$01#61'
[GDB] found pkt, checksumGot: 66 vs 66
[GDB] command in: 'm2221d68,4'
[GDB] send resp: '$18000000#89'
[GDB] found pkt, checksumGot: 30 vs 30
[GDB] command in: 'm2223118,4'
[GDB] send resp: '$64010000#8b'
[GDB] found pkt, checksumGot: 29 vs 29
[GDB] command in: 'm2223120,4'
[GDB] send resp: '$30193202#94'
[GDB] found pkt, checksumGot: 2d vs 2d
[GDB] command in: 'm2223124,4'
[GDB] send resp: '$40070000#8b'
[GDB] found pkt, checksumGot: 5d vs 5d
[GDB] command in: 'm222323e,1'
[GDB] send resp: '$00#60'
[GDB] found pkt, checksumGot: 5b vs 5b
[GDB] command in: 'm222323c,1'
[GDB] send resp: '$01#61'
[GDB] found pkt, checksumGot: 5c vs 5c
[GDB] command in: 'm222323d,1'
[GDB] send resp: '$01#61'
[GDB] found pkt, checksumGot: 66 vs 66
[GDB] command in: 'm2221d68,4'
[GDB] send resp: '$18000000#89'
[GDB] found pkt, checksumGot: 2c vs 2c
[GDB] command in: 'm2223240,4'
[GDB] send resp: '$cc000000#e6'
[GDB] found pkt, checksumGot: 34 vs 34
[GDB] command in: 'm2223248,4'
[GDB] send resp: '$70203202#90'
[GDB] found pkt, checksumGot: 5f vs 5f
[GDB] command in: 'm222324c,4'
[GDB] send resp: '$40000000#84'
[GDB] found pkt, checksumGot: 32 vs 32
[GDB] command in: 'm2223366,1'
[GDB] send resp: '$00#60'
[GDB] found pkt, checksumGot