Top screen visible: 49152/49152 different pixels (100.000%).
Top screen green content: 11813/49152 dominant-green pixels (24.034%).
Top screen detail content: 34391/49152 non-white/non-green pixels (69.969%).
Top screen visible: 49152/49152 different pixels (100.000%).
Top screen green content: 9117/49152 dominant-green pixels (18.549%).
Top screen detail content: 37966/49152 non-white/non-green pixels (77.242%).
Top screen visible: 49152/49152 different pixels (100.000%).
Top screen green content: 9757/49152 dominant-green pixels (19.851%).
Top screen detail content: 36290/49152 non-white/non-green pixels (73.832%).
Top screen visible: 49152/49152 different pixels (100.000%).
Top screen green content: 10080/49152 dominant-green pixels (20.508%).
Top screen detail content: 37603/49152 non-white/non-green pixels (76.503%).
Top screen visible: 49152/49152 different pixels (100.000%).
Top screen green content: 8065/49152 dominant-green pixels (16.408%).
Top screen detail content: 39881/49152 non-white/non-green pixels (81.138%).
Top screen visible: 49152/49152 different pixels (100.000%).
Top screen green content: 296/49152 dominant-green pixels (0.602%).
Top screen detail content: 46067/49152 non-white/non-green pixels (93.724%).
Top screen visible: 49152/49152 different pixels (100.000%).
Top screen green content: 9757/49152 dominant-green pixels (19.851%).
Top screen detail content: 36290/49152 non-white/non-green pixels (73.832%).
Top screen delta: raw=45636/49152 (92.847%) meaningful=38572/49152 (78.475%, channel>=20) mean=80.72 overlap=100.000%.
Top screen visible: 49152/49152 different pixels (100.000%).
Top screen green content: 10080/49152 dominant-green pixels (20.508%).
Top screen detail content: 37603/49152 non-white/non-green pixels (76.503%).
Top screen delta: raw=45967/49152 (93.520%) meaningful=39439/49152 (80.239%, channel>=20) mean=82.32 overlap=100.000%.
Top screen visible: 49152/49152 different pixels (100.000%).
Top screen green content: 8065/49152 dominant-green pixels (16.408%).
Top screen detail content: 39881/49152 non-white/non-green pixels (81.138%).
Top screen delta: raw=48996/49152 (99.683%) meaningful=48337/49152 (98.342%, channel>=20) mean=130.31 overlap=100.000%.
Top screen visible: 49152/49152 different pixels (100.000%).
Top screen green content: 296/49152 dominant-green pixels (0.602%).
Top screen detail content: 46067/49152 non-white/non-green pixels (93.724%).
Top screen delta: raw=48485/49152 (98.643%) meaningful=46298/49152 (94.194%, channel>=20) mean=122.44 overlap=100.000%.
battle_playable camera containment passed: normal=-8.20deg source=-8.14deg; pause=front/14.74/-17.41/30.15/-32.54deg; screenshots=D:\Stuff\DevFolder\Smash64DS_Port\artifacts\visibility\20260714-232000_slot4_p32172_mode163_camera_normal_source_envelope.png, D:\Stuff\DevFolder\Smash64DS_Port\artifacts\visibility\20260714-232000_slot4_p32172_mode163_camera_pause_front.png, D:\Stuff\DevFolder\Smash64DS_Port\artifacts\visibility\20260714-232000_slot4_p32172_mode163_camera_pause_plus16p8.png, D:\Stuff\DevFolder\Smash64DS_Port\artifacts\visibility\20260714-232000_slot4_p32172_mode163_camera_pause_minus16p8.png, D:\Stuff\DevFolder\Smash64DS_Port\artifacts\visibility\20260714-232000_slot4_p32172_mode163_camera_pause_plus33p6.png, D:\Stuff\DevFolder\Smash64DS_Port\artifacts\visibility\20260714-232000_slot4_p32172_mode163_camera_pause_minus33p6.png
