make: Entering directory '/d/Stuff/DevFolder/Smash64DS_Port'
nds_renderer.c
linking smash64ds-battle-playable-canonical-hwtri.elf
Nintendo DS rom tool 2.3.1 - Jan  8 2024
by Rafael Vuijk, Dave Murphy, Alexei Karpenko
built ... smash64ds-battle-playable-canonical-hwtri.nds
make: Leaving directory '/d/Stuff/DevFolder/Smash64DS_Port'
[33;1mWARNING: battle_playable Pupupu realtime HW textured perf below 60fps target: fps=13/13 x0.1; renderer-cache follow-up still required.[0m
battle_playable Pupupu realtime pacing smoke passed: frames=57 fps=13/13 ticks=1461933248 gxram=729/2209 gxstat=0x6000000/ctrl=0x19 ftrContract=1824/1824/geom0x222005/light114/114/bounds114/0 oracle=2388/0/0 mtx=load1/scale0/p4096,4096,4096,0/mv4096,4096,4096,0,0,0 vraw=32767..-32768/32767..-32768/32767..-32768 vhw=-3594..7403/-7279..8569/3565..4095 depth=stage228:3565..3705/p0960:3634..3667/p1918:3629..3668 clip=0 texProof=69742/232278/942 sample=204/942/942 alias=42 st=-481..6159/-241..2064 texUse=0/382/0/0/122/impl122/first0x2/flags0x1/w0xfcffffff/w1xfffe7d3e/geom0x604 texFmt=conv0x100/bind0x100/pal0x100/rej0x0/why0x0 texLane=layout0x2/byte314/half314/bFmt0x100/hFmt0x400/bMap0x10203/hMap0x2030001 stageCarry=2394/2394/tex1824/tile1938/short342/342/seg171 combine=3990/2512/lit35682/mat18183/proj40014 light=8/0/3360 profile=present24207040/draw23843072/stage3246656/mat11392/dl8295360/tex406528/conv0/upload0 texUploads=0/0 binds=46 vtx=2454 tri=818 cpu=setup1/proc57/target57/stick28/obj0x4 aobj32=32/240/reuse0/fail0
Captured live melonDS window: D:\Stuff\DevFolder\Smash64DS_Port\artifacts\visibility\2026-07-09_iter4_canonical_early_194424_next.png (488x675)
Captured live melonDS window: D:\Stuff\DevFolder\Smash64DS_Port\artifacts\visibility\2026-07-09_iter4_canonical_early_194424.png (488x675)
Top screen visible: 49152/49152 different pixels (100.000%).
Top screen green content: 12968/49152 dominant-green pixels (26.383%).
Top screen detail content: 33936/49152 non-white/non-green pixels (69.043%).
Top-screen required region detail: 3697/5616 pixels (65.830%).
Top-screen fighter-region color: 2893/5616 pixels (51.514%).
Top screen delta: raw=16776/49152 (34.131%) meaningful=402/49152 (0.818%, channel>=25) mean=3.39.
Region left_bush: non-clear=3000/3000 (100.000%) green=0/3000 (0.000%) detail=3000/3000 (100.000%) fighter=2219/3000 (73.967%) changed=38/3000 (1.267%)
Region right_bush: non-clear=3250/3250 (100.000%) green=1481/3250 (45.569%) detail=1723/3250 (53.015%) fighter=748/3250 (23.015%) changed=61/3250 (1.877%)
Region fighter_center: non-clear=4225/4225 (100.000%) green=235/4225 (5.562%) detail=3965/4225 (93.846%) fighter=3352/4225 (79.337%) changed=30/4225 (0.710%)
Region stage_body: non-clear=7650/7650 (100.000%) green=1990/7650 (26.013%) detail=5616/7650 (73.412%) fighter=4425/7650 (57.843%) changed=90/7650 (1.176%)
Top screen visible: 49152/49152 different pixels (100.000%).
Top screen green content: 12968/49152 dominant-green pixels (26.383%).
Top screen detail content: 33936/49152 non-white/non-green pixels (69.043%).
Top-screen required region detail: 7136/7200 pixels (99.111%).
Captured live melonDS window: D:\Stuff\DevFolder\Smash64DS_Port\artifacts\visibility\2026-07-09_iter4_canonical_late_194424_next.png (488x675)
Captured live melonDS window: D:\Stuff\DevFolder\Smash64DS_Port\artifacts\visibility\2026-07-09_iter4_canonical_late_194424.png (488x675)
Top screen visible: 49152/49152 different pixels (100.000%).
Top screen green content: 12968/49152 dominant-green pixels (26.383%).
Top screen detail content: 33936/49152 non-white/non-green pixels (69.043%).
Top screen delta: raw=16776/49152 (34.131%) meaningful=402/49152 (0.818%, channel>=25) mean=3.39.
Region left_bush: non-clear=3000/3000 (100.000%) green=0/3000 (0.000%) detail=3000/3000 (100.000%) fighter=2219/3000 (73.967%) changed=38/3000 (1.267%)
Region right_bush: non-clear=3250/3250 (100.000%) green=1481/3250 (45.569%) detail=1723/3250 (53.015%) fighter=748/3250 (23.015%) changed=61/3250 (1.877%)
Region fighter_center: non-clear=4225/4225 (100.000%) green=235/4225 (5.562%) detail=3965/4225 (93.846%) fighter=3352/4225 (79.337%) changed=30/4225 (0.710%)
Region stage_body: non-clear=7650/7650 (100.000%) green=1990/7650 (26.013%) detail=5616/7650 (73.412%) fighter=4425/7650 (57.843%) changed=90/7650 (1.176%)
Top screen visible: 49152/49152 different pixels (100.000%).
Top screen green content: 12968/49152 dominant-green pixels (26.383%).
Top screen detail content: 33936/49152 non-white/non-green pixels (69.043%).
Top-screen required region detail: 7136/7200 pixels (99.111%).
