make: Entering directory '/d/Stuff/DevFolder/Smash64DS_Port'
main.c
nds_platform.c
port_probe.c
nds_reloc_assets.c
coroutine.c
n64_stubs.c
nds_audio_bgm.c
nds_renderer.c
nds_audio_assets.c
libultra_os.c
os_selftest.c
battleship_sys_scheduler.c
boot_stubs.c
battleship_sys_main.c
scheduler_backend.c
controller_backend.c
battleship_sys_video.c
battleship_sys_maindevice.c
battleship_sys_controller.c
battleship_sys_malloc.c
battleship_sys_zbuffer.c
battleship_sys_framebuffer.c
battleship_sys_sintable.c
battleship_sys_matrix.c
battleship_mnstartup.c
scene_backend.c
video_bootstrap.c
battleship_libultra_gu_normalize.c
battleship_scmanager.c
battleship_libultra_gu_mtxcatf.c
scene_harness.c
utils.c
vector.c
battleship_sys_objman.c
battleship_sys_taskman.c
battleship_scsubsyscontroller.c
battleship_sys_objhelper.c
battleship_sys_objanim.c
battleship_ftdisplaylights.c
battleship_sys_interp.c
battleship_ftdisplaymain.c
battleship_mvopeningroom.c
battleship_mvopeningsamus.c
battleship_mvopeningportraits.c
battleship_mvopeninglink.c
battleship_mvopeningmario.c
battleship_mvopeningdonkey.c
battleship_mvopeningfox.c
battleship_mvopeningyoshi.c
battleship_mvopeningkirby.c
battleship_mntitlefiles.c
battleship_mvopeningpikachu.c
battleship_mntitle.c
battleship_mnmaps.c
battleship_gmcommon.c
battleship_mnplayersvs.c
battleship_mnvsmode.c
battleship_ftcommon_wait.c
battleship_scvsbattle.c
battleship_gmcollision.c
battleship_grpupupu_ground.c
battleship_grinishie_scale.c
battleship_ftcommon_walk.c
battleship_ftcommon_turn.c
battleship_ftcommon_turnrun.c
battleship_ftcommon_attack1.c
battleship_ftcommon_dash.c
battleship_ftcommon_attack100.c
battleship_ftcommon_attackdash.c
battleship_ftcommon_attackair.c
battleship_ftcommon_appeal.c
battleship_mariofox_mainmotion.c
battleship_ftcommon_catch.c
battleship_ftcommon_guard.c
battleship_ftcommon_escape.c
battleship_ftcommon_jump.c
battleship_ftcommon_kneebend.c
battleship_ftcommon_runbrake.c
battleship_ftcommon_run.c
battleship_ftcommon_landing.c
battleship_ftcommon_stopceil.c
battleship_ftcommon_pass.c
battleship_ftcommon_fall.c
battleship_ftcommon_cliffcatchwait.c
battleship_ftcommon_ottotto.c
battleship_ftcommon_cliffclimb.c
battleship_ftcommon_walldamage.c
battleship_ftcommon_cliffattack.c
battleship_ftcommon_cliffescape.c
battleship_ftcommon_twister.c
battleship_ftcommon_rebound.c
battleship_ftcommon_damage.c
battleship_ftcommon_furasleep.c
battleship_ftcommon_damagefall.c
battleship_ftcommon_passivestand.c
battleship_ftcommon_downwaitbounce.c
battleship_ftcommon_passive.c
battleship_ftcommon_downforwardback.c
battleship_ftcommon_downattack.c
battleship_ftcommon_downstand.c
battleship_ftcommon_normal_moveset.c
battleship_ftchar_data_slots.c
battleship_scsubsysdata_ft.c
reloc_backend_ftdata_stubs.c
battleship_ftdata.c
reloc_backend_ftdata_symbols.c
battleship_ftanim.c
battleship_ftanimend.c
battleship_ftkey.c
battleship_ftmanager.c
battleship_ftstatus_map_physics_shims.c
battleship_ftstatus_callback_aliases.c
battleship_ftstatus_inactive_stubs.c
battleship_gmcamera.c
battleship_ftcomputer.c
battleship_ftcommon_rebirth.c
battleship_ftcommon_dead.c
battle_playable_compat_stubs.c
battleship_ifscreenflash.c
battleship_ifcommon.c
battleship_mario_fireball.c
battleship_wpmanager_core.c
battleship_special_common.c
battleship_fox_blaster.c
battleship_efmanager.c
battleship_fox_reflector.c
battleship_ftcommon_fallspecial.c
battleship_fox_special_hi.c
coroutine_arm.s
battleship_mario_special_hi.c
battleship_mario_special_lw.c
battleship_ftmain.c
linking smash64ds-battle-playable-canonical-hwtri.elf
Nintendo DS rom tool 2.3.1 - Jan  8 2024
by Rafael Vuijk, Dave Murphy, Alexei Karpenko
built ... smash64ds-battle-playable-canonical-hwtri.nds
make: Leaving directory '/d/Stuff/DevFolder/Smash64DS_Port'
[33;1mWARNING: battle_playable Pupupu realtime HW textured perf below 60fps target: fps=29/29 x0.1; renderer-cache follow-up still required.[0m
battle_playable Pupupu realtime pacing smoke passed: frames=56 fps=29/29 ticks=636079360 gxram=730/2214 gxstat=0x6000000/ctrl=0x19 ftrContract=1792/1792/geom0x222005/light112/112/bounds112/0 oracle=483/0/0 mtx=load1/scale0/p4096,4096,4096,0/mv4096,4096,4096,0,0,0 vraw=32767..-32768/32767..-32768/32767..-32768 vhw=-3594..7403/-5654..8569/9..23 clip=0 texProof=60318/118068/477 sample=156/477/477 alias=6 st=-227..4112/-4..2064 texUse=0/2/0/0/0/impl0/first0x2/flags0x1/w0xfcffffff/w1xfffe7d3e/geom0x604 texFmt=conv0x100/bind0x100/pal0x100/rej0x0/why0x0 texLane=layout0x2/byte159/half159/bFmt0x100/hFmt0x400/bMap0x10203/hMap0x2030001 stageCarry=2385/2385/tex1818/tile1931/short341/341/seg171 combine=3938/2468/lit35056/mat17864/proj39388 light=0/0/0 profile=present10766912/draw0/stage2676992/mat3072/dl1845248/tex188160/conv0/upload0 texUploads=0/0 binds=29 vtx=483 tri=161 cpu=setup1/proc57/target57/stick28/obj0x4
