In file included from C:/devkitPro/libnds/include/nds.h:225,
                 from D:/Stuff/DevFolder/Smash64DS_Port/src/nds/nds_platform.c:1:
C:/devkitPro/calico/include/calico.h:6:6: warning: '__ASSEMBLER__' is not defined, evaluates to '0' [-Wundef]
    6 | #if !__ASSEMBLER__
      |      ^~~~~~~~~~~~~
In file included from C:/devkitPro/calico/include/calico.h:7:
C:/devkitPro/calico/include/calico/types.h:116:5: warning: '__cplusplus' is not defined, evaluates to '0' [-Wundef]
  116 | #if __cplusplus >= 201402L
      |     ^~~~~~~~~~~
C:/devkitPro/calico/include/calico/types.h:127:5: warning: '__cplusplus' is not defined, evaluates to '0' [-Wundef]
  127 | #if __cplusplus >= 201103L
      |     ^~~~~~~~~~~
C:/devkitPro/calico/include/calico.h:36:6: warning: '__ASSEMBLER__' is not defined, evaluates to '0' [-Wundef]
   36 | #if !__ASSEMBLER__
      |      ^~~~~~~~~~~~~
In file included from D:/Stuff/DevFolder/Smash64DS_Port/include/sys/taskman.h:13,
                 from D:/Stuff/DevFolder/Smash64DS_Port/decomp/BattleShip-main/decomp/src/sys/objtypes.h:15,
                 from D:/Stuff/DevFolder/Smash64DS_Port/include/gr/ground.h:6,
                 from D:/Stuff/DevFolder/Smash64DS_Port/include/mp/map.h:11,
                 from D:/Stuff/DevFolder/Smash64DS_Port/include/ft/fighter.h:15,
                 from D:/Stuff/DevFolder/Smash64DS_Port/include/sc/scene.h:7,
                 from D:/Stuff/DevFolder/Smash64DS_Port/src/nds/nds_platform.c:14:
D:/Stuff/DevFolder/Smash64DS_Port/include/sys/malloc.h:7:16: error: redefinition of 'struct SYMallocRegion'
    7 | typedef struct SYMallocRegion {
      |                ^~~~~~~~~~~~~~
In file included from C:/devkitPro/libnds/include/nds/arm9/linkedlist.h:35,
                 from C:/devkitPro/libnds/include/nds.h:252:
D:/Stuff/DevFolder/Smash64DS_Port/decomp/BattleShip-main/decomp/src/sys/malloc.h:7:16: note: originally defined here
    7 | typedef struct SYMallocRegion
      |                ^~~~~~~~~~~~~~
D:/Stuff/DevFolder/Smash64DS_Port/include/sys/malloc.h:12:3: error: conflicting types for 'SYMallocRegion'; have 'struct SYMallocRegion'
   12 | } SYMallocRegion;
      |   ^~~~~~~~~~~~~~
D:/Stuff/DevFolder/Smash64DS_Port/decomp/BattleShip-main/decomp/src/sys/malloc.h:14:3: note: previous declaration of 'SYMallocRegion' with type 'SYMallocRegion'
   14 | } SYMallocRegion;
      |   ^~~~~~~~~~~~~~
D:/Stuff/DevFolder/Smash64DS_Port/include/sys/malloc.h:14:6: error: conflicting types for 'syMallocInit'; have 'void(SYMallocRegion *, u32,  void *, size_t)' {aka 'void(SYMallocRegion *, long unsigned int,  void *, unsigned int)'}
   14 | void syMallocInit(SYMallocRegion *region, u32 id, void *start, size_t size);
      |      ^~~~~~~~~~~~
D:/Stuff/DevFolder/Smash64DS_Port/decomp/BattleShip-main/decomp/src/sys/malloc.h:16:13: note: previous declaration of 'syMallocInit' with type 'void(SYMallocRegion *, u32,  void *, size_t)' {aka 'void(SYMallocRegion *, long unsigned int,  void *, unsigned int)'}
   16 | extern void syMallocInit(SYMallocRegion *buf, u32 id, void *start, size_t size);
      |             ^~~~~~~~~~~~
D:/Stuff/DevFolder/Smash64DS_Port/include/sys/malloc.h:15:7: error: conflicting types for 'syMallocSet'; have 'void *(SYMallocRegion *, size_t,  u32)' {aka 'void *(SYMallocRegion *, unsigned int,  long unsigned int)'}
   15 | void *syMallocSet(SYMallocRegion *region, size_t size, u32 alignment);
      |       ^~~~~~~~~~~
D:/Stuff/DevFolder/Smash64DS_Port/decomp/BattleShip-main/decomp/src/sys/malloc.h:17:14: note: previous declaration of 'syMallocSet' with type 'void *(SYMallocRegion *, size_t,  u32)' {aka 'void *(SYMallocRegion *, unsigned int,  long unsigned int)'}
   17 | extern void* syMallocSet(SYMallocRegion *buf, size_t size, u32 alignment);
      |              ^~~~~~~~~~~
D:/Stuff/DevFolder/Smash64DS_Port/include/sys/malloc.h:16:6: error: conflicting types for 'syMallocReset'; have 'void(SYMallocRegion *)'
   16 | void syMallocReset(SYMallocRegion *region);
      |      ^~~~~~~~~~~~~
D:/Stuff/DevFolder/Smash64DS_Port/decomp/BattleShip-main/decomp/src/sys/malloc.h:18:13: note: previous declaration of 'syMallocReset' with type 'void(SYMallocRegion *)'
   18 | extern void syMallocReset(SYMallocRegion *buf);
      |             ^~~~~~~~~~~~~
In file included from C:/devkitPro/libnds/include/nds.h:225,
                 from D:/Stuff/DevFolder/Smash64DS_Port/src/nds/main.c:1:
C:/devkitPro/calico/include/calico.h:6:6: warning: '__ASSEMBLER__' is not defined, evaluates to '0' [-Wundef]
    6 | #if !__ASSEMBLER__
      |      ^~~~~~~~~~~~~
In file included from C:/devkitPro/calico/include/calico.h:7:
C:/devkitPro/calico/include/calico/types.h:116:5: warning: '__cplusplus' is not defined, evaluates to '0' [-Wundef]
  116 | #if __cplusplus >= 201402L
      |     ^~~~~~~~~~~
C:/devkitPro/calico/include/calico/types.h:127:5: warning: '__cplusplus' is not defined, evaluates to '0' [-Wundef]
  127 | #if __cplusplus >= 201103L
      |     ^~~~~~~~~~~
C:/devkitPro/calico/include/calico.h:36:6: warning: '__ASSEMBLER__' is not defined, evaluates to '0' [-Wundef]
   36 | #if !__ASSEMBLER__
      |      ^~~~~~~~~~~~~
make[1]: *** [/c/devkitPro/devkitARM/base_rules:40: nds_platform.o] Error 1
make[1]: *** Waiting for unfinished jobs....
In file included from C:/devkitPro/libnds/include/nds.h:225,
                 from D:/Stuff/DevFolder/Smash64DS_Port/src/port/port_probe.c:1:
C:/devkitPro/calico/include/calico.h:6:6: warning: '__ASSEMBLER__' is not defined, evaluates to '0' [-Wundef]
    6 | #if !__ASSEMBLER__
      |      ^~~~~~~~~~~~~
In file included from C:/devkitPro/calico/include/calico.h:7:
C:/devkitPro/calico/include/calico/types.h:116:5: warning: '__cplusplus' is not defined, evaluates to '0' [-Wundef]
  116 | #if __cplusplus >= 201402L
      |     ^~~~~~~~~~~
C:/devkitPro/calico/include/calico/types.h:127:5: warning: '__cplusplus' is not defined, evaluates to '0' [-Wundef]
  127 | #if __cplusplus >= 201103L
      |     ^~~~~~~~~~~
C:/devkitPro/calico/include/calico.h:36:6: warning: '__ASSEMBLER__' is not defined, evaluates to '0' [-Wundef]
   36 | #if !__ASSEMBLER__
      |      ^~~~~~~~~~~~~
In file included from C:/devkitPro/libnds/include/nds.h:225,
                 from D:/Stuff/DevFolder/Smash64DS_Port/src/nds/nds_renderer.c:53:
C:/devkitPro/calico/include/calico.h:6:6: warning: '__ASSEMBLER__' is not defined, evaluates to '0' [-Wundef]
    6 | #if !__ASSEMBLER__
      |      ^~~~~~~~~~~~~
In file included from C:/devkitPro/calico/include/calico.h:7:
C:/devkitPro/calico/include/calico/types.h:93:5: warning: '__thumb__' is not defined, evaluates to '0' [-Wundef]
   93 | #if __thumb__
      |     ^~~~~~~~~
C:/devkitPro/calico/include/calico/types.h:104:5: warning: '__thumb__' is not defined, evaluates to '0' [-Wundef]
  104 | #if __thumb__ && __ARM_ARCH < 5 && !__clang__
      |     ^~~~~~~~~
C:/devkitPro/calico/include/calico/types.h:116:5: warning: '__cplusplus' is not defined, evaluates to '0' [-Wundef]
  116 | #if __cplusplus >= 201402L
      |     ^~~~~~~~~~~
C:/devkitPro/calico/include/calico/types.h:127:5: warning: '__cplusplus' is not defined, evaluates to '0' [-Wundef]
  127 | #if __cplusplus >= 201103L
      |     ^~~~~~~~~~~
C:/devkitPro/calico/include/calico.h:36:6: warning: '__ASSEMBLER__' is not defined, evaluates to '0' [-Wundef]
   36 | #if !__ASSEMBLER__
      |      ^~~~~~~~~~~~~
In file included from C:/devkitPro/calico/include/calico.h:38:
C:/devkitPro/calico/include/calico/arm/common.h:48:6: warning: '__thumb__' is not defined, evaluates to '0' [-Wundef]
   48 | #if !__thumb__
      |      ^~~~~~~~~
In file included from C:/devkitPro/calico/include/calico.h:41:
C:/devkitPro/calico/include/calico/arm/mpu.h:36:6: warning: '__thumb__' is not defined, evaluates to '0' [-Wundef]
   36 | #if !__thumb__
      |      ^~~~~~~~~
D:/Stuff/DevFolder/Smash64DS_Port/src/nds/nds_renderer.c: In function 'ndsRendererStageTextureSiteTryBind':
D:/Stuff/DevFolder/Smash64DS_Port/src/nds/nds_renderer.c:6372:30: warning: unused parameter 'config' [-Wunused-parameter]
 6372 |     const NDSRendererConfig *config)
      |     ~~~~~~~~~~~~~~~~~~~~~~~~~^~~~~~
In file included from C:/devkitPro/libnds/include/nds.h:225,
                 from D:/Stuff/DevFolder/Smash64DS_Port/src/nds/nds_audio_bgm.c:1:
C:/devkitPro/calico/include/calico.h:6:6: warning: '__ASSEMBLER__' is not defined, evaluates to '0' [-Wundef]
    6 | #if !__ASSEMBLER__
      |      ^~~~~~~~~~~~~
In file included from C:/devkitPro/calico/include/calico.h:7:
C:/devkitPro/calico/include/calico/types.h:116:5: warning: '__cplusplus' is not defined, evaluates to '0' [-Wundef]
  116 | #if __cplusplus >= 201402L
      |     ^~~~~~~~~~~
C:/devkitPro/calico/include/calico/types.h:127:5: warning: '__cplusplus' is not defined, evaluates to '0' [-Wundef]
  127 | #if __cplusplus >= 201103L
      |     ^~~~~~~~~~~
C:/devkitPro/calico/include/calico.h:36:6: warning: '__ASSEMBLER__' is not defined, evaluates to '0' [-Wundef]
   36 | #if !__ASSEMBLER__
      |      ^~~~~~~~~~~~~
In file included from C:/devkitPro/libnds/include/nds.h:225,
                 from D:/Stuff/DevFolder/Smash64DS_Port/src/port/scheduler_backend.c:1:
C:/devkitPro/calico/include/calico.h:6:6: warning: '__ASSEMBLER__' is not defined, evaluates to '0' [-Wundef]
    6 | #if !__ASSEMBLER__
      |      ^~~~~~~~~~~~~
In file included from C:/devkitPro/calico/include/calico.h:7:
C:/devkitPro/calico/include/calico/types.h:116:5: warning: '__cplusplus' is not defined, evaluates to '0' [-Wundef]
  116 | #if __cplusplus >= 201402L
      |     ^~~~~~~~~~~
C:/devkitPro/calico/include/calico/types.h:127:5: warning: '__cplusplus' is not defined, evaluates to '0' [-Wundef]
  127 | #if __cplusplus >= 201103L
      |     ^~~~~~~~~~~
C:/devkitPro/calico/include/calico.h:36:6: warning: '__ASSEMBLER__' is not defined, evaluates to '0' [-Wundef]
   36 | #if !__ASSEMBLER__
      |      ^~~~~~~~~~~~~
In file included from D:/Stuff/DevFolder/Smash64DS_Port/src/import/battleship_sys_main.c:6:
D:/Stuff/DevFolder/Smash64DS_Port/decomp/BattleShip-main/decomp/src/sys/main.c: In function 'syMainSetDmemStatus':
D:/Stuff/DevFolder/Smash64DS_Port/decomp/BattleShip-main/decomp/src/sys/main.c:145:32: warning: comparison of integer expressions of different signedness: 'u32' {aka 'long unsigned int'} and 'int' [-Wsign-compare]
  145 |     if (IO_READ(SP_DMEM_START) == -1)
      |                                ^~
D:/Stuff/DevFolder/Smash64DS_Port/decomp/BattleShip-main/decomp/src/sys/main.c: In function 'syMainThread5':
D:/Stuff/DevFolder/Smash64DS_Port/decomp/BattleShip-main/decomp/src/sys/main.c:180:26: warning: unused parameter 'arg' [-Wunused-parameter]
  180 | void syMainThread5(void *arg)
      |                    ~~~~~~^~~
In file included from C:/devkitPro/calico/include/calico/nds/nitrorom.h:4,
                 from C:/devkitPro/libnds/include/filesystem.h:4,
                 from D:/Stuff/DevFolder/Smash64DS_Port/src/nds/nds_reloc_assets.c:1:
C:/devkitPro/calico/include/calico/types.h:116:5: warning: '__cplusplus' is not defined, evaluates to '0' [-Wundef]
  116 | #if __cplusplus >= 201402L
      |     ^~~~~~~~~~~
C:/devkitPro/calico/include/calico/types.h:127:5: warning: '__cplusplus' is not defined, evaluates to '0' [-Wundef]
  127 | #if __cplusplus >= 201103L
      |     ^~~~~~~~~~~
In file included from C:/devkitPro/libnds/include/nds.h:225,
                 from D:/Stuff/DevFolder/Smash64DS_Port/src/nds/nds_reloc_assets.c:2:
C:/devkitPro/calico/include/calico.h:6:6: warning: '__ASSEMBLER__' is not defined, evaluates to '0' [-Wundef]
    6 | #if !__ASSEMBLER__
      |      ^~~~~~~~~~~~~
C:/devkitPro/calico/include/calico.h:36:6: warning: '__ASSEMBLER__' is not defined, evaluates to '0' [-Wundef]
   36 | #if !__ASSEMBLER__
      |      ^~~~~~~~~~~~~
In file included from C:/devkitPro/libnds/include/nds/ndstypes.h:36,
                 from C:/devkitPro/libnds/include/nds/timers.h:51,
                 from D:/Stuff/DevFolder/Smash64DS_Port/src/port/n64_stubs.c:5:
C:/devkitPro/calico/include/calico/types.h:116:5: warning: '__cplusplus' is not defined, evaluates to '0' [-Wundef]
  116 | #if __cplusplus >= 201402L
      |     ^~~~~~~~~~~
C:/devkitPro/calico/include/calico/types.h:127:5: warning: '__cplusplus' is not defined, evaluates to '0' [-Wundef]
  127 | #if __cplusplus >= 201103L
      |     ^~~~~~~~~~~
In file included from C:/devkitPro/libnds/include/nds.h:225,
                 from D:/Stuff/DevFolder/Smash64DS_Port/src/port/controller_backend.c:1:
C:/devkitPro/calico/include/calico.h:6:6: warning: '__ASSEMBLER__' is not defined, evaluates to '0' [-Wundef]
    6 | #if !__ASSEMBLER__
      |      ^~~~~~~~~~~~~
In file included from C:/devkitPro/calico/include/calico.h:7:
C:/devkitPro/calico/include/calico/types.h:116:5: warning: '__cplusplus' is not defined, evaluates to '0' [-Wundef]
  116 | #if __cplusplus >= 201402L
      |     ^~~~~~~~~~~
C:/devkitPro/calico/include/calico/types.h:127:5: warning: '__cplusplus' is not defined, evaluates to '0' [-Wundef]
  127 | #if __cplusplus >= 201103L
      |     ^~~~~~~~~~~
C:/devkitPro/calico/include/calico.h:36:6: warning: '__ASSEMBLER__' is not defined, evaluates to '0' [-Wundef]
   36 | #if !__ASSEMBLER__
      |      ^~~~~~~~~~~~~
In file included from D:/Stuff/DevFolder/Smash64DS_Port/src/import/battleship_sys_scheduler.c:2:
D:/Stuff/DevFolder/Smash64DS_Port/decomp/BattleShip-main/decomp/src/sys/scheduler.c: In function 'sySchedulerCheckReadyFramebuffer':
D:/Stuff/DevFolder/Smash64DS_Port/decomp/BattleShip-main/decomp/src/sys/scheduler.c:158:9: warning: unused variable 'unused' [-Wunused-variable]
  158 |     s32 unused;
      |         ^~~~~~
D:/Stuff/DevFolder/Smash64DS_Port/decomp/BattleShip-main/decomp/src/sys/scheduler.c: In function 'sySchedulerAddPausedQueue':
D:/Stuff/DevFolder/Smash64DS_Port/decomp/BattleShip-main/decomp/src/sys/scheduler.c:318:37: warning: assignment to 'SYTaskGfx *' from incompatible pointer type 'SYTaskInfo *' [-Wincompatible-pointer-types]
  318 |         sSYSchedulerPausedQueueHead = this_info;
      |                                     ^
D:/Stuff/DevFolder/Smash64DS_Port/decomp/BattleShip-main/decomp/src/sys/scheduler.c:326:38: warning: assignment to 'SYTaskGfx *' from incompatible pointer type 'SYTaskInfo *' [-Wincompatible-pointer-types]
  326 |     else sSYSchedulerPausedQueueTail = this_info;
      |                                      ^
D:/Stuff/DevFolder/Smash64DS_Port/decomp/BattleShip-main/decomp/src/sys/scheduler.c: In function 'sySchedulerRemovePausedQueue':
D:/Stuff/DevFolder/Smash64DS_Port/decomp/BattleShip-main/decomp/src/sys/scheduler.c:336:38: warning: assignment to 'SYTaskGfx *' from incompatible pointer type 'struct SYTaskInfo *' [-Wincompatible-pointer-types]
  336 |     else sSYSchedulerPausedQueueHead = this_info->next;
      |                                      ^
D:/Stuff/DevFolder/Smash64DS_Port/decomp/BattleShip-main/decomp/src/sys/scheduler.c:342:38: warning: assignment to 'SYTaskGfx *' from incompatible pointer type 'struct SYTaskInfo *' [-Wincompatible-pointer-types]
  342 |     else sSYSchedulerPausedQueueTail = this_info->prev;
      |                                      ^
D:/Stuff/DevFolder/Smash64DS_Port/decomp/BattleShip-main/decomp/src/sys/scheduler.c: In function 'sySchedulerUpdateViMode':
D:/Stuff/DevFolder/Smash64DS_Port/decomp/BattleShip-main/decomp/src/sys/scheduler.c:601:15: warning: suggest braces around empty body in an 'if' statement [-Wempty-body]
  601 |         if (1);
      |               ^
D:/Stuff/DevFolder/Smash64DS_Port/decomp/BattleShip-main/decomp/src/sys/scheduler.c:618:15: warning: suggest braces around empty body in an 'if' statement [-Wempty-body]
  618 |         if (1);
      |               ^
D:/Stuff/DevFolder/Smash64DS_Port/decomp/BattleShip-main/decomp/src/sys/scheduler.c:642:15: warning: suggest braces around empty body in an 'if' statement [-Wempty-body]
  642 |         if (1);
      |               ^
D:/Stuff/DevFolder/Smash64DS_Port/decomp/BattleShip-main/decomp/src/sys/scheduler.c: In function 'sySchedulerExecuteTaskGfx':
D:/Stuff/DevFolder/Smash64DS_Port/decomp/BattleShip-main/decomp/src/sys/scheduler.c:743:35: warning: passing argument 1 of 'sySchedulerAddPausedQueue' from incompatible pointer type [-Wincompatible-pointer-types]
  743 |         sySchedulerAddPausedQueue(sSYSchedulerCurrentTaskGfx);
      |                                   ^~~~~~~~~~~~~~~~~~~~~~~~~~
      |                                   |
      |                                   SYTaskGfx *
D:/Stuff/DevFolder/Smash64DS_Port/decomp/BattleShip-main/decomp/src/sys/scheduler.c:300:44: note: expected 'SYTaskInfo *' but argument is of type 'SYTaskGfx *'
  300 | void sySchedulerAddPausedQueue(SYTaskInfo *this_info)
      |                                ~~~~~~~~~~~~^~~~~~~~~
D:/Stuff/DevFolder/Smash64DS_Port/decomp/BattleShip-main/decomp/src/sys/scheduler.c: In function 'sySchedulerExecuteTask':
D:/Stuff/DevFolder/Smash64DS_Port/decomp/BattleShip-main/decomp/src/sys/scheduler.c:777:9: warning: unused variable 'unused' [-Wunused-variable]
  777 |     s32 unused[4]; // required to match
      |         ^~~~~~
D:/Stuff/DevFolder/Smash64DS_Port/decomp/BattleShip-main/decomp/src/sys/scheduler.c: In function 'sySchedulerExecuteTasksAll':
D:/Stuff/DevFolder/Smash64DS_Port/decomp/BattleShip-main/decomp/src/sys/scheduler.c:1011:42: warning: passing argument 1 of 'sySchedulerRemovePausedQueue' from incompatible pointer type [-Wincompatible-pointer-types]
 1011 |             sySchedulerRemovePausedQueue(sSYSchedulerPausedQueueHead);
      |                                          ^~~~~~~~~~~~~~~~~~~~~~~~~~~
      |                                          |
      |                                          SYTaskGfx *
D:/Stuff/DevFolder/Smash64DS_Port/decomp/BattleShip-main/decomp/src/sys/scheduler.c:330:47: note: expected 'SYTaskInfo *' but argument is of type 'SYTaskGfx *'
  330 | void sySchedulerRemovePausedQueue(SYTaskInfo *this_info)
      |                                   ~~~~~~~~~~~~^~~~~~~~~
D:/Stuff/DevFolder/Smash64DS_Port/decomp/BattleShip-main/decomp/src/sys/scheduler.c: In function 'sySchedulerVRetrace':
D:/Stuff/DevFolder/Smash64DS_Port/decomp/BattleShip-main/decomp/src/sys/scheduler.c:1052:18: warning: suggest braces around empty body in an 'if' statement [-Wempty-body]
 1052 |         if (temp);
      |                  ^
D:/Stuff/DevFolder/Smash64DS_Port/decomp/BattleShip-main/decomp/src/sys/scheduler.c: In function 'sySchedulerSpTaskDone':
D:/Stuff/DevFolder/Smash64DS_Port/decomp/BattleShip-main/decomp/src/sys/scheduler.c:1075:43: warning: passing argument 1 of 'sySchedulerAddPausedQueue' from incompatible pointer type [-Wincompatible-pointer-types]
 1075 |                 sySchedulerAddPausedQueue(sSYSchedulerCurrentTaskGfx);
      |                                           ^~~~~~~~~~~~~~~~~~~~~~~~~~
      |                                           |
      |                                           SYTaskGfx *
D:/Stuff/DevFolder/Smash64DS_Port/decomp/BattleShip-main/decomp/src/sys/scheduler.c:300:44: note: expected 'SYTaskInfo *' but argument is of type 'SYTaskGfx *'
  300 | void sySchedulerAddPausedQueue(SYTaskInfo *this_info)
      |                                ~~~~~~~~~~~~^~~~~~~~~
D:/Stuff/DevFolder/Smash64DS_Port/decomp/BattleShip-main/decomp/src/sys/scheduler.c:1092:51: warning: comparison of integer expressions of different signedness: 's32' {aka 'long int'} and 'u64' {aka 'long long unsigned int'} [-Wsign-compare]
 1092 |                 if (sSYSchedulerRdpOutputBufferID < sSYSchedulerRdpCache)
      |                                                   ^
D:/Stuff/DevFolder/Smash64DS_Port/decomp/BattleShip-main/decomp/src/sys/scheduler.c: In function 'sySchedulerDpFullSync':
D:/Stuff/DevFolder/Smash64DS_Port/decomp/BattleShip-main/decomp/src/sys/scheduler.c:1164:42: warning: passing argument 1 of 'sySchedulerRemovePausedQueue' from incompatible pointer type [-Wincompatible-pointer-types]
 1164 |             sySchedulerRemovePausedQueue(sSYSchedulerPausedQueueHead);
      |                                          ^~~~~~~~~~~~~~~~~~~~~~~~~~~
      |                                          |
      |                                          SYTaskGfx *
D:/Stuff/DevFolder/Smash64DS_Port/decomp/BattleShip-main/decomp/src/sys/scheduler.c:330:47: note: expected 'SYTaskInfo *' but argument is of type 'SYTaskGfx *'
  330 | void sySchedulerRemovePausedQueue(SYTaskInfo *this_info)
      |                                   ~~~~~~~~~~~~^~~~~~~~~
D:/Stuff/DevFolder/Smash64DS_Port/decomp/BattleShip-main/decomp/src/sys/scheduler.c: In function 'sySchedulerThreadMain':
D:/Stuff/DevFolder/Smash64DS_Port/decomp/BattleShip-main/decomp/src/sys/scheduler.c:1198:34: warning: assignment to 'SYTaskAudio *' from incompatible pointer type 'SYTaskGfx *' [-Wincompatible-pointer-types]
 1198 |     sSYSchedulerCurrentTaskAudio =
      |                                  ^
D:/Stuff/DevFolder/Smash64DS_Port/decomp/BattleShip-main/decomp/src/sys/scheduler.c:1197:32: warning: assignment to 'SYTaskGfx *' from incompatible pointer type 'SYTaskAudio *' [-Wincompatible-pointer-types]
 1197 |     sSYSchedulerCurrentTaskGfx =
      |                                ^
D:/Stuff/DevFolder/Smash64DS_Port/decomp/BattleShip-main/decomp/src/sys/scheduler.c:1196:31: warning: assignment to 'SYTaskInfo *' from incompatible pointer type 'SYTaskGfx *' [-Wincompatible-pointer-types]
 1196 |     sSYSchedulerMainQueueTail =
      |                               ^
D:/Stuff/DevFolder/Smash64DS_Port/decomp/BattleShip-main/decomp/src/sys/scheduler.c:1291:37: warning: passing argument 1 of 'sySchedulerPrepTask' makes pointer from integer without a cast [-Wint-conversion]
 1291 |                 sySchedulerPrepTask(mesg);
      |                                     ^~~~
      |                                     |
      |                                     s32 {aka long int}
D:/Stuff/DevFolder/Smash64DS_Port/decomp/BattleShip-main/decomp/src/sys/scheduler.c:1170:38: note: expected 'SYTaskInfo *' but argument is of type 's32' {aka 'long int'}
 1170 | void sySchedulerPrepTask(SYTaskInfo *task)
      |                          ~~~~~~~~~~~~^~~~
D:/Stuff/DevFolder/Smash64DS_Port/decomp/BattleShip-main/decomp/src/sys/scheduler.c:1188:34: warning: unused parameter 'arg' [-Wunused-parameter]
 1188 | void sySchedulerThreadMain(void *arg)
      |                            ~~~~~~^~~
make: *** [Makefile:1009: builds/build] Error 2
