GBI decode fixtures passed: F3DEX2 VTX/TRI/MTX/POPMTX packing, F3DEX MVP-recalc matrix move-word packing, transformed and hardware raw/material triangle readiness, N64 matrix to DS 20.12 modelview-projection/modelview-stack vertex transform, wallpaper inverse/overlap oracle, and source snippets verified.
Harness registry check passed: 161 harness mappings, 166 verifier scripts, 0 drift.
Running verifier: battle_mariofox_stage_mplivehit_status_loop [verify-battle-mariofox-stage-mplivehit-status-loop-harness.ps1]
make: Entering directory '/d/Stuff/DevFolder/Smash64DS_Port'
battleship_sys_taskman.c
battleship_mnstartup.c
battleship_sys_objhelper.c
scene_backend.c
nds_platform.c
battleship_mvopeningportraits.c
nds_renderer.c
battleship_mvopeningmario.c
battleship_mvopeningdonkey.c
battleship_mvopeningroom.c
battleship_mvopeninglink.c
battleship_mvopeningfox.c
battleship_mvopeningkirby.c
battleship_mvopeningpikachu.c
battleship_mvopeningsamus.c
battleship_mvopeningyoshi.c
battleship_mntitle.c
battleship_mnvsmode.c
battleship_mnplayersvs.c
battleship_mnmaps.c
battleship_scvsbattle.c
battleship_grinishie_scale.c
battleship_grpupupu_ground.c
battleship_ftcommon_wait.c
battleship_ftcommon_walk.c
battleship_ftcommon_turn.c
battleship_ftcommon_turnrun.c
battleship_ftcommon_dash.c
battleship_ftcommon_run.c
battleship_ftcommon_runbrake.c
battleship_ftcommon_kneebend.c
battleship_ftcommon_jump.c
battleship_ftcommon_pass.c
battleship_ftcomputer.c
battleship_mnvsresults.c
battleship_ifcommon.c
battleship_mario_fireball.c
battleship_fox_blaster.c
battleship_fox_reflector.c
linking smash64ds-battle-mariofox-stage-mplivehit-status-loop-hwtri.elf
Nintendo DS rom tool 2.3.1 - Jan  8 2024
by Rafael Vuijk, Dave Murphy, Alexei Karpenko
built ... smash64ds-battle-mariofox-stage-mplivehit-status-loop-hwtri.nds
make: Leaving directory '/d/Stuff/DevFolder/Smash64DS_Port'
Battle Mario/Fox Stage MP live-hit status-loop ftmanager natural-combat harness passed: wait=460/347 walk=8/8 dash=7/6 run=8/9 attack=5 hitbox=4 dmg=0->4 status=40 knock=6149 guard=0/0/0 retries=0 updates=505 mask=0x3fdff hwflush=1/1 hwsubmit=42 hwtri=202 hwdepth=z66/proj136/decal0 hwtex=bind36/upload32/ready44/reject0/fmt4/max128x128 hwftr=2/626 oracle=2484/0/0 submit=raw648/snap0/cross44/noz126/range10/rej0/div1242 hdiv=1377/0/27/z0/mis0 lazy=load821/xf821/hit540/new67/reuse7/ovf0 rawcand=648/10/44 postest=32/0/e2/mw1 aobj32=32/240/reuse0/fail0
Running verifier: menu_chain_mariofox_stage_mplivehit_status_loop [verify-menu-chain-mariofox-stage-mplivehit-status-loop-harness.ps1]
make: Entering directory '/d/Stuff/DevFolder/Smash64DS_Port'
nds_platform.c
battleship_mnstartup.c
nds_renderer.c
battleship_sys_objhelper.c
scene_backend.c
battleship_sys_taskman.c
battleship_mvopeningmario.c
battleship_mvopeninglink.c
battleship_mvopeningroom.c
battleship_mvopeningportraits.c
battleship_mvopeningsamus.c
battleship_mvopeningyoshi.c
battleship_mvopeningdonkey.c
battleship_mvopeningfox.c
battleship_mvopeningkirby.c
battleship_mvopeningpikachu.c
battleship_mntitle.c
battleship_mnvsmode.c
battleship_mnplayersvs.c
battleship_grpupupu_ground.c
battleship_grinishie_scale.c
battleship_scvsbattle.c
battleship_mnmaps.c
battleship_ftcommon_wait.c
battleship_ftcommon_turn.c
battleship_ftcommon_turnrun.c
battleship_ftcommon_walk.c
battleship_ftcommon_runbrake.c
battleship_ftcommon_run.c
battleship_ftcommon_dash.c
battleship_ftcommon_kneebend.c
battleship_ftcommon_jump.c
battleship_ftcommon_pass.c
battleship_ftcomputer.c
battleship_mnvsresults.c
battleship_mario_fireball.c
battleship_fox_blaster.c
battleship_ifcommon.c
battleship_fox_reflector.c
linking smash64ds-menu-chain-mariofox-stage-mplivehit-status-loop-hwtri.elf
Nintendo DS rom tool 2.3.1 - Jan  8 2024
by Rafael Vuijk, Dave Murphy, Alexei Karpenko
built ... smash64ds-menu-chain-mariofox-stage-mplivehit-status-loop-hwtri.nds
make: Leaving directory '/d/Stuff/DevFolder/Smash64DS_Port'
Menu-chain Mario/Fox Stage MP live-hit status-loop ftmanager natural-combat harness passed: wait=460/347 walk=8/8 dash=7/6 run=8/9 attack=5 hitbox=4 dmg=0->4 status=40 knock=6149 guard=0/0/0 retries=0 updates=505 mask=0x3fdff hwflush=1/1 hwsubmit=42 hwtri=202 hwdepth=z66/proj136/decal0 hwtex=bind36/upload32/ready44/reject0/fmt4/max128x128 hwftr=2/626 oracle=2484/0/0 submit=raw648/snap0/cross44/noz126/range10/rej0/div1242 hdiv=1377/0/27/z0/mis0 lazy=load821/xf821/hit540/new67/reuse7/ovf0 rawcand=648/10/44 postest=32/0/e2/mw1 aobj32=34/288/reuse0/fail0
Running verifier: battle_playable [verify-battle-playable-harness.ps1]
make: Entering directory '/d/Stuff/DevFolder/Smash64DS_Port'
make: Leaving directory '/d/Stuff/DevFolder/Smash64DS_Port'
