nds_reloc_assets.c
main.c
nds_platform.c
nds_audio_assets.c
os_selftest.c
nds_renderer.c
coroutine.c
port_probe.c
nds_audio_bgm.c
boot_stubs.c
n64_stubs.c
libultra_os.c
controller_backend.c
scheduler_backend.c
battleship_sys_main.c
battleship_sys_scheduler.c
battleship_sys_controller.c
battleship_sys_maindevice.c
battleship_sys_zbuffer.c
battleship_sys_malloc.c
battleship_sys_video.c
battleship_sys_framebuffer.c
video_bootstrap.c
battleship_sys_sintable.c
battleship_libultra_gu_mtxcatf.c
battleship_scmanager.c
battleship_sys_matrix.c
scene_backend.c
battleship_mnstartup.c
battleship_libultra_gu_normalize.c
scene_harness.c
utils.c
vector.c
battleship_sys_taskman.c
battleship_scsubsyscontroller.c
battleship_ftdisplaylights.c
battleship_sys_objhelper.c
battleship_sys_objman.c
battleship_ftdisplaymain.c
battleship_sys_objanim.c
battleship_sys_interp.c
battleship_mvopeningroom.c
battleship_mvopeningportraits.c
battleship_mvopeningmario.c
battleship_mvopeninglink.c
battleship_mvopeningdonkey.c
battleship_mvopeningsamus.c
battleship_mvopeningyoshi.c
battleship_mntitlefiles.c
battleship_mvopeningfox.c
battleship_mvopeningkirby.c
battleship_mvopeningpikachu.c
battleship_mntitle.c
battleship_mnplayersvs.c
battleship_mnvsmode.c
battleship_mnmaps.c
battleship_gmcommon.c
battleship_gmcollision.c
battleship_scvsbattle.c
battleship_grpupupu_ground.c
battleship_grinishie_scale.c
battleship_ftcommon_wait.c
battleship_ftcommon_walk.c
battleship_ftcommon_turn.c
battleship_ftcommon_attack1.c
battleship_ftcommon_turnrun.c
battleship_ftcommon_dash.c
battleship_ftcommon_attackdash.c
battleship_ftcommon_attack100.c
battleship_mariofox_mainmotion.c
battleship_ftcommon_attackair.c
battleship_ftcommon_appeal.c
battleship_ftcommon_catch.c
battleship_ftcommon_run.c
battleship_ftcommon_guard.c
battleship_ftcommon_escape.c
battleship_ftcommon_runbrake.c
battleship_ftcommon_jump.c
battleship_ftcommon_kneebend.c
battleship_ftcommon_pass.c
battleship_ftcommon_fall.c
battleship_ftcommon_landing.c
battleship_ftcommon_ottotto.c
battleship_ftcommon_stopceil.c
battleship_ftcommon_cliffcatchwait.c
battleship_ftcommon_cliffclimb.c
battleship_ftcommon_cliffattack.c
battleship_ftcommon_cliffescape.c
battleship_ftcommon_rebound.c
battleship_ftcommon_walldamage.c
battleship_ftcommon_damage.c
battleship_ftcommon_twister.c
battleship_ftcommon_damagefall.c
battleship_ftcommon_furasleep.c
battleship_ftcommon_passive.c
battleship_ftcommon_downwaitbounce.c
battleship_ftcommon_passivestand.c
battleship_ftcommon_downattack.c
battleship_ftcommon_downforwardback.c
battleship_ftcommon_downstand.c
battleship_ftcommon_normal_moveset.c
battleship_ftchar_data_slots.c
battleship_ftdata.c
battleship_scsubsysdata_ft.c
battleship_ftanim.c
battleship_ftanimend.c
reloc_backend_ftdata_stubs.c
battleship_ftkey.c
reloc_backend_ftdata_symbols.c
battleship_ftmanager.c
battleship_ftstatus_inactive_stubs.c
battleship_ftstatus_map_physics_shims.c
battleship_ftstatus_callback_aliases.c
battleship_gmcamera.c
battleship_ftcomputer.c
battleship_ftcommon_rebirth.c
battle_playable_compat_stubs.c
battleship_ftcommon_dead.c
battleship_ifscreenflash.c
battleship_ifcommon.c
battleship_special_common.c
battleship_wpmanager_core.c
battleship_mario_fireball.c
battleship_fox_blaster.c
battleship_efmanager.c
battleship_fox_reflector.c
battleship_ftcommon_fallspecial.c
battleship_mario_special_lw.c
battleship_mario_special_hi.c
battleship_fox_special_hi.c
coroutine_arm.s
battleship_ftmain.c
linking smash64ds-battle-playable-canonical-hwtri.elf
Nintendo DS rom tool 2.3.1 - Jan  8 2024
by Rafael Vuijk, Dave Murphy, Alexei Karpenko
built ... smash64ds-battle-playable-canonical-hwtri.nds
