In file included from C:/devkitPro/libnds/include/nds/ndstypes.h:36,
                 from C:/devkitPro/libnds/include/nds/timers.h:51,
                 from D:/Stuff/DevFolder/Smash64DS_Port/src/port/scene_backend.c:6:
C:/devkitPro/calico/include/calico/types.h:116:5: warning: '__cplusplus' is not defined, evaluates to '0' [-Wundef]
  116 | #if __cplusplus >= 201402L
      |     ^~~~~~~~~~~
C:/devkitPro/calico/include/calico/types.h:127:5: warning: '__cplusplus' is not defined, evaluates to '0' [-Wundef]
  127 | #if __cplusplus >= 201103L
      |     ^~~~~~~~~~~
In file included from D:/Stuff/DevFolder/Smash64DS_Port/src/import/battleship_ftcomputer.c:15:
D:/Stuff/DevFolder/Smash64DS_Port/decomp/BattleShip-main/decomp/src/ft/ftcomputer.c: In function 'ftComputerCheckDetectTarget':
D:/Stuff/DevFolder/Smash64DS_Port/decomp/BattleShip-main/decomp/src/ft/ftcomputer.c:3935:9: warning: unused variable 'unused' [-Wunused-variable]
 3935 |     s32 unused[2];
      |         ^~~~~~
D:/Stuff/DevFolder/Smash64DS_Port/decomp/BattleShip-main/decomp/src/ft/ftcomputer.c: In function 'ftComputerCheckTargetItemOrTwister':
D:/Stuff/DevFolder/Smash64DS_Port/decomp/BattleShip-main/decomp/src/ft/ftcomputer.c:4881:17: warning: suggest parentheses around '&&' within '||' [-Wparentheses]
 4878 |                 (
      |                 ~
 4879 |                     (ip->attack_coll.attack_state != nGMAttackStateOff) && (ip->attack_coll.attack_state != nGMAttackStateNew)
      |                     ~~~~~~~~~~~~~~~~~~~~~~~~~~~~~~~~~~~~~~~~~~~~~~~~~~~~~~~~~~~~~~~~~~~~~~~~~~~~~~~~~~~~~~~~~~~~~~~~~~~~~~~~~~
 4880 |                 )
      |                 ~
 4881 |                 &&
      |                 ^~
 4882 |                 (ip->attack_coll.interact_mask & GMHITCOLLISION_FLAG_FIGHTER)
      |                 ~~~~~~~~~~~~~~~~~~~~~~~~~~~~~~~~~~~~~~~~~~~~~~~~~~~~~~~~~~~~~
D:/Stuff/DevFolder/Smash64DS_Port/decomp/BattleShip-main/decomp/src/ft/ftcomputer.c:4853:9: warning: unused variable 'unused' [-Wunused-variable]
 4853 |     s32 unused;
      |         ^~~~~~
D:/Stuff/DevFolder/Smash64DS_Port/decomp/BattleShip-main/decomp/src/ft/ftcomputer.c: In function 'ftComputerFollowObjectiveWalk':
D:/Stuff/DevFolder/Smash64DS_Port/decomp/BattleShip-main/decomp/src/ft/ftcomputer.c:5167:49: warning: suggest parentheses around '&&' within '||' [-Wparentheses]
 5167 |                                 (fp->level > 5) &&
      |                                 ~~~~~~~~~~~~~~~~^~
 5168 |                                 (syUtilsRandFloat() * (550 - (fp->level * 50)) < 70.0F) ||
      |                                 ~~~~~~~~~~~~~~~~~~~~~~~~~~~~~~~~~~~~~~~~~~~~~~~~~~~~~~~
D:/Stuff/DevFolder/Smash64DS_Port/decomp/BattleShip-main/decomp/src/ft/ftcomputer.c:4962:9: warning: unused variable 'unused' [-Wunused-variable]
 4962 |     s32 unused;
      |         ^~~~~~
D:/Stuff/DevFolder/Smash64DS_Port/decomp/BattleShip-main/decomp/src/ft/ftcomputer.c: In function 'func_ovl3_80135B78':
D:/Stuff/DevFolder/Smash64DS_Port/decomp/BattleShip-main/decomp/src/ft/ftcomputer.c:5349:54: warning: suggest braces around empty body in an 'if' statement [-Wempty-body]
 5349 |                 if (this_fp->level && this_fp->level); // WTF???
      |                                                      ^
D:/Stuff/DevFolder/Smash64DS_Port/decomp/BattleShip-main/decomp/src/ft/ftcomputer.c:5402:74: warning: left-hand operand of comma expression has no effect [-Wunused-value]
 5402 |                                                     (this_fp->fkind == (0,nFTKindFox)) || // WTF????????????????????????
      |                                                                          ^
D:/Stuff/DevFolder/Smash64DS_Port/decomp/BattleShip-main/decomp/src/ft/ftcomputer.c:5469:74: warning: left-hand operand of comma expression has no effect [-Wunused-value]
 5469 |                                                     (this_fp->fkind == (0, nFTKindFox))  || // I AM LOSING MY MIND
      |                                                                          ^
D:/Stuff/DevFolder/Smash64DS_Port/decomp/BattleShip-main/decomp/src/ft/ftcomputer.c:5488:5: warning: label 'next_item' defined but not used [-Wunused-label]
 5488 |     next_item:
      |     ^~~~~~~~~
D:/Stuff/DevFolder/Smash64DS_Port/decomp/BattleShip-main/decomp/src/ft/ftcomputer.c:5421:5: warning: label 'next_weapon' defined but not used [-Wunused-label]
 5421 |     next_weapon:
      |     ^~~~~~~~~~~
D:/Stuff/DevFolder/Smash64DS_Port/decomp/BattleShip-main/decomp/src/ft/ftcomputer.c:5327:18: warning: variable 'wp_attack_collpos' set but not used [-Wunused-but-set-variable]
 5327 |     WPAttackPos *wp_attack_collpos;
      |                  ^~~~~~~~~~~~~~~~~
D:/Stuff/DevFolder/Smash64DS_Port/decomp/BattleShip-main/decomp/src/ft/ftcomputer.c:5326:18: warning: unused variable 'it_attack_collpos' [-Wunused-variable]
 5326 |     ITAttackPos *it_attack_collpos;
      |                  ^~~~~~~~~~~~~~~~~
D:/Stuff/DevFolder/Smash64DS_Port/decomp/BattleShip-main/decomp/src/ft/ftcomputer.c: In function 'ftComputerCheckSetEvadeTarget':
D:/Stuff/DevFolder/Smash64DS_Port/decomp/BattleShip-main/decomp/src/ft/ftcomputer.c:5670:9: warning: unused variable 'unused' [-Wunused-variable]
 5670 |     s32 unused;
      |         ^~~~~~
D:/Stuff/DevFolder/Smash64DS_Port/decomp/BattleShip-main/decomp/src/ft/ftcomputer.c: In function 'ftComputerGetObjectiveStatus':
D:/Stuff/DevFolder/Smash64DS_Port/decomp/BattleShip-main/decomp/src/ft/ftcomputer.c:6169:90: warning: suggest parentheses around '&&' within '||' [-Wparentheses]
 6167 |         (gSCManagerBattleState->gkind == nGRKindInishie) &&
      |         ~~~~~~~~~~~~~~~~~~~~~~~~~~~~~~~~~~~~~~~~~~~~~~~~~~~                               
 6168 |         (this_fp->coll_data.floor_line_id >= 0) &&
      |         ~~~~~~~~~~~~~~~~~~~~~~~~~~~~~~~~~~~~~~~~~~                                        
 6169 |         (mpCollisionCheckExistPlatformLineID(this_fp->coll_data.floor_line_id) != FALSE) &&
      |         ~~~~~~~~~~~~~~~~~~~~~~~~~~~~~~~~~~~~~~~~~~~~~~~~~~~~~~~~~~~~~~~~~~~~~~~~~~~~~~~~~^~
 6170 |         (this_fp->joints[nFTPartsJointTopN]->translate.vec.f.y < -100.0F)
      |         ~~~~~~~~~~~~~~~~~~~~~~~~~~~~~~~~~~~~~~~~~~~~~~~~~~~~~~~~~~~~~~~~~                 
D:/Stuff/DevFolder/Smash64DS_Port/decomp/BattleShip-main/decomp/src/ft/ftcomputer.c: In function 'func_ovl3_8013877C':
D:/Stuff/DevFolder/Smash64DS_Port/decomp/BattleShip-main/decomp/src/ft/ftcomputer.c:6769:9: warning: unused variable 'unused' [-Wunused-variable]
 6769 |     s32 unused[2];
      |         ^~~~~~
D:/Stuff/DevFolder/Smash64DS_Port/decomp/BattleShip-main/decomp/src/ft/ftcomputer.c: In function 'ftComputerFollowObjectiveAttack':
D:/Stuff/DevFolder/Smash64DS_Port/decomp/BattleShip-main/decomp/src/ft/ftcomputer.c:7112:9: warning: unused variable 'unused' [-Wunused-variable]
 7112 |     s32 unused[2];
      |         ^~~~~~
D:/Stuff/DevFolder/Smash64DS_Port/decomp/BattleShip-main/decomp/src/ft/ftcomputer.c: In function 'func_ovl3_801397F4':
D:/Stuff/DevFolder/Smash64DS_Port/decomp/BattleShip-main/decomp/src/ft/ftcomputer.c:7244:9: warning: unused variable 'unused' [-Wunused-variable]
 7244 |     s32 unused[2];
      |         ^~~~~~
D:/Stuff/DevFolder/Smash64DS_Port/decomp/BattleShip-main/decomp/src/ft/ftcomputer.c: In function 'ftComputerFollowObjectiveAlly':
D:/Stuff/DevFolder/Smash64DS_Port/decomp/BattleShip-main/decomp/src/ft/ftcomputer.c:7330:9: warning: unused variable 'unused' [-Wunused-variable]
 7330 |     s32 unused[2];
      |         ^~~~~~
D:/Stuff/DevFolder/Smash64DS_Port/decomp/BattleShip-main/decomp/src/ft/ftcomputer.c: In function 'ftComputerFollowObjectivePatrol':
D:/Stuff/DevFolder/Smash64DS_Port/decomp/BattleShip-main/decomp/src/ft/ftcomputer.c:7412:9: warning: unused variable 'unused' [-Wunused-variable]
 7412 |     s32 unused[2];
      |         ^~~~~~
D:/Stuff/DevFolder/Smash64DS_Port/decomp/BattleShip-main/decomp/src/ft/ftcomputer.c: In function 'ftComputerFollowObjectiveRush':
D:/Stuff/DevFolder/Smash64DS_Port/decomp/BattleShip-main/decomp/src/ft/ftcomputer.c:7539:9: warning: unused variable 'unused' [-Wunused-variable]
 7539 |     s32 unused;
      |         ^~~~~~
D:/Stuff/DevFolder/Smash64DS_Port/decomp/BattleShip-main/decomp/src/ft/ftcomputer.c:7538:10: warning: variable 'var_a1' set but not used [-Wunused-but-set-variable]
 7538 |     sb32 var_a1;
      |          ^~~~~~
D:/Stuff/DevFolder/Smash64DS_Port/decomp/BattleShip-main/decomp/src/ft/ftcomputer.c: In function 'ftComputerCheckDetectTarget':
D:/Stuff/DevFolder/Smash64DS_Port/decomp/BattleShip-main/decomp/src/ft/ftcomputer.c:4510:1: warning: control reaches end of non-void function [-Wreturn-type]
 4510 | }
      | ^
In file included from D:/Stuff/DevFolder/Smash64DS_Port/src/port/reloc_backend.c:880,
                 from D:/Stuff/DevFolder/Smash64DS_Port/src/port/scene_backend.c:72:
D:/Stuff/DevFolder/Smash64DS_Port/src/port/reloc_backend_movement.c: In function 'ndsFighterJumpAttackAirProbeDirections':
D:/Stuff/DevFolder/Smash64DS_Port/src/port/reloc_backend_movement.c:3077:35: warning: comparison of integer expressions of different signedness: 'u32' {aka 'long unsigned int'} and 'long int' [-Wsign-compare]
 3077 |             (fp->motion_attack_id ==
      |                                   ^~
In file included from D:/Stuff/DevFolder/Smash64DS_Port/src/port/reloc_backend.c:889:
D:/Stuff/DevFolder/Smash64DS_Port/src/port/reloc_backend_diagnostic_recorders.c: In function 'ndsFighterDashRunProbeDamageInvincibleGate':
D:/Stuff/DevFolder/Smash64DS_Port/src/port/reloc_backend_diagnostic_recorders.c:7630:26: warning: comparison of integer expressions of different signedness: 'u32' {aka 'long unsigned int'} and 's32' {aka 'long int'} [-Wsign-compare]
 7630 |     if ((fp->hitlag_tics == saved_hitlag_tics) &&
      |                          ^~
D:/Stuff/DevFolder/Smash64DS_Port/src/port/reloc_backend_diagnostic_recorders.c: In function 'ndsFighterMarioFoxStageMPLiveHitDamageLoopRunShieldStatProof':
D:/Stuff/DevFolder/Smash64DS_Port/src/port/reloc_backend_diagnostic_recorders.c:11464:49: warning: comparison of integer expressions of different signedness: 'u32' {aka 'long unsigned int'} and 's32' {aka 'long int'} [-Wsign-compare]
11464 |     if ((hitlag > 0) && (victim_fp->hitlag_tics == hitlag))
      |                                                 ^~
D:/Stuff/DevFolder/Smash64DS_Port/src/port/reloc_backend_diagnostic_recorders.c:11551:33: warning: comparison of integer expressions of different signedness: 'u32' {aka 'long unsigned int'} and 's32' {aka 'long int'} [-Wsign-compare]
11551 |         (victim_fp->hitlag_tics == shield_break_hitlag) &&
      |                                 ^~
D:/Stuff/DevFolder/Smash64DS_Port/src/port/reloc_backend_diagnostic_recorders.c: In function 'ndsFighterDashRunStepAttackDamageProcParams':
D:/Stuff/DevFolder/Smash64DS_Port/src/port/reloc_backend_diagnostic_recorders.c:16361:49: warning: comparison of integer expressions of different signedness: 'u32' {aka 'long unsigned int'} and 's32' {aka 'long int'} [-Wsign-compare]
16361 |         (attack_hitlag > 0) && (fp->hitlag_tics == attack_hitlag) &&
      |                                                 ^~
D:/Stuff/DevFolder/Smash64DS_Port/src/port/reloc_backend_diagnostic_recorders.c:16401:26: warning: comparison of integer expressions of different signedness: 'u32' {aka 'long unsigned int'} and 's32' {aka 'long int'} [-Wsign-compare]
16401 |         (fp->hitlag_tics == attack_shield_hitlag) &&
      |                          ^~
D:/Stuff/DevFolder/Smash64DS_Port/src/port/reloc_backend_diagnostic_recorders.c:16464:50: warning: comparison of integer expressions of different signedness: 'u32' {aka 'long unsigned int'} and 's32' {aka 'long int'} [-Wsign-compare]
16464 |     if ((rebound_hitlag > 0) && (fp->hitlag_tics == rebound_hitlag))
      |                                                  ^~
D:/Stuff/DevFolder/Smash64DS_Port/src/port/reloc_backend_diagnostic_recorders.c:16538:33: warning: comparison of integer expressions of different signedness: 'u32' {aka 'long unsigned int'} and 's32' {aka 'long int'} [-Wsign-compare]
16538 |         (target_fp->hitlag_tics == shield_damage_hitlag) &&
      |                                 ^~
D:/Stuff/DevFolder/Smash64DS_Port/src/port/reloc_backend_diagnostic_recorders.c:16603:33: warning: comparison of integer expressions of different signedness: 'u32' {aka 'long unsigned int'} and 's32' {aka 'long int'} [-Wsign-compare]
16603 |         (target_fp->hitlag_tics == shield_break_hitlag) &&
      |                                 ^~
D:/Stuff/DevFolder/Smash64DS_Port/src/port/reloc_backend_diagnostic_recorders.c:16877:33: warning: comparison of integer expressions of different signedness: 'u32' {aka 'long unsigned int'} and 's32' {aka 'long int'} [-Wsign-compare]
16877 |     if ((target_fp->hitlag_tics == hitlag) &&
      |                                 ^~
D:/Stuff/DevFolder/Smash64DS_Port/src/port/reloc_backend_diagnostic_recorders.c: At top level:
D:/Stuff/DevFolder/Smash64DS_Port/src/port/reloc_backend_diagnostic_recorders.c:17881:13: warning: 'ndsFighterMarioFoxRecordStubFighter' defined but not used [-Wunused-function]
17881 | static void ndsFighterMarioFoxRecordStubFighter(FTDesc *desc,
      |             ^~~~~~~~~~~~~~~~~~~~~~~~~~~~~~~~~~~
D:/Stuff/DevFolder/Smash64DS_Port/src/port/reloc_backend_diagnostic_recorders.c:17708:14: warning: 'ndsFighterMarioFoxMakeFighter' defined but not used [-Wunused-function]
17708 | static GObj *ndsFighterMarioFoxMakeFighter(FTDesc *desc)
      |              ^~~~~~~~~~~~~~~~~~~~~~~~~~~~~
D:/Stuff/DevFolder/Smash64DS_Port/src/port/reloc_backend_diagnostic_recorders.c:16984:13: warning: 'ndsFighterDashRunProbeAttackRecordCarry' defined but not used [-Wunused-function]
16984 | static void ndsFighterDashRunProbeAttackRecordCarry(FTStruct *fp)
      |             ^~~~~~~~~~~~~~~~~~~~~~~~~~~~~~~~~~~~~~~
D:/Stuff/DevFolder/Smash64DS_Port/src/port/reloc_backend_diagnostic_recorders.c:16914:13: warning: 'ndsFighterDashRunStepAttackCollFighterRange' defined but not used [-Wunused-function]
16914 | static sb32 ndsFighterDashRunStepAttackCollFighterRange(FTStruct *fp,
      |             ^~~~~~~~~~~~~~~~~~~~~~~~~~~~~~~~~~~~~~~~~~~
D:/Stuff/DevFolder/Smash64DS_Port/src/port/reloc_backend_diagnostic_recorders.c:16262:13: warning: 'ndsFighterDashRunStepAttackDamageProcParams' defined but not used [-Wunused-function]
16262 | static sb32 ndsFighterDashRunStepAttackDamageProcParams(FTStruct *fp,
      |             ^~~~~~~~~~~~~~~~~~~~~~~~~~~~~~~~~~~~~~~~~~~
D:/Stuff/DevFolder/Smash64DS_Port/src/port/reloc_backend_diagnostic_recorders.c:16161:13: warning: 'ndsFighterDashRunStepAttackDamageHitStats' defined but not used [-Wunused-function]
16161 | static sb32 ndsFighterDashRunStepAttackDamageHitStats(FTStruct *fp,
      |             ^~~~~~~~~~~~~~~~~~~~~~~~~~~~~~~~~~~~~~~~~
D:/Stuff/DevFolder/Smash64DS_Port/src/port/reloc_backend_diagnostic_recorders.c:15644:13: warning: 'ndsFighterDashRunStepAttackDamageHitLog' defined but not used [-Wunused-function]
15644 | static sb32 ndsFighterDashRunStepAttackDamageHitLog(FTStruct *fp,
      |             ^~~~~~~~~~~~~~~~~~~~~~~~~~~~~~~~~~~~~~~
D:/Stuff/DevFolder/Smash64DS_Port/src/port/reloc_backend_diagnostic_recorders.c:15576:13: warning: 'ndsFighterDashRunStepAttackDamageRecord' defined but not used [-Wunused-function]
15576 | static sb32 ndsFighterDashRunStepAttackDamageRecord(FTStruct *fp,
      |             ^~~~~~~~~~~~~~~~~~~~~~~~~~~~~~~~~~~~~~~
D:/Stuff/DevFolder/Smash64DS_Port/src/port/reloc_backend_diagnostic_recorders.c:15459:13: warning: 'ndsFighterDashRunStepAttackDamageCollide' defined but not used [-Wunused-function]
15459 | static sb32 ndsFighterDashRunStepAttackDamageCollide(FTStruct *fp,
      |             ^~~~~~~~~~~~~~~~~~~~~~~~~~~~~~~~~~~~~~~~
D:/Stuff/DevFolder/Smash64DS_Port/src/port/reloc_backend_diagnostic_recorders.c:12107:13: warning: 'ndsGMCollisionCheckFighterAttackShieldCollideSelected' defined but not used [-Wunused-function]
12107 | static sb32 ndsGMCollisionCheckFighterAttackShieldCollideSelected(
      |             ^~~~~~~~~~~~~~~~~~~~~~~~~~~~~~~~~~~~~~~~~~~~~~~~~~~~~
D:/Stuff/DevFolder/Smash64DS_Port/src/port/reloc_backend_diagnostic_recorders.c:12084:13: warning: 'ndsGMCollisionCheckFighterAttacksCollideSelected' defined but not used [-Wunused-function]
12084 | static sb32 ndsGMCollisionCheckFighterAttacksCollideSelected(
      |             ^~~~~~~~~~~~~~~~~~~~~~~~~~~~~~~~~~~~~~~~~~~~~~~~
D:/Stuff/DevFolder/Smash64DS_Port/src/port/reloc_backend_diagnostic_recorders.c:11985:13: warning: 'ndsFighterDashRunStepAttackDamageRectangle' defined but not used [-Wunused-function]
11985 | static sb32 ndsFighterDashRunStepAttackDamageRectangle(FTStruct *fp,
      |             ^~~~~~~~~~~~~~~~~~~~~~~~~~~~~~~~~~~~~~~~~~
D:/Stuff/DevFolder/Smash64DS_Port/src/port/reloc_backend_diagnostic_recorders.c:11706:13: warning: 'ndsFighterDashRunStepAttackCollInterpolate' defined but not used [-Wunused-function]
11706 | static sb32 ndsFighterDashRunStepAttackCollInterpolate(FTStruct *fp,
      |             ^~~~~~~~~~~~~~~~~~~~~~~~~~~~~~~~~~~~~~~~~~
D:/Stuff/DevFolder/Smash64DS_Port/src/port/reloc_backend_diagnostic_recorders.c:11627:13: warning: 'ndsFighterDashRunStepAttackCollPosition' defined but not used [-Wunused-function]
11627 | static sb32 ndsFighterDashRunStepAttackCollPosition(FTStruct *fp,
      |             ^~~~~~~~~~~~~~~~~~~~~~~~~~~~~~~~~~~~~~~
D:/Stuff/DevFolder/Smash64DS_Port/src/port/reloc_backend_diagnostic_recorders.c:11612:13: warning: 'ndsFighterDashRunShouldWriteBackAttackPosition' defined but not used [-Wunused-function]
11612 | static sb32 ndsFighterDashRunShouldWriteBackAttackPosition(
      |             ^~~~~~~~~~~~~~~~~~~~~~~~~~~~~~~~~~~~~~~~~~~~~~
D:/Stuff/DevFolder/Smash64DS_Port/src/port/reloc_backend_diagnostic_recorders.c:11605:12: warning: 'ndsFTMotionSignExtend' defined but not used [-Wunused-function]
11605 | static s32 ndsFTMotionSignExtend(u32 value, u32 bits)
      |            ^~~~~~~~~~~~~~~~~~~~~
In file included from D:/Stuff/DevFolder/Smash64DS_Port/src/port/reloc_backend.c:877:
D:/Stuff/DevFolder/Smash64DS_Port/src/port/reloc_backend_renderer_dl.c:5617:13: warning: 'ndsFighterDisplayContractCapture' defined but not used [-Wunused-function]
 5617 | static void ndsFighterDisplayContractCapture(GObj *fighter_gobj)
      |             ^~~~~~~~~~~~~~~~~~~~~~~~~~~~~~~~
D:/Stuff/DevFolder/Smash64DS_Port/src/port/reloc_backend_renderer_dl.c:5405:12: warning: 'sNdsFighterDisplayContractLastFrame' defined but not used [-Wunused-variable]
 5405 | static u32 sNdsFighterDisplayContractLastFrame[2] = {
      |            ^~~~~~~~~~~~~~~~~~~~~~~~~~~~~~~~~~~
In file included from D:/Stuff/DevFolder/Smash64DS_Port/src/port/reloc_backend.c:874:
D:/Stuff/DevFolder/Smash64DS_Port/src/port/reloc_backend_fighter_model.c:1731:13: warning: 'ndsFighterMarioFoxSetupManagerFiles' defined but not used [-Wunused-function]
 1731 | static void ndsFighterMarioFoxSetupManagerFiles(void)
      |             ^~~~~~~~~~~~~~~~~~~~~~~~~~~~~~~~~~~
In file included from D:/Stuff/DevFolder/Smash64DS_Port/src/port/reloc_backend.c:868:
D:/Stuff/DevFolder/Smash64DS_Port/src/port/reloc_backend_compat_shims.c:451:13: warning: 'sNdsFTManagerPartsAllocInit' defined but not used [-Wunused-variable]
  451 | static sb32 sNdsFTManagerPartsAllocInit;
      |             ^~~~~~~~~~~~~~~~~~~~~~~~~~~
D:/Stuff/DevFolder/Smash64DS_Port/src/port/reloc_backend_compat_shims.c:450:17: warning: 'sNdsFTManagerPartsAllocFree' defined but not used [-Wunused-variable]
  450 | static FTParts *sNdsFTManagerPartsAllocFree;
      |                 ^~~~~~~~~~~~~~~~~~~~~~~~~~~
D:/Stuff/DevFolder/Smash64DS_Port/src/port/reloc_backend_compat_shims.c:449:16: warning: 'sNdsFTManagerPartsAllocPool' defined but not used [-Wunused-variable]
  449 | static FTParts sNdsFTManagerPartsAllocPool[64];
      |                ^~~~~~~~~~~~~~~~~~~~~~~~~~~
