melonDS 1.1
https://melonds.kuribo64.net
Opened "D:/Stuff/DevFolder/Smash64DS_Port/emulators/melonds\melonDS.toml" with FileMode 0x1 (effective mode "rb")
Opened "D:/Stuff/DevFolder/Smash64DS_Port/emulators/melonds\melonDS.toml" with FileMode 0x20 (effective mode "ab")
Opened "D:/Stuff/DevFolder/Smash64DS_Port/emulators/melonds\melonDS.toml" with FileMode 0x1 (effective mode "rb")
MP comm init OK
Audio output frequency: 48000 Hz
Audio output buffer size: 512 samples
Opened "D:\Stuff\DevFolder\Smash64DS_Port\smash64ds-battle-playable-hwtri-moveset-fireball-blaster-reflector.nds" with FileMode 0x1 (effective mode "rb")
Failed to open "D:\Stuff\DevFolder\Smash64DS_Port/smash64ds-battle-playable-hwtri-moveset-fireball-blaster-reflector.sav" with FileMode 0x1 (effective mode "rb")
Failed to open "D:\Stuff\DevFolder\Smash64DS_Port/smash64ds-battle-playable-hwtri-moveset-fireball-blaster-reflector.sav" with FileMode 0x1 (effective mode "rb")
Failed to open "D:\Stuff\DevFolder\Smash64DS_Port/smash64ds-battle-playable-hwtri-moveset-fireball-blaster-reflector.sav" with FileMode 0x1 (effective mode "rb")
ROM entry not found for gamecode 589505315
!! bad ROM size 3857408 (expected 4194304) rounded to 4194304
Failed to open "D:/Stuff/DevFolder/Smash64DS_Port/emulators/melonds\wfcsettings.bin" with FileMode 0x1 (effective mode "rb")
[GDB] initializing GDB stub for core 9 on port 3333
[GDB] initializing GDB stub for core 7 on port 3334
Resetting JIT block cache...
done resetting jit mem
done resetting jit mem
MAC: 00:09:BF:11:22:33
FW: WIFI CRC16 = GOOD
FW: AP1 CRC16 = GOOD
FW: AP2 CRC16 = GOOD
FW: AP3 CRC16 = GOOD
FW: USER0 CRC16 = GOOD
FW: USER1 CRC16 = GOOD
Opened "D:/Stuff/DevFolder/Smash64DS_Port/emulators/melonds\rtc.bin" with FileMode 0x1 (effective mode "rb")
No need to re-encrypt cart secure area
Inserted cart with game code: ####
Inserted cart with ID: 400003C2
ROM entry: 00400000 00000000
Ejected GBA cart
Failed to open "D:\Stuff\DevFolder\Smash64DS_Port/smash64ds-battle-playable-hwtri-moveset-fireball-blaster-reflector.mch" with FileMode 0x11 (effective mode "r")
Resetting JIT block cache...
done resetting jit mem
done resetting jit mem
MAC: 00:09:BF:11:22:33
FW: WIFI CRC16 = GOOD
FW: AP1 CRC16 = GOOD
FW: AP2 CRC16 = GOOD
FW: AP3 CRC16 = GOOD
FW: USER0 CRC16 = GOOD
FW: USER1 CRC16 = GOOD
remapping SWRAM
NDSCart: Initialized Key1_KeyBuf to zero
NDSCart: Initialized Key1_KeyBuf to zero
Secure area decryption failed
remapping DTCM 0 1000 ffffffff ffffffff
PU: region 0 = 04000033 : enabled, start: 04000000 size: 19
PU: region 0 = 04000033 : enabled, start: 04000000 size: 19
PU: region 1 = 0200002B : enabled, start: 02000000 size: 15
PU: region 1 = 0200002B : enabled, start: 02000000 size: 15
PU: region 2 = 00000000 : disabled, start: 00000000 size: 00
PU: region 2 = 00000000 : disabled, start: 00000000 size: 00
PU: region 3 = 08000035 : enabled, start: 08000000 size: 1A
PU: region 3 = 08000035 : enabled, start: 08000000 size: 1A
PU: region 4 = 0300001B : enabled, start: 03000000 size: 0D
PU: region 4 = 0300001B : enabled, start: 03000000 size: 0D
PU: region 5 = 00000000 : disabled, start: 00000000 size: 00
PU: region 5 = 00000000 : disabled, start: 00000000 size: 00
PU: region 6 = FFFF001D : enabled, start: FFFF0000 size: 0E
PU: region 6 = FFFF001D : enabled, start: FFFF0000 size: 0E
PU: region 7 = 027FF017 : enabled, start: 027FF000 size: 0B
PU: region 7 = 027FF017 : enabled, start: 027FF000 size: 0B
remapping DTCM 3000000 3004000 0 fffff000
Game is now booting
Opened "D:/Stuff/DevFolder/Smash64DS_Port/emulators/melonds\melonDS.toml" with FileMode 0x1 (effective mode "rb")
remapping DTCM ffffffff ffffffff 3000000 2ffc000
remapping DTCM 2ff0000 2ff4000 ffffffff ffffffff
Opened "D:/Stuff/DevFolder/Smash64DS_Port/emulators/melonds\melonDS.toml" with FileMode 0x20 (effective mode "ab")
PU: region 0 = 04000033 : enabled, start: 04000000 size: 19
Failed to open "D:\Stuff\DevFolder\Smash64DS_Port/smash64ds-battle-playable-hwtri-moveset-fireball-blaster-reflector.ml1" with FileMode 0x1 (effective mode "rb")
Failed to open "D:\Stuff\DevFolder\Smash64DS_Port/smash64ds-battle-playable-hwtri-moveset-fireball-blaster-reflector.ml2" with FileMode 0x1 (effective mode "rb")
PU: region 1 = 0200002B : enabled, start: 02000000 size: 15
Failed to open "D:\Stuff\DevFolder\Smash64DS_Port/smash64ds-battle-playable-hwtri-moveset-fireball-blaster-reflector.ml3" with FileMode 0x1 (effective mode "rb")
Failed to open "D:\Stuff\DevFolder\Smash64DS_Port/smash64ds-battle-playable-hwtri-moveset-fireball-blaster-reflector.ml4" with FileMode 0x1 (effective mode "rb")
Failed to open "D:\Stuff\DevFolder\Smash64DS_Port/smash64ds-battle-playable-hwtri-moveset-fireball-blaster-reflector.ml5" with FileMode 0x1 (effective mode "rb")
Failed to open "D:\Stuff\DevFolder\Smash64DS_Port/smash64ds-battle-playable-hwtri-moveset-fireball-blaster-reflector.ml6" with FileMode 0x1 (effective mode "rb")
Failed to open "D:\Stuff\DevFolder\Smash64DS_Port/smash64ds-battle-playable-hwtri-moveset-fireball-blaster-reflector.ml7" with FileMode 0x1 (effective mode "rb")
Failed to open "D:\Stuff\DevFolder\Smash64DS_Port/smash64ds-battle-playable-hwtri-moveset-fireball-blaster-reflector.ml8" with FileMode 0x1 (effective mode "rb")
PU: region 2 = 00000000 : disabled, start: 00000000 size: 00
PU: region 3 = 00000000 : disabled, start: 00000000 size: 00
PU: region 4 = 02FF001F : enabled, start: 02FF0000 size: 0F
PU: region 5 = 01FF801D : enabled, start: 01FF8000 size: 0E
PU: region 6 = FFFF001D : enabled, start: FFFF0000 size: 0E
PU: region 7 = 00000017 : enabled, start: 00000000 size: 0B
PU region 0: 04000000-07FFFFFF, user=03 priv=03, 06330033/66600060
PU region 1: 02000000-023FFFFF, user=77 priv=77, 06330033/66600060
PU region 4: 02FF0000-02FFFFFF, user=03 priv=03, 06330033/66600060
PU region 5: 01FF8000-01FFFFFF, user=07 priv=07, 06330033/66600060
PU region 6: FFFF0000-FFFF7FFF, user=55 priv=55, 06330033/66600060
PU region 7: 00000000-00000FFF, user=04 priv=04, 06330033/66600060
unknown ARM9 IO write32 04001060 00000000 0205E170
unknown ARM9 IO write32 04001064 00000000 0205E170
unknown ARM9 IO write32 04001068 00000000 0205E170
[GDB] send ack
[GDB] found pkt, checksumGot: ec vs ec
[GDB] command in: 'qSupported:multiprocess+;swbreak+;hwbreak+;qRelocInsn+;fork-events+;vfork-events+;exec-events+;vContSupported+;QThreadEvents+;no-resumed+;memory-tagging+'
[GDB] send ack
[GDB] send resp: '$PacketSize=47F;qXfer:features:read+;swbreak-;hwbreak+;QStartNoAckMode+#73'
[GDB] got ack: '+'
[GDB] found pkt, checksumGot: 49 vs 49
[GDB] command in: 'vCont?'
[GDB] send ack
[GDB] send resp: '$vCont;c;s;t#05'
[GDB] got ack: '+'
[GDB] found pkt, checksumGot: 3a vs 3a
[GDB] command in: 'vMustReplyEmpty'
[GDB] send ack
must reply empty
[GDB] send resp: '$#00'
[GDB] got ack: '+'
[GDB] found pkt, checksumGot: b0 vs b0
[GDB] command in: 'QStartNoAckMode'
[GDB] send ack
[GDB] send resp: '$OK#9a'
[GDB] found pkt, checksumGot: df vs df
[GDB] command in: 'Hg0'
[GDB] send resp: '$OK#9a'
[GDB] found pkt, checksumGot: 17 vs 17
[GDB] command in: 'qXfer:features:read:target.xml:0,47a'
[GDB] CPU type = 9
[GDB qresp] query='0,47a'
[GDB qresp] qaddr=0 qlen=1146 left=2138 outlen=1146
[GDB] send resp: '$m<target version="1.0"><architecture>armv5te</architecture><osabi>none</osabi><feature name="org.gnu.gdb.arm.core"><reg name="r0" bitsize="32" type="uint32"/><reg name="r1" bitsize="32" type="uint32"/><reg name="r2" bitsize="32" type="uint32"/><reg name="r3" bitsize="32" type="uint32"/><reg name="r4" bitsize="32" type="uint32"/><reg name="r5" bitsize="32" type="uint32"/><reg name="r6" bitsize="32" type="uint32"/><reg name="r7" bitsize="32" type="uint32"/><reg name="r8" bitsize="32" type="uint32"/><reg name="r9" bitsize="32" type="uint32"/><reg name="r10" bitsize="32" type="uint32"/><reg name="r11" bitsize="32" type="uint32"/><reg name="r12" bitsize="32" type="uint32"/><reg name="sp" bitsize="32" type="data_ptr"/><reg name="lr" bitsize="32" type="code_ptr"/><reg name="pc" bitsize="32" type="code_ptr"/><reg name="cpsr" bitsize="32" regnum="25"/><reg name="sp_usr" bitsize="32" regnum="26" type="data_ptr"/><reg name="lr_usr" bitsize="32" regnum="27" type="code_ptr"/><reg name="r8_fiq" bitsize="32" type="uint32" regnum="28"/><reg name="r9_fiq" bitsize="32" type="uint32" regnum="29"/><reg name="r10_fiq" bitsize="32" type="uint32" regnu#58'
[GDB] found pkt, checksumGot: b3 vs b3
[GDB] command in: 'qXfer:features:read:target.xml:47a,47a'
[GDB] CPU type = 9
[GDB qresp] query='47a,47a'
[GDB qresp] qaddr=1146 qlen=1146 left=992 outlen=992
[GDB] send resp: '$mm="30"/><reg name="r11_fiq" bitsize="32" type="uint32" regnum="31"/><reg name="r12_fiq" bitsize="32" type="uint32" regnum="32"/><reg name="sp_fiq" bitsize="32" regnum="33" type="data_ptr"/><reg name="lr_fiq" bitsize="32" regnum="34" type="code_ptr"/><reg name="sp_irq" bitsize="32" regnum="35" type="data_ptr"/><reg name="lr_irq" bitsize="32" regnum="36" type="code_ptr"/><reg name="sp_svc" bitsize="32" regnum="37" type="data_ptr"/><reg name="lr_svc" bitsize="32" regnum="38" type="code_ptr"/><reg name="sp_abt" bitsize="32" regnum="39" type="data_ptr"/><reg name="lr_abt" bitsize="32" regnum="40" type="code_ptr"/><reg name="sp_und" bitsize="32" regnum="41" type="data_ptr"/><reg name="lr_und" bitsize="32" regnum="42" type="code_ptr"/><reg name="spsr_fiq" bitsize="32" regnum="43"/><reg name="spsr_irq" bitsize="32" regnum="44"/><reg name="spsr_svc" bitsize="32" regnum="45"/><reg name="spsr_abt" bitsize="32" regnum="46"/><reg name="spsr_und" bitsize="32" regnum="47"/></feature></target>#dc'
[GDB] found pkt, checksumGot: b5 vs b5
[GDB] command in: 'qXfer:features:read:target.xml:85a,47a'
[GDB] CPU type = 9
[GDB qresp] query='85a,47a'
[GDB] send resp: '$l#6c'
[GDB] found pkt, checksumGot: 49 vs 49
[GDB] command in: 'qTStatus'
[GDB] unknown subcommand 'TStatus'!
[GDB] send resp: '$#00'
[GDB] found pkt, checksumGot: 3f vs 3f
[GDB] command in: '?'
[GDB] send resp: '$S02#b5'
[GDB] found pkt, checksumGot: bb vs bb
[GDB] command in: 'qfThreadInfo'
[GDB] send resp: '$m1#9e'
[GDB] found pkt, checksumGot: c8 vs c8
[GDB] command in: 'qsThreadInfo'
[GDB] send resp: '$l#6c'
[GDB] found pkt, checksumGot: 8f vs 8f
[GDB] command in: 'qAttached'
[GDB] send resp: '$1#31'
[GDB] found pkt, checksumGot: 09 vs 09
[GDB] command in: 'Hc-1'
[GDB] send resp: '$E01#a6'
[GDB] found pkt, checksumGot: b4 vs b4
[GDB] command in: 'qC'
[GDB] send resp: '$QC1#c5'
[GDB] found pkt, checksumGot: 4b vs 4b
[GDB] command in: 'qOffsets'
[GDB] unknown subcommand 'Offsets'!
[GDB] send resp: '$#00'
[GDB] found pkt, checksumGot: 67 vs 67
[GDB] command in: 'g'
[GDB] send resp: '$01000000000000002b0000000e000000b1ec06020e000000a3ec0602dcee2302dcee2302b6010000000001000000000054ec2302087f2402c8d6050254e005021f000020087f2402c8d6050200000000000000000000000000000000000000000000000000000000803fff0278ea0502c03fff021085ff0100000000000000000000000000000000100000001f000000df0000201000000010000000#fe'
[GDB] found pkt, checksumGot: bb vs bb
[GDB] command in: 'qfThreadInfo'
[GDB] send resp: '$m1#9e'
[GDB] found pkt, checksumGot: c8 vs c8
[GDB] command in: 'qsThreadInfo'
[GDB] send resp: '$l#6c'
[GDB] found pkt, checksumGot: 62 vs 62
[GDB] command in: 'm205e054,4'
[GDB] send resp: '$000050e3#bd'
[GDB] found pkt, checksumGot: 9a vs 9a
[GDB] command in: 'm2247f80,40'
[GDB] send resp: '$180000008000ff021c0000008000ff021c00000000000000f01109022b000e00b601000054fa2302f01109020000000000f00000dc2b05020c00000085ec0602#84'
[GDB] found pkt, checksumGot: bf vs bf
[GDB] command in: 'm2052bdc,4'
[GDB] send resp: '$002050e2#be'
[GDB] found pkt, checksumGot: c5 vs c5
[GDB] command in: 'm2247fc0,40'
[GDB] send resp: '$03000000802b05020c000000f011090285ec06026fd70602b6010000184525020000000000000000000000001845250204000000f011090285ec060255080602#05'
[GDB] found pkt, checksumGot: c5 vs c5
[GDB] command in: 'm206eca3,8'
[GDB] send resp: '$46544d6172696f41#ab'
[GDB] found pkt, checksumGot: f4 vs f4
[GDB] command in: 'm206ecab,8'
[GDB] send resp: '$6e696d303236006e#d0'
[GDB] found pkt, checksumGot: 5b vs 5b
[GDB] command in: 'qSymbol::'
[GDB] unknown subcommand 'Symbol::'!
[GDB] send resp: '$#00'
[GDB] found pkt, checksumGot: 8c vs 8c
[GDB] command in: 'm204cc14,2'
[GDB] send resp: '$002a#f3'
[GDB] found pkt, checksumGot: ef vs ef
[GDB] command in: 'm203bdfc,2'
[GDB] send resp: '$f0b5#2d'
[GDB] found pkt, checksumGot: 67 vs 67
[GDB] command in: 'm204c928,2'
[GDB] send resp: '$10b5#f8'
[GDB] found pkt, checksumGot: c1 vs c1
[GDB] command in: 'm204c9ac,2'
[GDB] send resp: '$0300#c3'
[GDB] found pkt, checksumGot: 38 vs 38
[GDB] command in: 'Z0,203bdfc,2'
[GDB] added bkpt:
	[0]: addr=0203bdfc, kind=2
[GDB] send resp: '$OK#9a'
[GDB] found pkt, checksumGot: b0 vs b0
[GDB] command in: 'Z0,204c928,2'
[GDB] added bkpt:
	[0]: addr=0203bdfc, kind=2
	[1]: addr=0204c928, kind=2
[GDB] send resp: '$OK#9a'
[GDB] found pkt, checksumGot: 0a vs 0a
[GDB] command in: 'Z0,204c9ac,2'
[GDB] added bkpt:
	[0]: addr=0203bdfc, kind=2
	[1]: addr=0204c928, kind=2
	[2]: addr=0204c9ac, kind=2
[GDB] send resp: '$OK#9a'
[GDB] found pkt, checksumGot: d5 vs d5
[GDB] command in: 'Z0,204cc14,2'
[GDB] added bkpt:
	[0]: addr=0203bdfc, kind=2
	[1]: addr=0204c928, kind=2
	[2]: addr=0204c9ac, kind=2
	[3]: addr=0204cc14, kind=2
[GDB] send resp: '$OK#9a'
[GDB] found pkt, checksumGot: db vs db
[GDB] command in: 'Hc0'
[GDB] send resp: '$OK#9a'
[GDB] found pkt, checksumGot: 63 vs 63
[GDB] command in: 'c'
[GDB] continue execution
[GDB] enter exit: 3
[GDB] send resp: '$S05#b8'
[GDB] found pkt, checksumGot: 67 vs 67
[GDB] command in: 'g'
[GDB] send resp: '$687c36022b3d4742406a3102707c3602adc904027019340200000000f8193402000000000000000000000000000000002b3d4742b87f2402a7b2040214cc04023f000000b87f2402a7b2040200000000000000000000000000000000000000000000000000000000803fff021cf80502c03fff021085ff0100000000000000000000000000000000100000001f000020df0000201000000010000000#1b'
[GDB] found pkt, checksumGot: bb vs bb
[GDB] command in: 'qfThreadInfo'
[GDB] send resp: '$m1#9e'
[GDB] found pkt, checksumGot: c8 vs c8
[GDB] command in: 'qsThreadInfo'
[GDB] send resp: '$l#6c'
[GDB] found pkt, checksumGot: 58 vs 58
[GDB] command in: 'z0,203bdfc,2'
[GDB] send resp: '$OK#9a'
[GDB] found pkt, checksumGot: d0 vs d0
[GDB] command in: 'z0,204c928,2'
[GDB] send resp: '$OK#9a'
[GDB] found pkt, checksumGot: 2a vs 2a
[GDB] command in: 'z0,204c9ac,2'
[GDB] send resp: '$OK#9a'
[GDB] found pkt, checksumGot: f5 vs f5
[GDB] command in: 'z0,204cc14,2'
[GDB] send resp: '$OK#9a'
[GDB] found pkt, checksumGot: 8e vs 8e
[GDB] command in: 'm204cc14,4'
[GDB] send resp: '$002a27d0#f0'
[GDB] found pkt, checksumGot: c5 vs c5
[GDB] command in: 'm2247fc0,40'
[GDB] send resp: '$00000000e9cc04027019340229e62ec2d2235343d750dbc2e8ad30022c080000d4ae3002d3f5040270193402141a340268ae3002f88d30027df7040270193402#84'
[GDB] found pkt, checksumGot: ca vs ca
[GDB] command in: 'm2367cec,4'
[GDB] send resp: '$406a3102#c1'
[GDB] found pkt, checksumGot: 69 vs 69
[GDB] command in: 'm2316b68,4'
[GDB] send resp: '$00803446#99'
[GDB] found pkt, checksumGot: 60 vs 60
[GDB] command in: 'm2316a60,4'
[GDB] send resp: '$2b3d4742#fc'
[GDB] found pkt, checksumGot: 91 vs 91
[GDB] command in: 'm2316a4c,4'
[GDB] send resp: '$00000000#80'
[GDB] found pkt, checksumGot: 63 vs 63
[GDB] command in: 'm2316b44,4'
[GDB] send resp: '$71000000#88'
[GDB] found pkt, checksumGot: c3 vs c3
[GDB] command in: 'm2316b40,134'
[GDB] send resp: '$02000000710000000000803f0000000000000000000000000000000000000000000000000000000000803446c80000000000000019000000000000003c0000000300000007001c0002240000000012000100000029e62ec2d2235343d750dbc20000000000000000000000000000000000000000000000000000000000000000000000000000000000000000000000000000000000000000000000000000000000000000000000000000000000000000000000000000000000000000000000000000000000000000000000000000000000000000000000000000000000000000000000000000000000000000000000000000000000000000000000000000000000000000000000000000000000000000000000000000000070000000000000007000000000000000700000000000000070000000#9c'
[GDB] found pkt, checksumGot: c3 vs c3
[GDB] command in: 'm2316b40,134'
[GDB] send resp: '$02000000710000000000803f0000000000000000000000000000000000000000000000000000000000803446c80000000000000019000000000000003c0000000300000007001c0002240000000012000100000029e62ec2d2235343d750dbc20000000000000000000000000000000000000000000000000000000000000000000000000000000000000000000000000000000000000000000000000000000000000000000000000000000000000000000000000000000000000000000000000000000000000000000000000000000000000000000000000000000000000000000000000000000000000000000000000000000000000000000000000000000000000000000000000000000000000000000000000000000070000000000000007000000000000000700000000000000070000000#9c'
[GDB] found pkt, checksumGot: c3 vs c3
[GDB] command in: 'm2316b40,134'
[GDB] send resp: '$02000000710000000000803f0000000000000000000000000000000000000000000000000000000000803446c80000000000000019000000000000003c0000000300000007001c0002240000000012000100000029e62ec2d2235343d750dbc20000000000000000000000000000000000000000000000000000000000000000000000000000000000000000000000000000000000000000000000000000000000000000000000000000000000000000000000000000000000000000000000000000000000000000000000000000000000000000000000000000000000000000000000000000000000000000000000000000000000000000000000000000000000000000000000000000000000000000000000000000000070000000000000007000000000000000700000000000000070000000#9c'
[GDB] found pkt, checksumGot: 64 vs 64
[GDB] command in: 'm2316b90,4'
[GDB] send resp: '$01000000#81'
[GDB] found pkt, checksumGot: 5f vs 5f
[GDB] command in: 'm2316b40,4'
[GDB] send resp: '$02000000#82'
[GDB] found pkt, checksumGot: 95 vs 95
[GDB] command in: 'm2316ca8,4'
[GDB] send resp: '$8c000000#bb'
[GDB] found pkt, checksumGot: 66 vs 66
[GDB] command in: 'm2316a48,4'
[GDB] send resp: '$70193402#9a'
[GDB] found pkt, checksumGot: 38 vs 38
[GDB] command in: 'Z0,203bdfc,2'
[GDB] added bkpt:
	[0]: addr=0203bdfc, kind=2
[GDB] send resp: '$OK#9a'
[GDB] found pkt, checksumGot: b0 vs b0
[GDB] command in: 'Z0,204c928,2'
[GDB] added bkpt:
	[0]: addr=0203bdfc, kind=2
	[1]: addr=0204c928, kind=2
[GDB] send resp: '$OK#9a'
[GDB] found pkt, checksumGot: 0a vs 0a
[GDB] command in: 'Z0,204c9ac,2'
[GDB] added bkpt:
	[0]: addr=0203bdfc, kind=2
	[1]: addr=0204c928, kind=2
	[2]: addr=0204c9ac, kind=2
[GDB] send resp: '$OK#9a'
[GDB] found pkt, checksumGot: dc vs dc
[GDB] command in: 'Hc1'
[GDB] send resp: '$OK#9a'
[GDB] found pkt, checksumGot: 73 vs 73
[GDB] command in: 's'
[GDB] single-step
[GDB] enter exit: 4
[GDB] ENTER st=4
[GDB] send resp: '$S05#b8'
[GDB] found pkt, checksumGot: 67 vs 67
[GDB] command in: 'g'
[GDB] send resp: '$687c36022b3d4742406a3102707c3602adc904027019340200000000f8193402000000000000000000000000000000002b3d4742b87f2402a7b2040216cc04023f000020b87f2402a7b2040200000000000000000000000000000000000000000000000000000000803fff021cf80502c03fff021085ff0100000000000000000000000000000000100000001f000020df0000201000000010000000#1f'
[GDB] found pkt, checksumGot: d5 vs d5
[GDB] command in: 'Z0,204cc14,2'
[GDB] added bkpt:
	[0]: addr=0203bdfc, kind=2
	[1]: addr=0204c928, kind=2
	[2]: addr=0204c9ac, kind=2
	[3]: addr=0204cc14, kind=2
[GDB] send resp: '$OK#9a'
[GDB] found pkt, checksumGot: db vs db
[GDB] command in: 'Hc0'
[GDB] send resp: '$OK#9a'
[GDB] found pkt, checksumGot: 63 vs 63
[GDB] command in: 'c'
[GDB] continue execution
[GDB] enter exit: 3
[GDB] send resp: '$S05#b8'
[GDB] found pkt, checksumGot: 67 vs 67
[GDB] command in: 'g'
[GDB] send resp: '$687c36024c3f3602a087230229c90402406a3102687c3602c48c2302d08c230200000000000000000000000000000000000000000080240221b3040228c904023f0000200080240221b3040200000000000000000000000000000000000000000000000000000000803fff021cf80502c03fff021085ff0100000000000000000000000000000000100000001f000020df0000201000000010000000#ad'
[GDB] found pkt, checksumGot: bb vs bb
[GDB] command in: 'qfThreadInfo'
[GDB] send resp: '$m1#9e'
[GDB] found pkt, checksumGot: c8 vs c8
[GDB] command in: 'qsThreadInfo'
[GDB] send resp: '$l#6c'
[GDB] found pkt, checksumGot: 58 vs 58
[GDB] command in: 'z0,203bdfc,2'
[GDB] send resp: '$OK#9a'
[GDB] found pkt, checksumGot: d0 vs d0
[GDB] command in: 'z0,204c928,2'
[GDB] send resp: '$OK#9a'
[GDB] found pkt, checksumGot: 2a vs 2a
[GDB] command in: 'z0,204c9ac,2'
[GDB] send resp: '$OK#9a'
[GDB] found pkt, checksumGot: f5 vs f5
[GDB] command in: 'z0,204cc14,2'
[GDB] send resp: '$OK#9a'
[GDB] found pkt, checksumGot: 69 vs 69
[GDB] command in: 'm204c928,4'
[GDB] send resp: '$10b5fff7#61'
[GDB] found pkt, checksumGot: ca vs ca
[GDB] command in: 'm2367cec,4'
[GDB] send resp: '$406a3102#c1'
[GDB] found pkt, checksumGot: 69 vs 69
[GDB] command in: 'm2316b68,4'
[GDB] send resp: '$00803446#99'
[GDB] found pkt, checksumGot: 60 vs 60
[GDB] command in: 'm2316a60,4'
[GDB] send resp: '$2b3d4742#fc'
[GDB] found pkt, checksumGot: 91 vs 91
[GDB] command in: 'm2316a4c,4'
[GDB] send resp: '$00000000#80'
[GDB] found pkt, checksumGot: 63 vs 63
[GDB] command in: 'm2316b44,4'
[GDB] send resp: '$71000000#88'
[GDB] found pkt, checksumGot: c3 vs c3
[GDB] command in: 'm2316b40,134'
[GDB] send resp: '$03000000710000000000803f0000000000000000000000000000000000000000000000000000000000803446c80000000000000019000000000000003c0000000300000007001c0002240000000012000100000010b8c24007954d43d750dbc229e62ec2d2235343d750dbc2000000000000000000000000000000000000000000000000000000000000000000000000000000000000000000000000000000000000000000000000000000000000000000000000000000000000000000000000000000000000000000000000000000000000000000000000000000000000000000000000000000000000000000000000000000000000000000000000000000000000000000000000000000000000000000000000a01d360271000000000000007000000000000000700000000000000070000000#b2'
[GDB] found pkt, checksumGot: c3 vs c3
[GDB] command in: 'm2316b40,134'
[GDB] send resp: '$03000000710000000000803f0000000000000000000000000000000000000000000000000000000000803446c80000000000000019000000000000003c0000000300000007001c0002240000000012000100000010b8c24007954d43d750dbc229e62ec2d2235343d750dbc2000000000000000000000000000000000000000000000000000000000000000000000000000000000000000000000000000000000000000000000000000000000000000000000000000000000000000000000000000000000000000000000000000000000000000000000000000000000000000000000000000000000000000000000000000000000000000000000000000000000000000000000000000000000000000000000000a01d360271000000000000007000000000000000700000000000000070000000#b2'
[GDB] found pkt, checksumGot: c3 vs c3
[GDB] command in: 'm2316b40,134'
[GDB] send resp: '$03000000710000000000803f0000000000000000000000000000000000000000000000000000000000803446c80000000000000019000000000000003c0000000300000007001c0002240000000012000100000010b8c24007954d43d750dbc229e62ec2d2235343d750dbc2000000000000000000000000000000000000000000000000000000000000000000000000000000000000000000000000000000000000000000000000000000000000000000000000000000000000000000000000000000000000000000000000000000000000000000000000000000000000000000000000000000000000000000000000000000000000000000000000000000000000000000000000000000000000000000000000a01d360271000000000000007000000000000000700000000000000070000000#b2'
[GDB] found pkt, checksumGot: 64 vs 64
[GDB] command in: 'm2316b90,4'
[GDB] send resp: '$01000000#81'
[GDB] found pkt, checksumGot: 5f vs 5f
[GDB] command in: 'm2316b40,4'
[GDB] send resp: '$03000000#83'
[GDB] found pkt, checksumGot: 95 vs 95
[GDB] command in: 'm2316ca8,4'
[GDB] send resp: '$8b000000#ba'
[GDB] found pkt, checksumGot: 66 vs 66
[GDB] command in: 'm2316a48,4'
[GDB] send resp: '$70193402#9a'
[GDB] found pkt, checksumGot: 69 vs 69
[GDB] command in: 'm2316c94,4'
[GDB] send resp: '$00000000#80'
[GDB] found pkt, checksumGot: 38 vs 38
[GDB] command in: 'Z0,203bdfc,2'
[GDB] added bkpt:
	[0]: addr=0203bdfc, kind=2
[GDB] send resp: '$OK#9a'
[GDB] found pkt, checksumGot: 0a vs 0a
[GDB] command in: 'Z0,204c9ac,2'
[GDB] added bkpt:
	[0]: addr=0203bdfc, kind=2
	[1]: addr=0204c9ac, kind=2
[GDB] send resp: '$OK#9a'
[GDB] found pkt, checksumGot: d5 vs d5
[GDB] command in: 'Z0,204cc14,2'
[GDB] added bkpt:
	[0]: addr=0203bdfc, kind=2
	[1]: addr=0204c9ac, kind=2
	[2]: addr=0204cc14, kind=2
[GDB] send resp: '$OK#9a'
[GDB] found pkt, checksumGot: dc vs dc
[GDB] command in: 'Hc1'
[GDB] send resp: '$OK#9a'
[GDB] found pkt, checksumGot: 73 vs 73
[GDB] command in: 's'
[GDB] single-step
[GDB] enter exit: 4
[GDB] ENTER st=4
[GDB] send resp: '$S05#b8'
[GDB] found pkt, checksumGot: 67 vs 67
[GDB] command in: 'g'
[GDB] send resp: '$687c36024c