Stage-side natural manager smoke proof failed.
syMallocSet (bp=bp@entry=0x227ef20 <gSYTaskmanGeneralHeap>, size=<optimized out>, alignment=alignment@entry=16) at 
D:/Stuff/DevFolder/Smash64DS_Port/decomp/BattleShip-main/decomp/src/sys/malloc.c:30
30	        while (TRUE);
HARN=0x4841524e,87,22,21,0
SCENE=22,21,6
VS_TRANS=0,0
PV_TRANS=0,0
MAPS_TRANS=0,0,0
SCHED_LOOP=0,0,0,0,0
CTRL_LOOP=0,0,0,0,0
PREVIEW_LOOP=0,0,0,0,0
GCRUNALL_LOOP=0,0,0,0,0
GCDRAWALL_LOOP=0,0,0,0,0,0,0
NAT_MOTION=0,0,0,0,0,0,0,0,0,0,0
NAT_FIG=18,6,0,0
NAT_WAIT=0,0,0,0,0,0,0,0,0,0
NAT_WALK=0,0,0,0,0,0,0,0,0,0,0
GCDRAWALL_TASKMAN=0,0,0,0,0,0,0,0
GCDRAWALL_RUN=0,0,0,0,0,0
GCDRAWALL_PROCESS=0,0,0,0,0,0,0
GCDRAWALL_INPUT=0,0,0,0,0,0,0,0,0,0,0,0,0,0
GCDRAWALL_STATUS=0,0,0,0,0,0,0,0,0,0,0,0,0,0
GCDRAWALL_DRAW=0,0,0,0,0,0,0,0,0,0,0,0,0,0,0,0,0,0
GCDRAWALL_SCREEN=0,0,0,0,0,0,0,0,0,0
GCDRAWALL_MOVE=0,0,0,0,0,0,0,0,0,0,0,0
GCDRAWALL_TRANS=0,0,0,0,0,0,0,0,0
GCDRAWALL_SAFE=0,0,0,0,0,0,0,0,0,0
PLATFORM_DL_PREVIEW=0,0,0,0
PLATFORM_HW=0,0
BOUNDARY=0,0
STAGE_GCDRAWALL=0,0,0,0,0
STAGE_GCDRAWALL_CAPTURE=0,0,0,0,0,0
STAGE_GCDRAWALL_DOBJ=0,0,0,0,0,0
STAGE_GCDRAWALL_SAFE=0,0,0,0,0,0
STAGE_GCDRAWALL_PIXELS=0,0,0
STAGE_GCDRAWALL_HW=0,0,0,0,0,0,0,0,0,0,0,0
RENDER_STAGE_CARRY=0,0,0,0,0,0,0
STAGE_GCDRAWALL_HW_FTR=0,0
STAGE_MPMOTIONSTALE_FLOOR=0xea7fe006,0xea7fe006,0xea7fe006,0xea7fe006,3934248966
STAGE_MPMOTIONSTALE_FLOOR_SETUP=0,3934248966,0,0,0,0,0,0,0,0,0,0,0
STAGE_MPMOTIONSTALE_FLOOR_POS=0,0,0,0,0,0
STAGE_MPMOTIONSTALE_FLOOR_P0P1=0,0,0,0
STAGE_MPCLIFFSTATUS_FLOOR=0xea7fe006,0xea7fe006,0xea7fe006,0xea7fe006,3934248966
STAGE_MPCLIFFSTATUS_FLOOR_SETUP=0,3934248966,0,0,0,0,0,0
STAGE_MPCLIFFSTATUS_FLOOR_STATUS=3934248966,3934248966,0,0
STAGE_MPCLIFFSTATUS_FLOOR_P0P1=3934248966,3934248966,3934248966,-360718330,3934248966,3934248966,3934248966,3934248966,
-360718330,3934248966
[Inferior 1 (Remote target) detached]
At D:\Stuff\DevFolder\Smash64DS_Port\scripts\verify-battle-mariofox-gcdrawall-loop-harness.ps1:381 char:28
+     if (-not $Condition) { throw "$Message`n$Context" }
+                            ~~~~~~~~~~~~~~~~~~~~~~~~~~
    + CategoryInfo          : OperationStopped: (Stage-side natu...et) detached]
:String) [], RuntimeException
    + FullyQualifiedErrorId : Stage-side natural manager smoke proof failed.
    syMallocSet (bp=bp@entry=0x227ef20 <gSYTaskmanGeneralHeap>, size=<optimized out>, alignment=alignment@entry=16) at 
    D:/Stuff/DevFolder/Smash64DS_Port/decomp/BattleShip-main/decomp/src/sys/malloc.c:30
30	        while (TRUE);
HARN=0x4841524e,87,22,21,0
SCENE=22,21,6
VS_TRANS=0,0
PV_TRANS=0,0
MAPS_TRANS=0,0,0
SCHED_LOOP=0,0,0,0,0
CTRL_LOOP=0,0,0,0,0
PREVIEW_LOOP=0,0,0,0,0
GCRUNALL_LOOP=0,0,0,0,0
GCDRAWALL_LOOP=0,0,0,0,0,0,0
NAT_MOTION=0,0,0,0,0,0,0,0,0,0,0
NAT_FIG=18,6,0,0
NAT_WAIT=0,0,0,0,0,0,0,0,0,0
NAT_WALK=0,0,0,0,0,0,0,0,0,0,0
GCDRAWALL_TASKMAN=0,0,0,0,0,0,0,0
GCDRAWALL_RUN=0,0,0,0,0,0
GCDRAWALL_PROCESS=0,0,0,0,0,0,0
GCDRAWALL_INPUT=0,0,0,0,0,0,0,0,0,0,0,0,0,0
GCDRAWALL_STATUS=0,0,0,0,0,0,0,0,0,0,0,0,0,0
GCDRAWALL_DRAW=0,0,0,0,0,0,0,0,0,0,0,0,0,0,0,0,0,0
GCDRAWALL_SCREEN=0,0,0,0,0,0,0,0,0,0
GCDRAWALL_MOVE=0,0,0,0,0,0,0,0,0,0,0,0
GCDRAWALL_TRANS=0,0,0,0,0,0,0,0,0
GCDRAWALL_SAFE=0,0,0,0,0,0,0,0,0,0
PLATFORM_DL_PREVIEW=0,0,0,0
PLATFORM_HW=0,0
BOUNDARY=0,0
STAGE_GCDRAWALL=0,0,0,0,0
STAGE_GCDRAWALL_CAPTURE=0,0,0,0,0,0
STAGE_GCDRAWALL_DOBJ=0,0,0,0,0,0
STAGE_GCDRAWALL_SAFE=0,0,0,0,0,0
STAGE_GCDRAWALL_PIXELS=0,0,0
STAGE_GCDRAWALL_HW=0,0,0,0,0,0,0,0,0,0,0,0
RENDER_STAGE_CARRY=0,0,0,0,0,0,0
STAGE_GCDRAWALL_HW_FTR=0,0
STAGE_MPMOTIONSTALE_FLOOR=0xea7fe006,0xea7fe006,0xea7fe006,0xea7fe006,3934248966
STAGE_MPMOTIONSTALE_FLOOR_SETUP=0,3934248966,0,0,0,0,0,0,0,0,0,0,0
STAGE_MPMOTIONSTALE_FLOOR_POS=0,0,0,0,0,0
STAGE_MPMOTIONSTALE_FLOOR_P0P1=0,0,0,0
STAGE_MPCLIFFSTATUS_FLOOR=0xea7fe006,0xea7fe006,0xea7fe006,0xea7fe006,3934248966
STAGE_MPCLIFFSTATUS_FLOOR_SETUP=0,3934248966,0,0,0,0,0,0
STAGE_MPCLIFFSTATUS_FLOOR_STATUS=3934248966,3934248966,0,0
    STAGE_MPCLIFFSTATUS_FLOOR_P0P1=3934248966,3934248966,3934248966,-360718330,3934248966,3934248966,3934248966,393424 
   8966,-360718330,3934248966
[Inferior 1 (Remote target) detached]
 
