GBI decode fixtures passed: F3DEX2 VTX/TRI/MTX/POPMTX packing, F3DEX MVP-recalc matrix move-word packing, transformed and hardware raw/material triangle readiness, N64 matrix to DS 20.12 modelview-projection/modelview-stack vertex transform, and source snippets verified.
Harness registry check passed: 161 harness mappings, 166 verifier scripts, 0 drift.
Running verifier: battle_mariofox_stage_mplivehit_status_loop [verify-battle-mariofox-stage-mplivehit-status-loop-harness.ps1]
make: Entering directory '/d/Stuff/DevFolder/Smash64DS_Port'
make: Leaving directory '/d/Stuff/DevFolder/Smash64DS_Port'
Battle Mario/Fox Stage MP live-hit status-loop ftmanager natural-combat harness passed: wait=460/347 walk=8/8 dash=7/6 run=8/9 attack=5 hitbox=4 dmg=0->4 status=40 knock=6149 guard=0/0/0 retries=0 updates=505 mask=0x3fdff hwflush=1/1 hwsubmit=42 hwtri=192 hwdepth=z0/proj192/decal0 hwtex=bind32/upload27/ready187/reject0/fmt4/max64x64 hwftr=2/626 oracle=2388/0/0
Running verifier: menu_chain_mariofox_stage_mplivehit_status_loop [verify-menu-chain-mariofox-stage-mplivehit-status-loop-harness.ps1]
make: Entering directory '/d/Stuff/DevFolder/Smash64DS_Port'
main.c
nds_platform.c
nds_reloc_assets.c
nds_audio_assets.c
nds_audio_bgm.c
nds_renderer.c
port_probe.c
n64_stubs.c
coroutine.c
os_selftest.c
libultra_os.c
battleship_sys_scheduler.c
boot_stubs.c
controller_backend.c
scheduler_backend.c
battleship_sys_main.c
battleship_sys_controller.c
battleship_sys_maindevice.c
battleship_sys_video.c
battleship_sys_malloc.c
battleship_sys_zbuffer.c
battleship_sys_framebuffer.c
battleship_sys_sintable.c
video_bootstrap.c
battleship_sys_matrix.c
battleship_libultra_gu_mtxcatf.c
battleship_libultra_gu_normalize.c
battleship_scmanager.c
battleship_mnstartup.c
scene_harness.c
scene_backend.c
vector.c
battleship_sys_taskman.c
battleship_scsubsyscontroller.c
utils.c
battleship_sys_objhelper.c
battleship_sys_objman.c
battleship_sys_objanim.c
battleship_ftdisplaylights.c
battleship_mvopeningroom.c
battleship_ftdisplaymain.c
battleship_sys_interp.c
battleship_mvopeningportraits.c
battleship_mvopeningmario.c
battleship_mvopeninglink.c
battleship_mvopeningdonkey.c
battleship_mvopeningsamus.c
battleship_mvopeningyoshi.c
battleship_mvopeningfox.c
battleship_mvopeningkirby.c
battleship_mnvsmode.c
battleship_mntitlefiles.c
battleship_mvopeningpikachu.c
battleship_mntitle.c
battleship_mnplayersvs.c
battleship_mnmaps.c
battleship_scvsbattle.c
battleship_gmcollision.c
battleship_gmcommon.c
battleship_grpupupu_ground.c
battleship_grinishie_scale.c
battleship_ftcommon_wait.c
battleship_ftcommon_walk.c
battleship_ftcommon_turn.c
battleship_ftcommon_dash.c
battleship_ftcommon_turnrun.c
battleship_ftcommon_attack1.c
battleship_ftcommon_attack100.c
battleship_ftcommon_attackdash.c
battleship_ftcommon_attackair.c
battleship_mariofox_mainmotion.c
battleship_ftcommon_appeal.c
battleship_ftcommon_catch.c
battleship_ftcommon_guard.c
battleship_ftcommon_escape.c
battleship_ftcommon_run.c
battleship_ftcommon_runbrake.c
battleship_ftcommon_kneebend.c
battleship_ftcommon_jump.c
battleship_ftcommon_landing.c
battleship_ftcommon_ottotto.c
battleship_ftcommon_fall.c
battleship_ftcommon_pass.c
battleship_ftcommon_cliffcatchwait.c
battleship_ftcommon_stopceil.c
battleship_ftcommon_cliffattack.c
battleship_ftcommon_cliffclimb.c
battleship_ftcommon_cliffescape.c
battleship_ftcommon_walldamage.c
battleship_ftcommon_rebound.c
battleship_ftcommon_damage.c
battleship_ftcommon_twister.c
battleship_ftcommon_furasleep.c
battleship_ftcommon_damagefall.c
battleship_ftcommon_passivestand.c
battleship_ftcommon_passive.c
battleship_ftcommon_downwaitbounce.c
battleship_ftcommon_downstand.c
battleship_ftcommon_downattack.c
battleship_ftcommon_downforwardback.c
battleship_ftchar_data_slots.c
battleship_ftcommon_normal_moveset.c
battleship_scsubsysdata_ft.c
battleship_ftdata.c
reloc_backend_ftdata_stubs.c
reloc_backend_ftdata_symbols.c
battleship_ftanim.c
battleship_ftmanager.c
battleship_ftanimend.c
battleship_ftkey.c
battleship_ftstatus_callback_aliases.c
battleship_ftstatus_map_physics_shims.c
battleship_ftstatus_inactive_stubs.c
battleship_ftcomputer.c
battleship_ftcommon_rebirth.c
battleship_ftcommon_dead.c
battle_playable_compat_stubs.c
battleship_gmcamera.c
battleship_lbtransition.c
battleship_mnvsresults.c
battleship_scsubsysfighter.c
battleship_scsubsysdata.c
battleship_ifscreenflash.c
battleship_ifcommon.c
battleship_wpmanager_core.c
battleship_special_common.c
battleship_mario_fireball.c
battleship_efmanager.c
battleship_fox_blaster.c
battleship_fox_reflector.c
battleship_mario_special_hi.c
battleship_ftcommon_fallspecial.c
battleship_mario_special_lw.c
battleship_fox_special_hi.c
battleship_ftmain.c
battleship_grmodelsetup.c
coroutine_arm.s
linking smash64ds-menu-chain-mariofox-stage-mplivehit-status-loop-hwtri.elf
Nintendo DS rom tool 2.3.1 - Jan  8 2024
by Rafael Vuijk, Dave Murphy, Alexei Karpenko
built ... smash64ds-menu-chain-mariofox-stage-mplivehit-status-loop-hwtri.nds
make: Leaving directory '/d/Stuff/DevFolder/Smash64DS_Port'
Menu-chain Mario/Fox Stage MP live-hit status-loop ftmanager natural-combat harness passed: wait=460/347 walk=8/8 dash=7/6 run=8/9 attack=5 hitbox=4 dmg=0->4 status=40 knock=6149 guard=0/0/0 retries=0 updates=505 mask=0x3fdff hwflush=1/1 hwsubmit=42 hwtri=192 hwdepth=z0/proj192/decal0 hwtex=bind32/upload27/ready187/reject0/fmt4/max64x64 hwftr=2/626 oracle=2388/0/0
Running verifier: battle_playable [verify-battle-playable-harness.ps1]
make: Entering directory '/d/Stuff/DevFolder/Smash64DS_Port'
main.c
nds_platform.c
nds_reloc_assets.c
nds_audio_bgm.c
nds_renderer.c
nds_audio_assets.c
n64_stubs.c
coroutine.c
port_probe.c
libultra_os.c
controller_backend.c
battleship_sys_main.c
os_selftest.c
scheduler_backend.c
boot_stubs.c
battleship_sys_scheduler.c
battleship_sys_controller.c
battleship_sys_video.c
battleship_sys_maindevice.c
battleship_sys_malloc.c
battleship_sys_zbuffer.c
battleship_sys_framebuffer.c
battleship_sys_matrix.c
battleship_sys_sintable.c
video_bootstrap.c
battleship_libultra_gu_normalize.c
utils.c
scene_backend.c
battleship_scmanager.c
battleship_mnstartup.c
battleship_libultra_gu_mtxcatf.c
vector.c
battleship_scsubsyscontroller.c
scene_harness.c
battleship_sys_taskman.c
battleship_sys_objman.c
battleship_sys_objhelper.c
battleship_sys_objanim.c
battleship_ftdisplaylights.c
battleship_ftdisplaymain.c
battleship_mvopeningportraits.c
battleship_mvopeningsamus.c
battleship_mvopeningroom.c
battleship_mvopeningmario.c
battleship_mvopeninglink.c
battleship_sys_interp.c
battleship_mvopeningyoshi.c
battleship_mvopeningfox.c
battleship_mvopeningdonkey.c
battleship_mvopeningkirby.c
battleship_mntitlefiles.c
battleship_mvopeningpikachu.c
battleship_mntitle.c
battleship_mnmaps.c
battleship_mnplayersvs.c
battleship_mnvsmode.c
battleship_gmcommon.c
battleship_gmcollision.c
battleship_scvsbattle.c
battleship_grpupupu_ground.c
battleship_ftcommon_wait.c
battleship_grinishie_scale.c
battleship_ftcommon_walk.c
battleship_ftcommon_turn.c
battleship_ftcommon_turnrun.c
battleship_ftcommon_dash.c
battleship_ftcommon_attack1.c
battleship_ftcommon_attack100.c
battleship_ftcommon_attackair.c
battleship_ftcommon_attackdash.c
battleship_mariofox_mainmotion.c
battleship_ftcommon_appeal.c
battleship_ftcommon_guard.c
battleship_ftcommon_catch.c
battleship_ftcommon_escape.c
battleship_ftcommon_runbrake.c
battleship_ftcommon_run.c
battleship_ftcommon_kneebend.c
battleship_ftcommon_jump.c
battleship_ftcommon_pass.c
battleship_ftcommon_fall.c
battleship_ftcommon_ottotto.c
battleship_ftcommon_landing.c
battleship_ftcommon_stopceil.c
battleship_ftcommon_cliffcatchwait.c
battleship_ftcommon_cliffclimb.c
battleship_ftcommon_cliffattack.c
battleship_ftcommon_cliffescape.c
battleship_ftcommon_walldamage.c
battleship_ftcommon_rebound.c
battleship_ftcommon_twister.c
battleship_ftcommon_furasleep.c
battleship_ftcommon_damagefall.c
battleship_ftcommon_damage.c
battleship_ftcommon_downattack.c
battleship_ftcommon_downwaitbounce.c
battleship_ftcommon_downforwardback.c
battleship_ftcommon_passive.c
battleship_ftcommon_passivestand.c
battleship_scsubsysdata_ft.c
battleship_ftcommon_downstand.c
reloc_backend_ftdata_stubs.c
battleship_ftdata.c
battleship_ftcommon_normal_moveset.c
battleship_ftchar_data_slots.c
battleship_ftanim.c
battleship_ftanimend.c
reloc_backend_ftdata_symbols.c
battleship_ftkey.c
battleship_ftmanager.c
battleship_ftstatus_callback_aliases.c
battleship_gmcamera.c
battleship_ftstatus_inactive_stubs.c
battleship_ftcommon_dead.c
battleship_ftcomputer.c
battleship_ftstatus_map_physics_shims.c
battle_playable_compat_stubs.c
battleship_ftcommon_rebirth.c
battleship_lbtransition.c
battleship_mnvsresults.c
battleship_scsubsysdata.c
battleship_ifscreenflash.c
battleship_scsubsysfighter.c
battleship_ifcommon.c
battleship_wpmanager_core.c
battleship_mario_fireball.c
battleship_special_common.c
battleship_fox_blaster.c
battleship_fox_reflector.c
battleship_ftcommon_fallspecial.c
battleship_efmanager.c
battleship_mario_special_hi.c
battleship_fox_special_hi.c
battleship_mario_special_lw.c
battleship_ftmain.c
coroutine_arm.s
linking smash64ds-battle-playable-fast-hwtri.elf
Nintendo DS rom tool 2.3.1 - Jan  8 2024
by Rafael Vuijk, Dave Murphy, Alexei Karpenko
built ... smash64ds-battle-playable-fast-hwtri.nds
make: Leaving directory '/d/Stuff/DevFolder/Smash64DS_Port'
battle_playable Pupupu ftmanager natural-combat harness passed: wait=1419/1316 walk=8/8 dash=7/16 run=8/9 attack=11 hitbox=4 dmg=0->0 status=40 knock=6954502 guard=2/10/6 retries=0 updates=2529 mask=0x6ffff projectile=actor0/kind0 b=1 status=8 accessory=8 flag0=0 spawn=1 ok=1 destroy=0/0/1 weaponFrames=0 max=1 kindMask=0x1 attackMask=0x4 dmg=7 life=140 map=0x0 reflector=0xff fox1 proj0 shine=35/14/35 reflect=49 lr=-1 clear=1802 proc=1 vx=49809->-49809 owner=1 attrs=ref1/abs1/shield1/count1/dmg7/size100000 delta=0/0 special=350000/50 bplay=stock8->6 falls0->2 dead=23 rebirth=37/20/138 recover=33/8 pace=fast logic3200 draw0 mem=head237948 reloc681632 stage202816 fighter175440 if208672 stale0/0 evict0/0 moveset=0x7ff phase=15 tilt=20/13/13 smash=17 aerial=17 landing=98 grab=18/1 throw=12/5/618 throwDmg=13->25 specials=0xfff phase=7 mhi=1/22/8/71/328 y=1542000 mlw=1/0/48 dust=1 wait=601 foxhi=1/3/17/8/5/0/61 y=1542000 audio=seq47 bank1=1/42/117@32000 bank2=1/1/322@44100 fgm=100/464/695 raw=4422960 resident=0 scratch=16 bgm=track0 play=1 stop=1 refills=35 read=1212416 rate=44099 loop=0 hwloop=0 resident=65536 hud=dmg25/digits0x2050a stock9->7 hwflush=1/1 hwsubmit=42 hwtri=192 hwdepth=z0/proj192/decal0 hwtex=bind32/upload27/ready187/reject0/fmt4/max64x64 hwftr=2/626 oracle=2388/0/0
Boundary verification profile passed.
