GBI decode fixtures passed: F3DEX2 VTX/TRI/MTX/POPMTX packing, F3DEX MVP-recalc matrix move-word packing, transformed and hardware raw/material triangle readiness, N64 matrix to DS 20.12 modelview-projection/modelview-stack vertex transform, and source snippets verified.
Harness registry check passed: 161 harness mappings, 166 verifier scripts, 0 drift.
Running verifier: runtime [verify-runtime.ps1]
Runtime verification passed (401 frames, fps=60/up=0/dl=60, cv=0/ch=32, verifyfps=2.93).
Running verifier: title [verify-title-harness.ps1]
Skipping make because SMASH64DS_VERIFY_NO_BUILD=1.
Title harness passed: scene=1/46 room=0 title=0x54494457
Running verifier: battle_playable_realtime [verify-battle-playable-realtime-harness.ps1]
[33;1mWARNING: battle_playable Pupupu realtime HW textured perf below 60fps target: fps=25/25 x0.1; renderer-cache follow-up still required.[0m
battle_playable Pupupu realtime pacing smoke passed: frames=101 fps=25/25 ticks=1339973312 gxram=728/2206 gxstat=0x6000000/ctrl=0x19 ftrContract=3246/3232/geom0x222005/light203/203/bounds203/0 oracle=1395/0/0 mtx=load1/scale0/p4096,4096,4096,0/mv4096,4096,4096,0,0,0 vraw=32767..-32768/32767..-32768/32767..-32768 vhw=-3788..7960/-7827..9017/9..3685 clip=0 texProof=69742/207448/753 sample=204/753/753 alias=42 st=-480..6159/-63..2064 texUse=0/163/0/0/64/impl64/first0x2/flags0x1/w0xfcffffff/w1xfffe7d3e/geom0x604 texFmt=conv0x100/bind0x100/pal0x100/rej0x0/why0x0 texLane=layout0x2/byte251/half251/bFmt0x100/hFmt0x400/bMap0x10203/hMap0x2030001 stageCarry=4284/4284/tex3264/tile3468/short612/612/seg306 combine=7110/4462/lit63512/mat32367/proj71264 light=4/0/1524 profile=present12756160/draw0/stage3515392/mat6720/dl5546880/tex315840/conv0/upload0 texUploads=0/0 binds=38 vtx=1434 tri=478 cpu=setup1/proc102/target102/stick73/obj0x4
Captured live melonDS window: D:\Stuff\DevFolder\Smash64DS_Port\artifacts\visibility\2026-07-09_iter4_canonical_early_120708_next.png (488x675)
Captured live melonDS window: D:\Stuff\DevFolder\Smash64DS_Port\artifacts\visibility\2026-07-09_iter4_canonical_early_120708.png (488x675)
Top screen visible: 35270/49152 different pixels (71.757%).
Top screen green content: 17494/49152 dominant-green pixels (35.592%).
Top screen detail content: 17666/49152 non-white/non-green pixels (35.942%).
Top-screen required region detail: 2191/5616 pixels (39.014%).
Top-screen fighter-region color: 786/5616 pixels (13.996%).
Top screen delta: 1757/49152 changed pixels (3.575%).
Region left_bush: non-clear=432/3000 (14.400%) green=68/3000 (2.267%) detail=359/3000 (11.967%) fighter=211/3000 (7.033%) changed=0/3000 (0.000%)
Region right_bush: non-clear=3250/3250 (100.000%) green=919/3250 (28.277%) detail=2329/3250 (71.662%) fighter=1625/3250 (50.000%) changed=4/3250 (0.123%)
Region fighter_center: non-clear=2977/4225 (70.462%) green=1320/4225 (31.243%) detail=1647/4225 (38.982%) fighter=761/4225 (18.012%) changed=211/4225 (4.994%)
Region stage_body: non-clear=5059/7650 (66.131%) green=2912/7650 (38.065%) detail=2143/7650 (28.013%) fighter=1813/7650 (23.699%) changed=44/7650 (0.575%)
Captured live melonDS window: D:\Stuff\DevFolder\Smash64DS_Port\artifacts\visibility\2026-07-09_iter4_canonical_late_120708_next.png (488x675)
Captured live melonDS window: D:\Stuff\DevFolder\Smash64DS_Port\artifacts\visibility\2026-07-09_iter4_canonical_late_120708.png (488x675)
Top screen visible: 35270/49152 different pixels (71.757%).
Top screen green content: 17494/49152 dominant-green pixels (35.592%).
Top screen detail content: 17666/49152 non-white/non-green pixels (35.942%).
Top screen delta: 1422/49152 changed pixels (2.893%).
Region left_bush: non-clear=432/3000 (14.400%) green=68/3000 (2.267%) detail=359/3000 (11.967%) fighter=211/3000 (7.033%) changed=0/3000 (0.000%)
Region right_bush: non-clear=3250/3250 (100.000%) green=919/3250 (28.277%) detail=2329/3250 (71.662%) fighter=1625/3250 (50.000%) changed=4/3250 (0.123%)
Region fighter_center: non-clear=2977/4225 (70.462%) green=1320/4225 (31.243%) detail=1647/4225 (38.982%) fighter=761/4225 (18.012%) changed=173/4225 (4.095%)
Region stage_body: non-clear=5059/7650 (66.131%) green=2912/7650 (38.065%) detail=2143/7650 (28.013%) fighter=1813/7650 (23.699%) changed=44/7650 (0.575%)
Running verifier: battle_playable_match_lifecycle [verify-battle-playable-match-lifecycle-harness.ps1]
battle_playable Pupupu five-minute lifecycle passed: adapter=1 taskman=1 ticks=18000 sudden=0 scene=22->24 results=132/files8/fighters2/sobjs12
battle_playable Pupupu original CPU proof passed: setup=1 process=36394 target=36394 objective=0x714 behavior=0x1d inputs=150 stick=14844 buttons=117/93/14223 attack=2908/303 guard=6366 recover=8486 status=833 damage=124 x=-1397000/-2239999..2247100/746662
Running verifier: battle_mariofox_stage_mpcliffstatus_floor_loop [verify-battle-mariofox-stage-mpcliffstatus-floor-loop-harness.ps1]
Skipping make because SMASH64DS_VERIFY_NO_BUILD=1.
Battle Mario/Fox Stage MP cliff-status-floor-loop ftmanager natural-motion harness passed: wait=2/2 anim=1/1 walk=0/0 updates=2 mask=0x24f hwflush=1/1 hwsubmit=42 hwtri=192 hwdepth=z0/proj192/decal0 hwtex=bind32/upload27/ready187/reject0/fmt4/max64x64 carry=42/42/tex32/tile34/short6/6/seg3 hwftr=2/626
Running verifier: battle_mariofox_stage_mpupdate_floor_loop [verify-battle-mariofox-stage-mpupdate-floor-loop-harness.ps1]
Skipping make because SMASH64DS_VERIFY_NO_BUILD=1.
Battle Mario/Fox stage mpProcessUpdateMain floor-loop ftmanager natural-motion harness passed: wait=2/2 anim=1/1 walk=0/0 updates=2 mask=0x24f hwflush=1/1 hwsubmit=42 hwtri=192 hwdepth=z0/proj192/decal0 hwtex=bind32/upload27/ready187/reject0/fmt4/max64x64 carry=42/42/tex32/tile34/short6/6/seg3 hwftr=2/626
Running verifier: menu_chain_mariofox_stage_mpupdate_floor_loop [verify-menu-chain-mariofox-stage-mpupdate-floor-loop-harness.ps1]
Skipping make because SMASH64DS_VERIFY_NO_BUILD=1.
Menu-chain Mario/Fox stage mpProcessUpdateMain floor-loop ftmanager natural-motion harness passed: wait=2/2 anim=1/1 walk=0/0 updates=2 mask=0x24f hwflush=1/1 hwsubmit=42 hwtri=192 hwdepth=z0/proj192/decal0 hwtex=bind32/upload27/ready187/reject0/fmt4/max64x64 carry=42/42/tex32/tile34/short6/6/seg3 hwftr=2/626
RegressionCore verification profile passed.
