make: Entering directory '/d/Stuff/DevFolder/Smash64DS_Port'
battleship_ftcommon_walldamage.c
battleship_ftcommon_twister.c
battleship_ftcommon_damage.c
battleship_ftcommon_furasleep.c
battleship_ftcommon_passive.c
battleship_ftcommon_damagefall.c
battleship_ftcommon_downattack.c
battleship_ftcommon_downforwardback.c
battleship_ftcommon_downwaitbounce.c
battleship_ftcommon_passivestand.c
battleship_ftcommon_normal_moveset.c
battleship_ftcommon_downstand.c
battleship_ftchar_data_slots.c
battleship_ftdata.c
reloc_backend_ftdata_stubs.c
battleship_scsubsysdata_ft.c
reloc_backend_ftdata_symbols.c
battleship_ftanim.c
battleship_ftanimend.c
battleship_ftmanager.c
battleship_ftkey.c
battleship_ftstatus_map_physics_shims.c
battleship_ftstatus_callback_aliases.c
battleship_ftcomputer.c
battleship_ftstatus_inactive_stubs.c
battleship_gmcamera.c
battleship_ftcommon_rebirth.c
battleship_ftcommon_dead.c
battleship_lbtransition.c
battleship_mnvsresults.c
battle_playable_compat_stubs.c
battleship_scsubsysfighter.c
battleship_scsubsysdata.c
battleship_ifscreenflash.c
battleship_ifcommon.c
battleship_wpmanager_core.c
battleship_mario_fireball.c
battleship_special_common.c
battleship_fox_blaster.c
battleship_fox_reflector.c
battleship_mario_special_hi.c
battleship_ftcommon_fallspecial.c
battleship_efmanager.c
battleship_fox_special_hi.c
battleship_mario_special_lw.c
coroutine_arm.s
battleship_ftmain.c
linking smash64ds-battle-playable-canonical-hwtri.elf
Nintendo DS rom tool 2.3.1 - Jan  8 2024
by Rafael Vuijk, Dave Murphy, Alexei Karpenko
built ... smash64ds-battle-playable-canonical-hwtri.nds
make: Leaving directory '/d/Stuff/DevFolder/Smash64DS_Port'
[33;1mWARNING: battle_playable Pupupu realtime HW textured perf below 60fps target: fps=25/25 x0.1; renderer-cache follow-up still required.[0m
battle_playable Pupupu realtime pacing smoke passed: frames=103 fps=25/25 ticks=1366302272 gxram=728/2206 gxstat=0x6000000/ctrl=0x19 ftrContract=3296/3296/geom0x222005/light206/206/bounds206/0 oracle=486/0/0 mtx=load1/scale0/p4096,4096,4096,0/mv4096,4096,4096,0,0,0 vraw=32767..-32768/32767..-32768/32767..-32768 vhw=-3789..7963/-5995..9019/9..3685 clip=0 texProof=60318/118068/477 sample=156/477/477 alias=6 st=-227..4112/-4..2064 texUse=0/3/0/0/0/impl0/first0x2/flags0x1/w0xfcffffff/w1xfffe7d3e/geom0x604 texFmt=conv0x100/bind0x100/pal0x100/rej0x0/why0x0 texLane=layout0x2/byte159/half159/bFmt0x100/hFmt0x400/bMap0x10203/hMap0x2030001 stageCarry=4360/4360/tex3322/tile3530/short623/623/seg312 combine=7229/4536/lit64478/mat32857/proj72382 light=0/0/0 profile=present12752832/draw0/stage2937280/mat3136/dl2080064/tex184704/conv0/upload0 texUploads=0/0 binds=30 vtx=486 tri=162 cpu=setup1/proc104/target104/stick75/obj0x4
Captured live melonDS window: D:\Stuff\DevFolder\Smash64DS_Port\artifacts\visibility\2026-07-09_iter4_canonical_early_111531_next.png (488x675)
Captured live melonDS window: D:\Stuff\DevFolder\Smash64DS_Port\artifacts\visibility\2026-07-09_iter4_canonical_early_111531.png (488x675)
Top screen visible: 35257/49152 different pixels (71.731%).
Top screen green content: 17529/49152 dominant-green pixels (35.663%).
Top screen detail content: 17590/49152 non-white/non-green pixels (35.787%).
Top-screen required region detail: 2194/5616 pixels (39.067%).
Top-screen fighter-region color: 782/5616 pixels (13.925%).
Top screen delta: 1852/49152 changed pixels (3.768%).
Region left_bush: non-clear=424/3000 (14.133%) green=68/3000 (2.267%) detail=352/3000 (11.733%) fighter=211/3000 (7.033%) changed=52/3000 (1.733%)
Region right_bush: non-clear=3250/3250 (100.000%) green=919/3250 (28.277%) detail=2327/3250 (71.600%) fighter=1611/3250 (49.569%) changed=109/3250 (3.354%)
Region fighter_center: non-clear=2991/4225 (70.793%) green=1320/4225 (31.243%) detail=1657/4225 (39.219%) fighter=764/4225 (18.083%) changed=216/4225 (5.112%)
Region stage_body: non-clear=5059/7650 (66.131%) green=2933/7650 (38.340%) detail=2120/7650 (27.712%) fighter=1786/7650 (23.346%) changed=117/7650 (1.529%)
Captured live melonDS window: D:\Stuff\DevFolder\Smash64DS_Port\artifacts\visibility\2026-07-09_iter4_canonical_late_111531_next.png (488x675)
Captured live melonDS window: D:\Stuff\DevFolder\Smash64DS_Port\artifacts\visibility\2026-07-09_iter4_canonical_late_111531.png (488x675)
Top screen visible: 35277/49152 different pixels (71.771%).
Top screen green content: 17332/49152 dominant-green pixels (35.262%).
Top screen detail content: 17848/49152 non-white/non-green pixels (36.312%).
Top screen delta: 1271/49152 changed pixels (2.586%).
Region left_bush: non-clear=424/3000 (14.133%) green=68/3000 (2.267%) detail=352/3000 (11.733%) fighter=211/3000 (7.033%) changed=0/3000 (0.000%)
Region right_bush: non-clear=3250/3250 (100.000%) green=919/3250 (28.277%) detail=2329/3250 (71.662%) fighter=1613/3250 (49.631%) changed=13/3250 (0.400%)
Region fighter_center: non-clear=3007/4225 (71.172%) green=1320/4225 (31.243%) detail=1680/4225 (39.763%) fighter=776/4225 (18.367%) changed=188/4225 (4.450%)
Region stage_body: non-clear=5059/7650 (66.131%) green=2933/7650 (38.340%) detail=2122/7650 (27.739%) fighter=1786/7650 (23.346%) changed=11/7650 (0.144%)
