make: Entering directory '/d/Stuff/DevFolder/Smash64DS_Port'
nds_reloc_assets.c
nds_platform.c
main.c
nds_audio_bgm.c
nds_audio_assets.c
n64_stubs.c
port_probe.c
coroutine.c
nds_renderer.c
os_selftest.c
boot_stubs.c
libultra_os.c
scheduler_backend.c
battleship_sys_main.c
battleship_sys_scheduler.c
controller_backend.c
battleship_sys_maindevice.c
battleship_sys_controller.c
battleship_sys_video.c
battleship_sys_malloc.c
battleship_sys_matrix.c
battleship_sys_sintable.c
battleship_scmanager.c
battleship_libultra_gu_normalize.c
battleship_libultra_gu_mtxcatf.c
battleship_sys_framebuffer.c
video_bootstrap.c
battleship_sys_zbuffer.c
scene_harness.c
scene_backend.c
battleship_mnstartup.c
utils.c
battleship_sys_taskman.c
battleship_scsubsyscontroller.c
battleship_sys_objman.c
vector.c
battleship_sys_objhelper.c
battleship_sys_objanim.c
battleship_ftdisplaylights.c
battleship_ftdisplaymain.c
battleship_sys_interp.c
battleship_mvopeningportraits.c
battleship_mvopeningroom.c
battleship_mvopeningmario.c
battleship_mvopeningdonkey.c
battleship_mvopeninglink.c
battleship_mvopeningyoshi.c
battleship_mvopeningsamus.c
battleship_mntitle.c
battleship_mvopeningkirby.c
battleship_mntitlefiles.c
battleship_mvopeningpikachu.c
battleship_mnvsmode.c
battleship_mvopeningfox.c
battleship_mnplayersvs.c
battleship_mnmaps.c
battleship_gmcollision.c
battleship_scvsbattle.c
battleship_ftcommon_wait.c
battleship_grpupupu_ground.c
battleship_gmcommon.c
battleship_ftcommon_walk.c
battleship_ftcommon_turn.c
battleship_grinishie_scale.c
battleship_ftcommon_attack100.c
battleship_ftcommon_turnrun.c
battleship_ftcommon_dash.c
battleship_ftcommon_attack1.c
battleship_ftcommon_appeal.c
battleship_ftcommon_attackair.c
battleship_mariofox_mainmotion.c
battleship_ftcommon_attackdash.c
battleship_ftcommon_catch.c
battleship_ftcommon_guard.c
battleship_ftcommon_escape.c
battleship_ftcommon_run.c
battleship_ftcommon_runbrake.c
battleship_ftcommon_pass.c
battleship_ftcommon_jump.c
battleship_ftcommon_kneebend.c
battleship_ftcommon_ottotto.c
battleship_ftcommon_fall.c
battleship_ftcommon_landing.c
battleship_ftcommon_stopceil.c
battleship_ftcommon_cliffcatchwait.c
battleship_ftcommon_cliffclimb.c
battleship_ftcommon_cliffescape.c
battleship_ftcommon_walldamage.c
battleship_ftcommon_cliffattack.c
battleship_ftcommon_rebound.c
battleship_ftcommon_twister.c
battleship_ftcommon_furasleep.c
battleship_ftcommon_normal_moveset.c
battleship_ftcommon_downattack.c
battleship_ftcommon_downstand.c
battleship_ftcommon_downwaitbounce.c
battleship_ftcommon_passivestand.c
