battleship_ftcommon_attack100.c
battleship_ftcommon_attackdash.c
battleship_mariofox_mainmotion.c
battleship_ftcommon_attackair.c
battleship_ftcommon_guard.c
battleship_ftcommon_appeal.c
battleship_ftcommon_catch.c
battleship_ftcommon_run.c
battleship_ftcommon_escape.c
battleship_ftcommon_jump.c
battleship_ftcommon_kneebend.c
battleship_ftcommon_runbrake.c
battleship_ftcommon_fall.c
battleship_ftcommon_pass.c
battleship_ftcommon_landing.c
battleship_ftcommon_ottotto.c
battleship_ftcommon_stopceil.c
battleship_ftcommon_cliffcatchwait.c
battleship_ftcommon_cliffclimb.c
battleship_ftcommon_cliffattack.c
battleship_ftcommon_cliffescape.c
battleship_ftcommon_walldamage.c
battleship_ftcommon_rebound.c
battleship_ftcommon_furasleep.c
battleship_ftcommon_downwaitbounce.c
battleship_ftcommon_twister.c
battleship_ftcommon_damagefall.c
battleship_ftcommon_passivestand.c
battleship_ftcommon_damage.c
battleship_ftcommon_passive.c
battleship_ftcommon_downattack.c
battleship_ftcommon_downforwardback.c
battleship_ftcommon_downstand.c
battleship_ftcommon_normal_moveset.c
battleship_ftchar_data_slots.c
battleship_scsubsysdata_ft.c
battleship_ftdata.c
reloc_backend_ftdata_stubs.c
reloc_backend_ftdata_symbols.c
battleship_ftanim.c
battleship_ftanimend.c
battleship_ftmanager.c
battleship_ftkey.c
battleship_ftstatus_callback_aliases.c
battleship_ftstatus_map_physics_shims.c
battleship_gmcamera.c
battleship_ftstatus_inactive_stubs.c
battleship_ftcomputer.c
battleship_ftcommon_dead.c
battleship_ftcommon_rebirth.c
battleship_grwallpaper.c
battle_playable_compat_stubs.c
battleship_lbtransition.c
battleship_mnvsresults.c
battleship_scsubsysfighter.c
battleship_scsubsysdata.c
battleship_ifscreenflash.c
battleship_ifcommon.c
battleship_wpmanager_core.c
battleship_special_common.c
battleship_fox_blaster.c
battleship_mario_fireball.c
battleship_efmanager.c
battleship_mario_special_hi.c
battleship_ftcommon_fallspecial.c
battleship_fox_reflector.c
battleship_mario_special_lw.c
battleship_fox_special_hi.c
battleship_ftmain.c
coroutine_arm.s
linking smash64ds-battle-playable-coarse-triangle-noop-hwtri.elf
Nintendo DS rom tool 2.3.1 - Jan  8 2024
by Rafael Vuijk, Dave Murphy, Alexei Karpenko
built ... smash64ds-battle-playable-coarse-triangle-noop-hwtri.nds
