make: Entering directory '/d/Stuff/DevFolder/Smash64DS_Port'
nds_reloc_assets.c
nds_platform.c
main.c
nds_renderer.c
port_probe.c
nds_audio_assets.c
nds_audio_bgm.c
os_selftest.c
libultra_os.c
n64_stubs.c
coroutine.c
controller_backend.c
battleship_sys_scheduler.c
scheduler_backend.c
boot_stubs.c
battleship_sys_main.c
battleship_sys_maindevice.c
battleship_sys_controller.c
battleship_sys_video.c
battleship_sys_sintable.c
battleship_sys_framebuffer.c
battleship_sys_malloc.c
battleship_sys_zbuffer.c
video_bootstrap.c
battleship_sys_matrix.c
battleship_libultra_gu_mtxcatf.c
battleship_libultra_gu_normalize.c
scene_backend.c
battleship_scmanager.c
battleship_mnstartup.c
scene_harness.c
utils.c
battleship_sys_objman.c
battleship_sys_taskman.c
battleship_scsubsyscontroller.c
vector.c
battleship_sys_objhelper.c
battleship_ftdisplaylights.c
battleship_ftdisplaymain.c
battleship_sys_interp.c
battleship_mvopeningroom.c
battleship_sys_objanim.c
battleship_mvopeningportraits.c
battleship_mvopeninglink.c
battleship_mvopeningsamus.c
battleship_mvopeningdonkey.c
battleship_mvopeningmario.c
battleship_mvopeningyoshi.c
battleship_mvopeningkirby.c
battleship_mvopeningfox.c
battleship_mvopeningpikachu.c
battleship_mntitlefiles.c
battleship_mntitle.c
battleship_mnvsmode.c
battleship_mnmaps.c
battleship_gmcollision.c
battleship_mnplayersvs.c
battleship_scvsbattle.c
battleship_gmcommon.c
battleship_grinishie_scale.c
battleship_grpupupu_ground.c
battleship_ftcommon_wait.c
battleship_ftcommon_turn.c
battleship_ftcommon_turnrun.c
battleship_ftcommon_walk.c
battleship_ftcommon_dash.c
battleship_ftcommon_attackdash.c
battleship_ftcommon_attack1.c
battleship_ftcommon_attackair.c
battleship_ftcommon_attack100.c
battleship_mariofox_mainmotion.c
battleship_ftcommon_appeal.c
battleship_ftcommon_guard.c
battleship_ftcommon_catch.c
battleship_ftcommon_escape.c
battleship_ftcommon_run.c
battleship_ftcommon_kneebend.c
battleship_ftcommon_runbrake.c
battleship_ftcommon_jump.c
battleship_ftcommon_ottotto.c
battleship_ftcommon_pass.c
battleship_ftcommon_fall.c
battleship_ftcommon_landing.c
battleship_ftcommon_cliffcatchwait.c
battleship_ftcommon_cliffclimb.c
battleship_ftcommon_stopceil.c
battleship_ftcommon_cliffescape.c
battleship_ftcommon_cliffattack.c
battleship_ftcommon_rebound.c
battleship_ftcommon_walldamage.c
battleship_ftcommon_twister.c
battleship_ftcommon_damagefall.c
battleship_ftcommon_damage.c
battleship_ftcommon_furasleep.c
battleship_ftcommon_passive.c
battleship_ftcommon_downforwardback.c
battleship_ftcommon_downwaitbounce.c
battleship_ftcommon_downattack.c
battleship_ftcommon_passivestand.c
battleship_ftcommon_normal_moveset.c
battleship_ftdata.c
battleship_ftcommon_downstand.c
battleship_ftchar_data_slots.c
battleship_scsubsysdata_ft.c
reloc_backend_ftdata_stubs.c
reloc_backend_ftdata_symbols.c
battleship_ftanim.c
battleship_ftanimend.c
battleship_ftkey.c
battleship_ftmanager.c
battleship_ftstatus_callback_aliases.c
battleship_ftstatus_map_physics_shims.c
battleship_ftstatus_inactive_stubs.c
battleship_gmcamera.c
battleship_ftcomputer.c
battleship_special_common.c
battleship_ftcommon_rebirth.c
battleship_wpmanager_core.c
battleship_ifscreenflash.c
battleship_ftcommon_dead.c
battle_playable_compat_stubs.c
battleship_ifcommon.c
battleship_mario_fireball.c
battleship_efmanager.c
battleship_fox_blaster.c
battleship_fox_reflector.c
battleship_ftcommon_fallspecial.c
battleship_mario_special_hi.c
battleship_mario_special_lw.c
battleship_fox_special_hi.c
battleship_ftmain.c
coroutine_arm.s
linking smash64ds-battle-playable-canonical-hwtri.elf
make: Leaving directory '/d/Stuff/DevFolder/Smash64DS_Port'
Captured live melonDS window: D:\Stuff\DevFolder\Smash64DS_Port\artifacts\visibility\2026-07-09_iter4_canonical_early_104108_next.png (488x675)
Captured live melonDS window: D:\Stuff\DevFolder\Smash64DS_Port\artifacts\visibility\2026-07-09_iter4_canonical_early_104108.png (488x675)
Top screen visible: 35366/49152 different pixels (71.952%).
Top screen green content: 15708/49152 dominant-green pixels (31.958%).
Top screen detail content: 19544/49152 non-white/non-green pixels (39.762%).
Top-screen required region detail: 2581/5616 pixels (45.958%).
Top-screen fighter-region color: 947/5616 pixels (16.863%).
Top screen delta: 312/49152 changed pixels (0.635%).
Region left_bush: non-clear=466/3000 (15.533%) green=69/3000 (2.300%) detail=392/3000 (13.067%) fighter=171/3000 (5.700%) changed=0/3000 (0.000%)
Region right_bush: non-clear=3250/3250 (100.000%) green=709/3250 (21.815%) detail=2539/3250 (78.123%) fighter=1779/3250 (54.738%) changed=17/3250 (0.523%)
Region fighter_center: non-clear=2919/4225 (69.089%) green=1139/4225 (26.959%) detail=1780/4225 (42.130%) fighter=829/4225 (19.621%) changed=86/4225 (2.036%)
Region stage_body: non-clear=5072/7650 (66.301%) green=2909/7650 (38.026%) detail=2159/7650 (28.222%) fighter=1850/7650 (24.183%) changed=0/7650 (0.000%)
Captured live melonDS window: D:\Stuff\DevFolder\Smash64DS_Port\artifacts\visibility\2026-07-09_iter4_canonical_late_104108_next.png (488x675)
Captured live melonDS window: D:\Stuff\DevFolder\Smash64DS_Port\artifacts\visibility\2026-07-09_iter4_canonical_late_104108.png (488x675)
Top screen visible: 35366/49152 different pixels (71.952%).
Top screen green content: 15708/49152 dominant-green pixels (31.958%).
Top screen detail content: 19544/49152 non-white/non-green pixels (39.762%).
Top screen delta: 312/49152 changed pixels (0.635%).
Region left_bush: non-clear=466/3000 (15.533%) green=69/3000 (2.300%) detail=392/3000 (13.067%) fighter=171/3000 (5.700%) changed=0/3000 (0.000%)
Region right_bush: non-clear=3250/3250 (100.000%) green=709/3250 (21.815%) detail=2539/3250 (78.123%) fighter=1779/3250 (54.738%) changed=17/3250 (0.523%)
Region fighter_center: non-clear=2919/4225 (69.089%) green=1139/4225 (26.959%) detail=1780/4225 (42.130%) fighter=829/4225 (19.621%) changed=86/4225 (2.036%)
Region stage_body: non-clear=5072/7650 (66.301%) green=2909/7650 (38.026%) detail=2159/7650 (28.222%) fighter=1850/7650 (24.183%) changed=0/7650 (0.000%)
